<?xml version="1.0" encoding="utf-8"?>
<TestRun id="61b55b84-7970-4a3b-a899-d22d461c0a9d" name="@2565563ec583 2026-09-12 09:15:02" xmlns="http://microsoft.com/schemas/VisualStudio/TeamTest/2010">
  <Times creation="2026-09-12T09:15:02.0826370+00:00" queuing="2026-09-12T09:15:02.0826371+00:00" start="2026-09-12T09:15:01.5893634+00:00" finish="2026-09-12T09:15:02.1240204+00:00" />
  <TestSettings name="default" id="70708fba-8474-4683-9275-ce6756e32376">
    <Deployment runDeploymentRoot="_2565563ec583_2026-09-12_09_15_02" />
  </TestSettings>
  <Results>
    <UnitTestResult executionId="fce67439-0061-4bae-8e06-f699f5054cdc" testId="b553f076-e50f-4ec1-0a19-bdbbb07a1689" testName="SchoolManagementApplciation.Tests.ExternMethodsTests.IsNumber_UShort_ReturnsUShortType" computerName="2565563ec583" duration="00:00:00.0000896" startTime="2026-09-12T09:15:02.0661105+00:00" endTime="2026-09-12T09:15:02.0661105+00:00" testType="13cdc9d9-ddb5-4fa4-a97d-d965ccfc6d4b" outcome="Passed" testListId="8c84fa94-04c1-424b-9868-57a2d4851a1d" relativeResultsDirectory="fce67439-0061-4bae-8e06-f699f5054cdc" />
    <UnitTestResult executionId="51faf710-de8a-4d22-8ff3-71212544ec80" testId="c7d2993c-54ba-d538-a6ff-62d273358ba2" testName="SchoolManagementApplciation.Tests.SqlControlTests.AddPrams_NegativeIntValue_StoredCorrectly" computerName="2565563ec583" duration="00:00:00.0001461" startTime="2026-09-12T09:15:02.0685459+00:00" endTime="2026-09-12T09:15:02.0685459+00:00" testType="13cdc9d9-ddb5-4fa4-a97d-d965ccfc6d4b" outcome="Passed" testListId="8c84fa94-04c1-424b-9868-57a2d4851a1d" relativeResultsDirectory="51faf710-de8a-4d22-8ff3-71212544ec80" />
    <UnitTestResult executionId="438c263a-5a02-462d-9357-dc8c5bb90b6d" testId="f36d2457-9b91-6364-2fc3-e54d501a254f" testName="SchoolManagementApplciation.Tests.ExternMethodsTests.ToShortMonthName_AllTwelveMonths_AreDistinct" computerName="2565563ec583" duration="00:00:00.0001823" startTime="2026-09-12T09:15:02.0666493+00:00" endTime="2026-09-12T09:15:02.0666493+00:00" testType="13cdc9d9-ddb5-4fa4-a97d-d965ccfc6d4b" outcome="Passed" testListId="8c84fa94-04c1-424b-9868-57a2d4851a1d" relativeResultsDirectory="438c263a-5a02-462d-9357-dc8c5bb90b6d" />
    <UnitTestResult executionId="5b49e047-1ee7-4464-8f31-993a2178d09a" testId="5096b6a8-afca-d735-3464-dffd45502bc3" testName="SchoolManagementApplciation.Tests.ExternMethodsTests.ToShortMonthName_AllMonths_ReturnsNonEmptyString(month: 9)" computerName="2565563ec583" duration="00:00:00.0000009" startTime="2026-09-12T09:15:02.0631460+00:00" endTime="2026-09-12T09:15:02.0631460+00:00" testType="13cdc9d9-ddb5-4fa4-a97d-d965ccfc6d4b" outcome="Passed" testListId="8c84fa94-04c1-424b-9868-57a2d4851a1d" relativeResultsDirectory="5b49e047-1ee7-4464-8f31-993a2178d09a" />
    <UnitTestResult executionId="1b9a7ced-31a1-466f-b59b-a7c904b9d4fa" testId="77f805be-52ac-4299-33c7-daaa0732d707" testName="SchoolManagementApplciation.Tests.ExternMethodsTests.IsNumber_Long_ReturnsLongType" computerName="2565563ec583" duration="00:00:00.0000768" startTime="2026-09-12T09:15:02.0651905+00:00" endTime="2026-09-12T09:15:02.0651906+00:00" testType="13cdc9d9-ddb5-4fa4-a97d-d965ccfc6d4b" outcome="Passed" testListId="8c84fa94-04c1-424b-9868-57a2d4851a1d" relativeResultsDirectory="1b9a7ced-31a1-466f-b59b-a7c904b9d4fa" />
    <UnitTestResult executionId="5a98f0ca-a75e-4b46-8f42-df90cd4ad738" testId="98b46203-0279-865b-4710-c06e6acff9f5" testName="SchoolManagementApplciation.Tests.ExternMethodsTests.ToMonthName_January_MatchesCultureInfo" computerName="2565563ec583" duration="00:00:00.0004980" startTime="2026-09-12T09:15:02.0604072+00:00" endTime="2026-09-12T09:15:02.0604073+00:00" testType="13cdc9d9-ddb5-4fa4-a97d-d965ccfc6d4b" outcome="Passed" testListId="8c84fa94-04c1-424b-9868-57a2d4851a1d" relativeResultsDirectory="5a98f0ca-a75e-4b46-8f42-df90cd4ad738" />
    <UnitTestResult executionId="7dc8e787-9247-4cb2-b7ec-c56ba6fc98bb" testId="cfc9ebbf-a027-eeb2-61d3-db183a9056f3" testName="SchoolManagementApplciation.Tests.SqlControlTests.Constructor_CreatesInstance_NotNull" computerName="2565563ec583" duration="00:00:00.0000651" startTime="2026-09-12T09:15:02.0696859+00:00" endTime="2026-09-12T09:15:02.0696859+00:00" testType="13cdc9d9-ddb5-4fa4-a97d-d965ccfc6d4b" outcome="Passed" testListId="8c84fa94-04c1-424b-9868-57a2d4851a1d" relativeResultsDirectory="7dc8e787-9247-4cb2-b7ec-c56ba6fc98bb" />
    <UnitTestResult executionId="2b2ceaf8-6c08-4a23-ac54-77ade08d3b90" testId="e2add62b-772b-71ce-d2f2-bd473d3856ed" testName="SchoolManagementApplciation.Tests.ExternMethodsTests.ToMonthName_AllMonths_ReturnsNonEmptyString(month: 4)" computerName="2565563ec583" duration="00:00:00.0000009" startTime="2026-09-12T09:15:02.0601329+00:00" endTime="2026-09-12T09:15:02.0601329+00:00" testType="13cdc9d9-ddb5-4fa4-a97d-d965ccfc6d4b" outcome="Passed" testListId="8c84fa94-04c1-424b-9868-57a2d4851a1d" relativeResultsDirectory="2b2ceaf8-6c08-4a23-ac54-77ade08d3b90" />
    <UnitTestResult executionId="269cc524-df09-4b3c-8c63-edc645828712" testId="0d51958d-132d-9cee-d499-d627fa8ce579" testName="SchoolManagementApplciation.Tests.ExternMethodsTests.ToShortMonthName_December_MatchesCultureInfo" computerName="2565563ec583" duration="00:00:00.0001289" startTime="2026-09-12T09:15:02.0618673+00:00" endTime="2026-09-12T09:15:02.0618673+00:00" testType="13cdc9d9-ddb5-4fa4-a97d-d965ccfc6d4b" outcome="Passed" testListId="8c84fa94-04c1-424b-9868-57a2d4851a1d" relativeResultsDirectory="269cc524-df09-4b3c-8c63-edc645828712" />
    <UnitTestResult executionId="06cb8fa0-18c8-48bb-9c55-eb087496c089" testId="d77375c2-520d-970d-a34e-0288d587bdad" testName="SchoolManagementApplciation.Tests.ExternMethodsTests.IsNumber_DoubleNegativeInfinity_ReturnsDoubleType" computerName="2565563ec583" duration="00:00:00.0001357" startTime="2026-09-12T09:15:02.0660558+00:00" endTime="2026-09-12T09:15:02.0660559+00:00" testType="13cdc9d9-ddb5-4fa4-a97d-d965ccfc6d4b" outcome="Passed" testListId="8c84fa94-04c1-424b-9868-57a2d4851a1d" relativeResultsDirectory="06cb8fa0-18c8-48bb-9c55-eb087496c089" />
    <UnitTestResult executionId="5a71addc-fd12-4e48-8c96-40cb14dddd35" testId="4f0b7b44-f804-f19c-1c29-1d05fcac837e" testName="SchoolManagementApplciation.Tests.SqlControlTests.Constructor_InitializesDataSet_NotNull" computerName="2565563ec583" duration="00:00:00.0000635" startTime="2026-09-12T09:15:02.0689236+00:00" endTime="2026-09-12T09:15:02.0689236+00:00" testType="13cdc9d9-ddb5-4fa4-a97d-d965ccfc6d4b" outcome="Passed" testListId="8c84fa94-04c1-424b-9868-57a2d4851a1d" relativeResultsDirectory="5a71addc-fd12-4e48-8c96-40cb14dddd35" />
    <UnitTestResult executionId="28646ba8-6aa1-489b-8ada-d8a83cc37358" testId="ca48d5be-5518-9dea-1d90-54bbd40d274d" testName="SchoolManagementApplciation.Tests.SqlControlTests.ExecProc_WithMultipleParams_ParamsRemainAfterFailure" computerName="2565563ec583" duration="00:00:00.0001174" startTime="2026-09-12T09:15:02.0705729+00:00" endTime="2026-09-12T09:15:02.0705730+00:00" testType="13cdc9d9-ddb5-4fa4-a97d-d965ccfc6d4b" outcome="Passed" testListId="8c84fa94-04c1-424b-9868-57a2d4851a1d" relativeResultsDirectory="28646ba8-6aa1-489b-8ada-d8a83cc37358" />
    <UnitTestResult executionId="5c8fa30f-a8a1-4328-a9d4-a4ade2c9c036" testId="0fa34ee3-c2bc-3b8b-2807-78dd82708dcd" testName="SchoolManagementApplciation.Tests.SqlControlTests.AddPrams_DateTimeValue_StoredCorrectly" computerName="2565563ec583" duration="00:00:00.0001181" startTime="2026-09-12T09:15:02.0686801+00:00" endTime="2026-09-12T09:15:02.0686802+00:00" testType="13cdc9d9-ddb5-4fa4-a97d-d965ccfc6d4b" outcome="Passed" testListId="8c84fa94-04c1-424b-9868-57a2d4851a1d" relativeResultsDirectory="5c8fa30f-a8a1-4328-a9d4-a4ade2c9c036" />
    <UnitTestResult executionId="f4348d27-3f39-408d-ac93-452fe310477e" testId="cdbeac4e-792f-0d81-5579-3301c6b25757" testName="SchoolManagementApplciation.Tests.ExternMethodsTests.IsNumber_Decimal_ReturnsDecimalType" computerName="2565563ec583" duration="00:00:00.0000983" startTime="2026-09-12T09:15:02.0639201+00:00" endTime="2026-09-12T09:15:02.0639201+00:00" testType="13cdc9d9-ddb5-4fa4-a97d-d965ccfc6d4b" outcome="Passed" testListId="8c84fa94-04c1-424b-9868-57a2d4851a1d" relativeResultsDirectory="f4348d27-3f39-408d-ac93-452fe310477e" />
    <UnitTestResult executionId="8f7ee867-d99d-4670-92de-dd328466d6a5" testId="e2ef7fb6-638a-a54d-a6f6-7f3de5966773" testName="SchoolManagementApplciation.Tests.ExternMethodsTests.IsNumber_String_ReturnsNull" computerName="2565563ec583" duration="00:00:00.0000999" startTime="2026-09-12T09:15:02.0621687+00:00" endTime="2026-09-12T09:15:02.0621688+00:00" testType="13cdc9d9-ddb5-4fa4-a97d-d965ccfc6d4b" outcome="Passed" testListId="8c84fa94-04c1-424b-9868-57a2d4851a1d" relativeResultsDirectory="8f7ee867-d99d-4670-92de-dd328466d6a5" />
    <UnitTestResult executionId="af8bf308-985d-4420-89b3-24b8b314d155" testId="a016c851-6b69-f707-71f8-adf45ccc754a" testName="SchoolManagementApplciation.Tests.ExternMethodsTests.ToMonthName_AllMonths_ReturnsNonEmptyString(month: 8)" computerName="2565563ec583" duration="00:00:00.0002472" startTime="2026-09-12T09:15:02.0270529+00:00" endTime="2026-09-12T09:15:02.0270530+00:00" testType="13cdc9d9-ddb5-4fa4-a97d-d965ccfc6d4b" outcome="Passed" testListId="8c84fa94-04c1-424b-9868-57a2d4851a1d" relativeResultsDirectory="af8bf308-985d-4420-89b3-24b8b314d155" />
    <UnitTestResult executionId="7753359a-5bfc-429c-bca3-e844d5913add" testId="ca70c439-5e0e-0ef1-1dfb-9035d1949dd5" testName="SchoolManagementApplciation.Tests.ExternMethodsTests.ToMonthName_AllMonths_ReturnsNonEmptyString(month: 10)" computerName="2565563ec583" duration="00:00:00.0000011" startTime="2026-09-12T09:15:02.0600915+00:00" endTime="2026-09-12T09:15:02.0600916+00:00" testType="13cdc9d9-ddb5-4fa4-a97d-d965ccfc6d4b" outcome="Passed" testListId="8c84fa94-04c1-424b-9868-57a2d4851a1d" relativeResultsDirectory="7753359a-5bfc-429c-bca3-e844d5913add" />
    <UnitTestResult executionId="8d30c5b6-2757-4a1b-a78f-adc1e43b8daf" testId="b0a87c2b-5ca2-ad9c-48f6-28643935b775" testName="SchoolManagementApplciation.Tests.SqlControlTests.Constructor_InitializesExep_EmptyString" computerName="2565563ec583" duration="00:00:00.0000708" startTime="2026-09-12T09:15:02.0684729+00:00" endTime="2026-09-12T09:15:02.0684729+00:00" testType="13cdc9d9-ddb5-4fa4-a97d-d965ccfc6d4b" outcome="Passed" testListId="8c84fa94-04c1-424b-9868-57a2d4851a1d" relativeResultsDirectory="8d30c5b6-2757-4a1b-a78f-adc1e43b8daf" />
    <UnitTestResult executionId="9594a037-db15-4f7a-b9aa-c6cbe944cf8e" testId="36b493ff-5c98-b5ef-2f68-d232cf8dd666" testName="SchoolManagementApplciation.Tests.ExternMethodsTests.ToShortMonthName_AllMonths_ReturnsNonEmptyString(month: 4)" computerName="2565563ec583" duration="00:00:00.0000010" startTime="2026-09-12T09:15:02.0628092+00:00" endTime="2026-09-12T09:15:02.0628092+00:00" testType="13cdc9d9-ddb5-4fa4-a97d-d965ccfc6d4b" outcome="Passed" testListId="8c84fa94-04c1-424b-9868-57a2d4851a1d" relativeResultsDirectory="9594a037-db15-4f7a-b9aa-c6cbe944cf8e" />
    <UnitTestResult executionId="6a2ad03b-a2fa-435a-90c9-f2c4c4d7c293" testId="9eb8ac2f-a90f-815e-4454-04fef59ebc16" testName="SchoolManagementApplciation.Tests.ExternMethodsTests.ToShortMonthName_DifferentDaysInSameMonth_ReturnSameName" computerName="2565563ec583" duration="00:00:00.0001310" startTime="2026-09-12T09:15:02.0660013+00:00" endTime="2026-09-12T09:15:02.0660013+00:00" testType="13cdc9d9-ddb5-4fa4-a97d-d965ccfc6d4b" outcome="Passed" testListId="8c84fa94-04c1-424b-9868-57a2d4851a1d" relativeResultsDirectory="6a2ad03b-a2fa-435a-90c9-f2c4c4d7c293" />
    <UnitTestResult executionId="771a5c68-18bb-477e-a480-c34af291e18f" testId="2330f4c3-9ca2-54e7-b0e5-32dfcbaae802" testName="SchoolManagementApplciation.Tests.SqlControlTests.AddPrams_SingleParam_CorrectName" computerName="2565563ec583" duration="00:00:00.0001197" startTime="2026-09-12T09:15:02.0714941+00:00" endTime="2026-09-12T09:15:02.0714942+00:00" testType="13cdc9d9-ddb5-4fa4-a97d-d965ccfc6d4b" outcome="Passed" testListId="8c84fa94-04c1-424b-9868-57a2d4851a1d" relativeResultsDirectory="771a5c68-18bb-477e-a480-c34af291e18f" />
    <UnitTestResult executionId="3d5b0d8a-1bb2-44d2-bf26-cef208055205" testId="48ded6b1-0bd0-d670-4e8d-c48f49b96b13" testName="SchoolManagementApplciation.Tests.ExternMethodsTests.IsNumber_ULong_ReturnsULongType" computerName="2565563ec583" duration="00:00:00.0000848" startTime="2026-09-12T09:15:02.0659455+00:00" endTime="2026-09-12T09:15:02.0659455+00:00" testType="13cdc9d9-ddb5-4fa4-a97d-d965ccfc6d4b" outcome="Passed" testListId="8c84fa94-04c1-424b-9868-57a2d4851a1d" relativeResultsDirectory="3d5b0d8a-1bb2-44d2-bf26-cef208055205" />
    <UnitTestResult executionId="096edf6f-b319-40c1-9801-49b166c5d56e" testId="5f629f32-a943-bf0e-ea38-79e5377d50a8" testName="SchoolManagementApplciation.Tests.ExternMethodsTests.ToMonthName_ReturnsStringNotContainingDigits" computerName="2565563ec583" duration="00:00:00.0000957" startTime="2026-09-12T09:15:02.0620516+00:00" endTime="2026-09-12T09:15:02.0620516+00:00" testType="13cdc9d9-ddb5-4fa4-a97d-d965ccfc6d4b" outcome="Passed" testListId="8c84fa94-04c1-424b-9868-57a2d4851a1d" relativeResultsDirectory="096edf6f-b319-40c1-9801-49b166c5d56e" />
    <UnitTestResult executionId="f3e73397-cc28-46e8-a4ec-3965ef6fc896" testId="b9cd2e2b-c0f0-e080-062b-799af86a8465" testName="SchoolManagementApplciation.Tests.SqlControlTests.AddPrams_NullValue_StoredAsDBNull" computerName="2565563ec583" duration="00:00:00.0001024" startTime="2026-09-12T09:15:02.0680624+00:00" endTime="2026-09-12T09:15:02.0680624+00:00" testType="13cdc9d9-ddb5-4fa4-a97d-d965ccfc6d4b" outcome="Passed" testListId="8c84fa94-04c1-424b-9868-57a2d4851a1d" relativeResultsDirectory="f3e73397-cc28-46e8-a4ec-3965ef6fc896" />
    <UnitTestResult executionId="a316ecc3-1608-4129-ae66-58e155a5bb30" testId="66b284a2-707e-e7e2-d1bb-4633a2565987" testName="SchoolManagementApplciation.Tests.ExternMethodsTests.IsNumber_DoubleNaN_ReturnsDoubleType" computerName="2565563ec583" duration="00:00:00.0000811" startTime="2026-09-12T09:15:02.0665704+00:00" endTime="2026-09-12T09:15:02.0665704+00:00" testType="13cdc9d9-ddb5-4fa4-a97d-d965ccfc6d4b" outcome="Passed" testListId="8c84fa94-04c1-424b-9868-57a2d4851a1d" relativeResultsDirectory="a316ecc3-1608-4129-ae66-58e155a5bb30" />
    <UnitTestResult executionId="0cfe54a2-d4f9-4a0d-a95e-c490e69a653a" testId="7304b34e-4837-cc10-159a-eb1bff7f66b0" testName="SchoolManagementApplciation.Tests.ExternMethodsTests.ToShortMonthName_AllMonths_ReturnsNonEmptyString(month: 6)" computerName="2565563ec583" duration="00:00:00.0000011" startTime="2026-09-12T09:15:02.0630997+00:00" endTime="2026-09-12T09:15:02.0630997+00:00" testType="13cdc9d9-ddb5-4fa4-a97d-d965ccfc6d4b" outcome="Passed" testListId="8c84fa94-04c1-424b-9868-57a2d4851a1d" relativeResultsDirectory="0cfe54a2-d4f9-4a0d-a95e-c490e69a653a" />
    <UnitTestResult executionId="bd47e0d1-37ba-4797-b4f3-a0c4696acdd5" testId="b4f3fb62-75e5-f57c-cd15-15a962ba0fe9" testName="SchoolManagementApplciation.Tests.ExternMethodsTests.IsNumber_DateTime_ReturnsNull" computerName="2565563ec583" duration="00:00:00.0000735" startTime="2026-09-12T09:15:02.0641941+00:00" endTime="2026-09-12T09:15:02.0641941+00:00" testType="13cdc9d9-ddb5-4fa4-a97d-d965ccfc6d4b" outcome="Passed" testListId="8c84fa94-04c1-424b-9868-57a2d4851a1d" relativeResultsDirectory="bd47e0d1-37ba-4797-b4f3-a0c4696acdd5" />
    <UnitTestResult executionId="5b102191-99f7-412b-af8f-bf14927d967c" testId="91076533-c38d-7537-9021-351fe590e494" testName="SchoolManagementApplciation.Tests.SqlControlTests.AddPrams_LargeNumberOfParams_AllStored" computerName="2565563ec583" duration="00:00:00.0395192" startTime="2026-09-12T09:15:02.0670718+00:00" endTime="2026-09-12T09:15:02.0670718+00:00" testType="13cdc9d9-ddb5-4fa4-a97d-d965ccfc6d4b" outcome="Passed" testListId="8c84fa94-04c1-424b-9868-57a2d4851a1d" relativeResultsDirectory="5b102191-99f7-412b-af8f-bf14927d967c" />
    <UnitTestResult executionId="6b7fa26a-370a-45a7-9406-1bdcc0ab289b" testId="d36fb465-dc32-2433-5202-eb7c03631bb0" testName="SchoolManagementApplciation.Tests.SqlControlTests.ExecSql_WithNoParams_ParamsListRemainsEmpty" computerName="2565563ec583" duration="00:00:00.0000871" startTime="2026-09-12T09:15:02.0703071+00:00" endTime="2026-09-12T09:15:02.0703072+00:00" testType="13cdc9d9-ddb5-4fa4-a97d-d965ccfc6d4b" outcome="Passed" testListId="8c84fa94-04c1-424b-9868-57a2d4851a1d" relativeResultsDirectory="6b7fa26a-370a-45a7-9406-1bdcc0ab289b" />
    <UnitTestResult executionId="580e0235-260e-43ec-b569-eb96b57e8f27" testId="0a7cd1d3-a6ce-3394-f206-dc7c9d8780e3" testName="SchoolManagementApplciation.Tests.SqlControlTests.AddPrams_SingleParam_CorrectValue" computerName="2565563ec583" duration="00:00:00.0001096" startTime="2026-09-12T09:15:02.0707051+00:00" endTime="2026-09-12T09:15:02.0707052+00:00" testType="13cdc9d9-ddb5-4fa4-a97d-d965ccfc6d4b" outcome="Passed" testListId="8c84fa94-04c1-424b-9868-57a2d4851a1d" relativeResultsDirectory="580e0235-260e-43ec-b569-eb96b57e8f27" />
    <UnitTestResult executionId="aaec8f3b-5df8-4970-a2c6-9bf192f23a4b" testId="4e75e5cb-f7e8-e4b1-a3f1-d226f95d9b5f" testName="SchoolManagementApplciation.Tests.ExternMethodsTests.IsNumber_IntZero_ReturnsIntType" computerName="2565563ec583" duration="00:00:00.0000732" startTime="2026-09-12T09:15:02.0648647+00:00" endTime="2026-09-12T09:15:02.0648647+00:00" testType="13cdc9d9-ddb5-4fa4-a97d-d965ccfc6d4b" outcome="Passed" testListId="8c84fa94-04c1-424b-9868-57a2d4851a1d" relativeResultsDirectory="aaec8f3b-5df8-4970-a2c6-9bf192f23a4b" />
    <UnitTestResult executionId="712b7040-4d4e-40c6-bc3f-35b3d0118a08" testId="08bf9528-11fe-2340-41c0-54007078e857" testName="SchoolManagementApplciation.Tests.ExternMethodsTests.ToMonthName_AllMonths_ReturnsNonEmptyString(month: 11)" computerName="2565563ec583" duration="00:00:00.0000012" startTime="2026-09-12T09:15:02.0600298+00:00" endTime="2026-09-12T09:15:02.0600298+00:00" testType="13cdc9d9-ddb5-4fa4-a97d-d965ccfc6d4b" outcome="Passed" testListId="8c84fa94-04c1-424b-9868-57a2d4851a1d" relativeResultsDirectory="712b7040-4d4e-40c6-bc3f-35b3d0118a08" />
    <UnitTestResult executionId="9fe2fe85-d83a-4717-b29e-a9fd2d473748" testId="d444ac22-ef8d-6b12-baf9-926a68133c97" testName="SchoolManagementApplciation.Tests.SqlControlTests.ExecSql_ResetsExepBeforeExecution" computerName="2565563ec583" duration="00:00:00.0000857" startTime="2026-09-12T09:15:02.0698543+00:00" endTime="2026-09-12T09:15:02.0698544+00:00" testType="13cdc9d9-ddb5-4fa4-a97d-d965ccfc6d4b" outcome="Passed" testListId="8c84fa94-04c1-424b-9868-57a2d4851a1d" relativeResultsDirectory="9fe2fe85-d83a-4717-b29e-a9fd2d473748" />
    <UnitTestResult executionId="148333fd-31b7-415d-8c74-c197413a403f" testId="52c4e957-d213-71b9-a67f-364f2903979a" testName="SchoolManagementApplciation.Tests.SqlControlTests.Constructor_InitializesCount_Zero" computerName="2565563ec583" duration="00:00:00.0000761" startTime="2026-09-12T09:15:02.0713520+00:00" endTime="2026-09-12T09:15:02.0713521+00:00" testType="13cdc9d9-ddb5-4fa4-a97d-d965ccfc6d4b" outcome="Passed" testListId="8c84fa94-04c1-424b-9868-57a2d4851a1d" relativeResultsDirectory="148333fd-31b7-415d-8c74-c197413a403f" />
    <UnitTestResult executionId="9634cc34-3305-4fdf-987e-a2d3c3bb3040" testId="a85d88a7-ebb1-8150-3fac-f966c56d4226" testName="SchoolManagementApplciation.Tests.SqlControlTests.ExecProc_ExepContainsConnectionErrorInfo" computerName="2565563ec583" duration="00:00:00.0000944" startTime="2026-09-12T09:15:02.0707685+00:00" endTime="2026-09-12T09:15:02.0707686+00:00" testType="13cdc9d9-ddb5-4fa4-a97d-d965ccfc6d4b" outcome="Passed" testListId="8c84fa94-04c1-424b-9868-57a2d4851a1d" relativeResultsDirectory="9634cc34-3305-4fdf-987e-a2d3c3bb3040" />
    <UnitTestResult executionId="e3bac78d-7ffe-4bb4-b58e-90d8c1b151a2" testId="e5770045-7503-b8f9-1205-728468e842e8" testName="SchoolManagementApplciation.Tests.ExternMethodsTests.ToMonthName_AllMonths_ReturnsNonEmptyString(month: 2)" computerName="2565563ec583" duration="00:00:00.0000017" startTime="2026-09-12T09:15:02.0274274+00:00" endTime="2026-09-12T09:15:02.0274274+00:00" testType="13cdc9d9-ddb5-4fa4-a97d-d965ccfc6d4b" outcome="Passed" testListId="8c84fa94-04c1-424b-9868-57a2d4851a1d" relativeResultsDirectory="e3bac78d-7ffe-4bb4-b58e-90d8c1b151a2" />
    <UnitTestResult executionId="86cbbcbb-e544-4fb4-bb8f-b2b4556eea83" testId="d3e150f1-15fb-b674-72d7-4d7afc6cd071" testName="SchoolManagementApplciation.Tests.SqlControlTests.ExecSql_WithOneParam_ParamRemainsAfterFailure" computerName="2565563ec583" duration="00:00:00.0007680" startTime="2026-09-12T09:15:02.0678490+00:00" endTime="2026-09-12T09:15:02.0678490+00:00" testType="13cdc9d9-ddb5-4fa4-a97d-d965ccfc6d4b" outcome="Passed" testListId="8c84fa94-04c1-424b-9868-57a2d4851a1d" relativeResultsDirectory="86cbbcbb-e544-4fb4-bb8f-b2b4556eea83" />
    <UnitTestResult executionId="d99c4926-538c-4175-9c64-8a3b9ad709ee" testId="9bd25ee0-298a-6844-e685-c7ebd6d4ff6a" testName="SchoolManagementApplciation.Tests.ExternMethodsTests.ToShortMonthName_AllMonths_ReturnsNonEmptyString(month: 12)" computerName="2565563ec583" duration="00:00:00.0000012" startTime="2026-09-12T09:15:02.0630098+00:00" endTime="2026-09-12T09:15:02.0630098+00:00" testType="13cdc9d9-ddb5-4fa4-a97d-d965ccfc6d4b" outcome="Passed" testListId="8c84fa94-04c1-424b-9868-57a2d4851a1d" relativeResultsDirectory="d99c4926-538c-4175-9c64-8a3b9ad709ee" />
    <UnitTestResult executionId="d466ad64-6c15-45da-bd5d-e3bb094df4a0" testId="a4374937-dc98-037b-b7b4-08d10cc1ad96" testName="SchoolManagementApplciation.Tests.ExternMethodsTests.IsNumber_IntMinValue_ReturnsIntType" computerName="2565563ec583" duration="00:00:00.0001437" startTime="2026-09-12T09:15:02.0647062+00:00" endTime="2026-09-12T09:15:02.0647063+00:00" testType="13cdc9d9-ddb5-4fa4-a97d-d965ccfc6d4b" outcome="Passed" testListId="8c84fa94-04c1-424b-9868-57a2d4851a1d" relativeResultsDirectory="d466ad64-6c15-45da-bd5d-e3bb094df4a0" />
    <UnitTestResult executionId="9ae561a4-c6c8-4fca-8709-7e626d778c78" testId="77601e6c-f191-7e06-0fbb-13d177e47e36" testName="SchoolManagementApplciation.Tests.ExternMethodsTests.IsNumber_Object_ReturnsNull" computerName="2565563ec583" duration="00:00:00.0000614" startTime="2026-09-12T09:15:02.0651377+00:00" endTime="2026-09-12T09:15:02.0651378+00:00" testType="13cdc9d9-ddb5-4fa4-a97d-d965ccfc6d4b" outcome="Passed" testListId="8c84fa94-04c1-424b-9868-57a2d4851a1d" relativeResultsDirectory="9ae561a4-c6c8-4fca-8709-7e626d778c78" />
    <UnitTestResult executionId="9fba2e60-34dc-4002-8187-ccdd4d7da794" testId="0b170702-bac1-146b-bee2-1a4c080c974c" testName="SchoolManagementApplciation.Tests.ExternMethodsTests.ToShortMonthName_AllMonths_ReturnsNonEmptyString(month: 11)" computerName="2565563ec583" duration="00:00:00.0000010" startTime="2026-09-12T09:15:02.0631914+00:00" endTime="2026-09-12T09:15:02.0631914+00:00" testType="13cdc9d9-ddb5-4fa4-a97d-d965ccfc6d4b" outcome="Passed" testListId="8c84fa94-04c1-424b-9868-57a2d4851a1d" relativeResultsDirectory="9fba2e60-34dc-4002-8187-ccdd4d7da794" />
    <UnitTestResult executionId="0a5f0ea9-b96c-4d1f-8f1d-330a7d1f8641" testId="87dc098c-200f-7efd-a4c2-815543d513ef" testName="SchoolManagementApplciation.Tests.ExternMethodsTests.ToMonthName_AllMonths_ReturnsNonEmptyString(month: 6)" computerName="2565563ec583" duration="00:00:00.0026022" startTime="2026-09-12T09:15:02.0240210+00:00" endTime="2026-09-12T09:15:02.0240382+00:00" testType="13cdc9d9-ddb5-4fa4-a97d-d965ccfc6d4b" outcome="Passed" testListId="8c84fa94-04c1-424b-9868-57a2d4851a1d" relativeResultsDirectory="0a5f0ea9-b96c-4d1f-8f1d-330a7d1f8641" />
    <UnitTestResult executionId="ec1eb15f-3e60-4db9-9a27-6689d0e05018" testId="e353c81d-db03-8cc2-d2b9-e828f2ade959" testName="SchoolManagementApplciation.Tests.ExternMethodsTests.ToShortMonthName_AllMonths_ReturnsNonEmptyString(month: 8)" computerName="2565563ec583" duration="00:00:00.0000010" startTime="2026-09-12T09:15:02.0629536+00:00" endTime="2026-09-12T09:15:02.0629536+00:00" testType="13cdc9d9-ddb5-4fa4-a97d-d965ccfc6d4b" outcome="Passed" testListId="8c84fa94-04c1-424b-9868-57a2d4851a1d" relativeResultsDirectory="ec1eb15f-3e60-4db9-9a27-6689d0e05018" />
    <UnitTestResult executionId="c4f1f70d-f9ad-46cf-8dcd-21d58b6311e6" testId="043e78a3-bb90-8132-9412-e5896a3c0390" testName="SchoolManagementApplciation.Tests.ExternMethodsTests.ToShortMonthName_AllMonths_ReturnsNonEmptyString(month: 10)" computerName="2565563ec583" duration="00:00:00.0000009" startTime="2026-09-12T09:15:02.0630584+00:00" endTime="2026-09-12T09:15:02.0630585+00:00" testType="13cdc9d9-ddb5-4fa4-a97d-d965ccfc6d4b" outcome="Passed" testListId="8c84fa94-04c1-424b-9868-57a2d4851a1d" relativeResultsDirectory="c4f1f70d-f9ad-46cf-8dcd-21d58b6311e6" />
    <UnitTestResult executionId="c05c561b-ef8c-4a16-a6ed-6568f9adacbf" testId="b820cafb-687a-b572-b8ad-364c997354b0" testName="SchoolManagementApplciation.Tests.SqlControlTests.AddPrams_MultipleParams_AllAdded" computerName="2565563ec583" duration="00:00:00.0001018" startTime="2026-09-12T09:15:02.0696314+00:00" endTime="2026-09-12T09:15:02.0696315+00:00" testType="13cdc9d9-ddb5-4fa4-a97d-d965ccfc6d4b" outcome="Passed" testListId="8c84fa94-04c1-424b-9868-57a2d4851a1d" relativeResultsDirectory="c05c561b-ef8c-4a16-a6ed-6568f9adacbf" />
    <UnitTestResult executionId="a0beff29-6375-4350-9ec6-e5bc4a2874c5" testId="ed591f37-1e39-6f3d-d308-af2293d05666" testName="SchoolManagementApplciation.Tests.SqlControlTests.ExecSql_ResetsCountToZeroBeforeExecution" computerName="2565563ec583" duration="00:00:00.0000929" startTime="2026-09-12T09:15:02.0688017+00:00" endTime="2026-09-12T09:15:02.0688017+00:00" testType="13cdc9d9-ddb5-4fa4-a97d-d965ccfc6d4b" outcome="Passed" testListId="8c84fa94-04c1-424b-9868-57a2d4851a1d" relativeResultsDirectory="a0beff29-6375-4350-9ec6-e5bc4a2874c5" />
    <UnitTestResult executionId="53c13d5c-6b3e-4838-8d69-7c70e875a575" testId="f8630abd-1d05-e38b-c8ef-b97b1a3887d9" testName="SchoolManagementApplciation.Tests.SqlControlTests.AddPrams_SingleParam_ThenExecProc_ParamRemainsOnFailure" computerName="2565563ec583" duration="00:00:00.0000999" startTime="2026-09-12T09:15:02.0715526+00:00" endTime="2026-09-12T09:15:02.0715527+00:00" testType="13cdc9d9-ddb5-4fa4-a97d-d965ccfc6d4b" outcome="Passed" testListId="8c84fa94-04c1-424b-9868-57a2d4851a1d" relativeResultsDirectory="53c13d5c-6b3e-4838-8d69-7c70e875a575" />
    <UnitTestResult executionId="7833c0b7-de03-422f-a0bf-2f5841b57c81" testId="83720158-f478-f02b-deeb-052792a5fc2a" testName="SchoolManagementApplciation.Tests.ExternMethodsTests.IsNumber_Double_ReturnsDoubleType" computerName="2565563ec583" duration="00:00:00.0000993" startTime="2026-09-12T09:15:02.0602695+00:00" endTime="2026-09-12T09:15:02.0602696+00:00" testType="13cdc9d9-ddb5-4fa4-a97d-d965ccfc6d4b" outcome="Passed" testListId="8c84fa94-04c1-424b-9868-57a2d4851a1d" relativeResultsDirectory="7833c0b7-de03-422f-a0bf-2f5841b57c81" />
    <UnitTestResult executionId="2ce30f58-f3ba-429e-892c-6277d19c0ffe" testId="96366459-6b06-8dd4-5484-3145ef87e7c5" testName="SchoolManagementApplciation.Tests.SqlControlTests.Constructor_InitializesAdapter_NotNull" computerName="2565563ec583" duration="00:00:00.0000588" startTime="2026-09-12T09:15:02.0705081+00:00" endTime="2026-09-12T09:15:02.0705081+00:00" testType="13cdc9d9-ddb5-4fa4-a97d-d965ccfc6d4b" outcome="Passed" testListId="8c84fa94-04c1-424b-9868-57a2d4851a1d" relativeResultsDirectory="2ce30f58-f3ba-429e-892c-6277d19c0ffe" />
    <UnitTestResult executionId="a2997133-153b-41bf-8d06-69f3a787231d" testId="d6d2f320-c595-ff5f-9992-53b04d528d57" testName="SchoolManagementApplciation.Tests.ExternMethodsTests.IsNumber_FloatZero_ReturnsFloatType" computerName="2565563ec583" duration="00:00:00.0000668" startTime="2026-09-12T09:15:02.0649231+00:00" endTime="2026-09-12T09:15:02.0649232+00:00" testType="13cdc9d9-ddb5-4fa4-a97d-d965ccfc6d4b" outcome="Passed" testListId="8c84fa94-04c1-424b-9868-57a2d4851a1d" relativeResultsDirectory="a2997133-153b-41bf-8d06-69f3a787231d" />
    <UnitTestResult executionId="d03b3dc0-5e7c-4310-b010-ec8eb2a2a1ac" testId="612a9423-08c9-8d6e-1ab0-49e250a32bba" testName="SchoolManagementApplciation.Tests.SqlControlTests.Constructor_InitializesParamsList_EmptyList" computerName="2565563ec583" duration="00:00:00.0002159" startTime="2026-09-12T09:15:02.0687362+00:00" endTime="2026-09-12T09:15:02.0687363+00:00" testType="13cdc9d9-ddb5-4fa4-a97d-d965ccfc6d4b" outcome="Passed" testListId="8c84fa94-04c1-424b-9868-57a2d4851a1d" relativeResultsDirectory="d03b3dc0-5e7c-4310-b010-ec8eb2a2a1ac" />
    <UnitTestResult executionId="d9d04c2a-85fc-4c58-a239-6ffd2e7e73c3" testId="3c0d1c5b-5931-71d6-ea89-f34f2dd5d0aa" testName="SchoolManagementApplciation.Tests.ExternMethodsTests.IsNumber_Char_ReturnsNull" computerName="2565563ec583" duration="00:00:00.0000640" startTime="2026-09-12T09:15:02.0670049+00:00" endTime="2026-09-12T09:15:02.0670050+00:00" testType="13cdc9d9-ddb5-4fa4-a97d-d965ccfc6d4b" outcome="Passed" testListId="8c84fa94-04c1-424b-9868-57a2d4851a1d" relativeResultsDirectory="d9d04c2a-85fc-4c58-a239-6ffd2e7e73c3" />
    <UnitTestResult executionId="947ac28a-a95d-4644-8fb5-923394dc23ee" testId="f998bfb0-2973-c2c0-6d8a-1df4db8ac643" testName="SchoolManagementApplciation.Tests.SqlControlTests.AddPrams_EmptyStringValue_StoredCorrectly" computerName="2565563ec583" duration="00:00:00.0001717" startTime="2026-09-12T09:15:02.0679537+00:00" endTime="2026-09-12T09:15:02.0679537+00:00" testType="13cdc9d9-ddb5-4fa4-a97d-d965ccfc6d4b" outcome="Passed" testListId="8c84fa94-04c1-424b-9868-57a2d4851a1d" relativeResultsDirectory="947ac28a-a95d-4644-8fb5-923394dc23ee" />
    <UnitTestResult executionId="48060583-e6a0-43f1-a5c5-28752215b2f6" testId="ac65841a-792b-c265-6fd5-d1bef0e4bb33" testName="SchoolManagementApplciation.Tests.ExternMethodsTests.ToShortMonthName_AllMonths_ReturnsNonEmptyString(month: 7)" computerName="2565563ec583" duration="00:00:00.0000636" startTime="2026-09-12T09:15:02.0622295+00:00" endTime="2026-09-12T09:15:02.0622295+00:00" testType="13cdc9d9-ddb5-4fa4-a97d-d965ccfc6d4b" outcome="Passed" testListId="8c84fa94-04c1-424b-9868-57a2d4851a1d" relativeResultsDirectory="48060583-e6a0-43f1-a5c5-28752215b2f6" />
    <UnitTestResult executionId="52352fd2-39d3-4d5e-825d-7c2911811d77" testId="c6f95498-b553-996b-84c2-add4fb751366" testName="SchoolManagementApplciation.Tests.SqlControlTests.TwoInstances_HaveIndependentParamLists" computerName="2565563ec583" duration="00:00:00.0001010" startTime="2026-09-12T09:15:02.0695752+00:00" endTime="2026-09-12T09:15:02.0695753+00:00" testType="13cdc9d9-ddb5-4fa4-a97d-d965ccfc6d4b" outcome="Passed" testListId="8c84fa94-04c1-424b-9868-57a2d4851a1d" relativeResultsDirectory="52352fd2-39d3-4d5e-825d-7c2911811d77" />
    <UnitTestResult executionId="e1a8ba75-30b9-4b24-be6b-06a3ee47e250" testId="ce3ed937-a421-aac5-e5d4-e8a9716acf3c" testName="SchoolManagementApplciation.Tests.ExternMethodsTests.ToShortMonthName_January_MatchesCultureInfo" computerName="2565563ec583" duration="00:00:00.0001003" startTime="2026-09-12T09:15:02.0657207+00:00" endTime="2026-09-12T09:15:02.0657207+00:00" testType="13cdc9d9-ddb5-4fa4-a97d-d965ccfc6d4b" outcome="Passed" testListId="8c84fa94-04c1-424b-9868-57a2d4851a1d" relativeResultsDirectory="e1a8ba75-30b9-4b24-be6b-06a3ee47e250" />
    <UnitTestResult executionId="e7ecbe10-e380-4372-a38b-b10855924668" testId="eaa281d3-218c-76bd-1142-396eaa9d151e" testName="SchoolManagementApplciation.Tests.ExternMethodsTests.ToShortMonthName_IsShorterThanOrEqualToFullName" computerName="2565563ec583" duration="00:00:00.0001784" startTime="2026-09-12T09:15:02.0650279+00:00" endTime="2026-09-12T09:15:02.0650279+00:00" testType="13cdc9d9-ddb5-4fa4-a97d-d965ccfc6d4b" outcome="Passed" testListId="8c84fa94-04c1-424b-9868-57a2d4851a1d" relativeResultsDirectory="e7ecbe10-e380-4372-a38b-b10855924668" />
    <UnitTestResult executionId="8b59fc2f-048a-4f41-a4ec-fc1614ca22be" testId="dc99a573-4fc4-1c31-ad4c-49752a47de3d" testName="SchoolManagementApplciation.Tests.ExternMethodsTests.IsNumber_LongMaxValue_ReturnsLongType" computerName="2565563ec583" duration="00:00:00.0001048" startTime="2026-09-12T09:15:02.0658279+00:00" endTime="2026-09-12T09:15:02.0658279+00:00" testType="13cdc9d9-ddb5-4fa4-a97d-d965ccfc6d4b" outcome="Passed" testListId="8c84fa94-04c1-424b-9868-57a2d4851a1d" relativeResultsDirectory="8b59fc2f-048a-4f41-a4ec-fc1614ca22be" />
    <UnitTestResult executionId="e6e78830-5d24-48fa-8e52-16ad848c0c05" testId="efbaba58-10cd-df62-072f-f8142fccd995" testName="SchoolManagementApplciation.Tests.ExternMethodsTests.IsNumber_DecimalZero_ReturnsDecimalType" computerName="2565563ec583" duration="00:00:00.0000901" startTime="2026-09-12T09:15:02.0604640+00:00" endTime="2026-09-12T09:15:02.0604640+00:00" testType="13cdc9d9-ddb5-4fa4-a97d-d965ccfc6d4b" outcome="Passed" testListId="8c84fa94-04c1-424b-9868-57a2d4851a1d" relativeResultsDirectory="e6e78830-5d24-48fa-8e52-16ad848c0c05" />
    <UnitTestResult executionId="67656bfe-29e6-4e1c-8939-9ca79295841a" testId="288b422d-7947-335d-95e6-317832045ad7" testName="SchoolManagementApplciation.Tests.ExternMethodsTests.ToShortMonthName_AllMonths_ReturnsNonEmptyString(month: 2)" computerName="2565563ec583" duration="00:00:00.0000010" startTime="2026-09-12T09:15:02.0629077+00:00" endTime="2026-09-12T09:15:02.0629077+00:00" testType="13cdc9d9-ddb5-4fa4-a97d-d965ccfc6d4b" outcome="Passed" testListId="8c84fa94-04c1-424b-9868-57a2d4851a1d" relativeResultsDirectory="67656bfe-29e6-4e1c-8939-9ca79295841a" />
    <UnitTestResult executionId="d67774e7-7791-4357-810a-d8f817fcce0d" testId="0160dbba-7111-415d-fd82-5a5611d1566f" testName="SchoolManagementApplciation.Tests.ExternMethodsTests.ToMonthName_DifferentDaysInSameMonth_ReturnSameName" computerName="2565563ec583" duration="00:00:00.0000601" startTime="2026-09-12T09:15:02.0638679+00:00" endTime="2026-09-12T09:15:02.0638679+00:00" testType="13cdc9d9-ddb5-4fa4-a97d-d965ccfc6d4b" outcome="Passed" testListId="8c84fa94-04c1-424b-9868-57a2d4851a1d" relativeResultsDirectory="d67774e7-7791-4357-810a-d8f817fcce0d" />
    <UnitTestResult executionId="89f99a95-6ada-476c-92f7-5185cdeb8dbf" testId="f0b7bae0-897a-7a0a-4caa-254ac472ba3b" testName="SchoolManagementApplciation.Tests.SqlControlTests.AddPrams_BoolValue_StoredCorrectly" computerName="2565563ec583" duration="00:00:00.0001532" startTime="2026-09-12T09:15:02.0688671+00:00" endTime="2026-09-12T09:15:02.0688671+00:00" testType="13cdc9d9-ddb5-4fa4-a97d-d965ccfc6d4b" outcome="Passed" testListId="8c84fa94-04c1-424b-9868-57a2d4851a1d" relativeResultsDirectory="89f99a95-6ada-476c-92f7-5185cdeb8dbf" />
    <UnitTestResult executionId="1347bd48-04b2-440d-bc11-3dcfaa6bdb8e" testId="a765062b-5ebd-bb28-8205-363cf33fef0b" testName="SchoolManagementApplciation.Tests.ExternMethodsTests.IsNumber_DecimalMaxValue_ReturnsDecimalType" computerName="2565563ec583" duration="00:00:00.0000875" startTime="2026-09-12T09:15:02.0647759+00:00" endTime="2026-09-12T09:15:02.0647760+00:00" testType="13cdc9d9-ddb5-4fa4-a97d-d965ccfc6d4b" outcome="Passed" testListId="8c84fa94-04c1-424b-9868-57a2d4851a1d" relativeResultsDirectory="1347bd48-04b2-440d-bc11-3dcfaa6bdb8e" />
    <UnitTestResult executionId="17868add-bf4c-4644-a047-65d6d9560e3a" testId="b05f5072-4d4a-2feb-bed2-5e0202919476" testName="SchoolManagementApplciation.Tests.ExternMethodsTests.ToShortMonthName_AllMonths_ReturnsNonEmptyString(month: 1)" computerName="2565563ec583" duration="00:00:00.0000015" startTime="2026-09-12T09:15:02.0628634+00:00" endTime="2026-09-12T09:15:02.0628634+00:00" testType="13cdc9d9-ddb5-4fa4-a97d-d965ccfc6d4b" outcome="Passed" testListId="8c84fa94-04c1-424b-9868-57a2d4851a1d" relativeResultsDirectory="17868add-bf4c-4644-a047-65d6d9560e3a" />
    <UnitTestResult executionId="9132fb3e-3eea-46b2-92ce-17a97a68a417" testId="2ce1aec7-35aa-a306-48e9-b3700d88376a" testName="SchoolManagementApplciation.Tests.ExternMethodsTests.ToMonthName_June_MatchesCultureInfo" computerName="2565563ec583" duration="00:00:00.0001043" startTime="2026-09-12T09:15:02.0669499+00:00" endTime="2026-09-12T09:15:02.0669500+00:00" testType="13cdc9d9-ddb5-4fa4-a97d-d965ccfc6d4b" outcome="Passed" testListId="8c84fa94-04c1-424b-9868-57a2d4851a1d" relativeResultsDirectory="9132fb3e-3eea-46b2-92ce-17a97a68a417" />
    <UnitTestResult executionId="7848f9b8-5ebd-411a-a89e-c7446dc8169b" testId="c0a0b32b-8a39-aeed-6964-da30755f2fc2" testName="SchoolManagementApplciation.Tests.ExternMethodsTests.ToMonthName_AllMonths_ReturnsNonEmptyString(month: 5)" computerName="2565563ec583" duration="00:00:00.0000011" startTime="2026-09-12T09:15:02.0597993+00:00" endTime="2026-09-12T09:15:02.0597993+00:00" testType="13cdc9d9-ddb5-4fa4-a97d-d965ccfc6d4b" outcome="Passed" testListId="8c84fa94-04c1-424b-9868-57a2d4851a1d" relativeResultsDirectory="7848f9b8-5ebd-411a-a89e-c7446dc8169b" />
    <UnitTestResult executionId="11dfb1f8-9ffb-49de-a3f0-17476ca855d6" testId="f989973d-9ca0-2c44-03cf-46b5da7c5a88" testName="SchoolManagementApplciation.Tests.SqlControlTests.ExecProc_ResetsCountToZeroBeforeExecution" computerName="2565563ec583" duration="00:00:00.0000902" startTime="2026-09-12T09:15:02.0697997+00:00" endTime="2026-09-12T09:15:02.0697997+00:00" testType="13cdc9d9-ddb5-4fa4-a97d-d965ccfc6d4b" outcome="Passed" testListId="8c84fa94-04c1-424b-9868-57a2d4851a1d" relativeResultsDirectory="11dfb1f8-9ffb-49de-a3f0-17476ca855d6" />
    <UnitTestResult executionId="cbdf924e-84f9-4af8-9101-859c1b1128a4" testId="caa5d14b-6d26-ab6d-721d-2c3f70da461c" testName="SchoolManagementApplciation.Tests.SqlControlTests.AddPrams_SequentialCalls_PreservesOrder" computerName="2565563ec583" duration="00:00:00.0001485" startTime="2026-09-12T09:15:02.0677899+00:00" endTime="2026-09-12T09:15:02.0677899+00:00" testType="13cdc9d9-ddb5-4fa4-a97d-d965ccfc6d4b" outcome="Passed" testListId="8c84fa94-04c1-424b-9868-57a2d4851a1d" relativeResultsDirectory="cbdf924e-84f9-4af8-9101-859c1b1128a4" />
    <UnitTestResult executionId="ba0ecafa-46a5-42e0-a4b3-126ef496b9e1" testId="408b04ec-ba90-4906-0a19-ec577dd07487" testName="SchoolManagementApplciation.Tests.ExternMethodsTests.ToShortMonthName_ReturnsStringNotContainingDigits" computerName="2565563ec583" duration="00:00:00.0002199" startTime="2026-09-12T09:15:02.0619349+00:00" endTime="2026-09-12T09:15:02.0619349+00:00" testType="13cdc9d9-ddb5-4fa4-a97d-d965ccfc6d4b" outcome="Passed" testListId="8c84fa94-04c1-424b-9868-57a2d4851a1d" relativeResultsDirectory="ba0ecafa-46a5-42e0-a4b3-126ef496b9e1" />
    <UnitTestResult executionId="db5b5902-8646-427b-92bd-28c082fd78ab" testId="04993e31-8ec8-9946-7933-f96ba58fdc19" testName="SchoolManagementApplciation.Tests.SqlControlTests.DataSet_AfterConstruction_HasNoTables" computerName="2565563ec583" duration="00:00:00.0001177" startTime="2026-09-12T09:15:02.0695248+00:00" endTime="2026-09-12T09:15:02.0695249+00:00" testType="13cdc9d9-ddb5-4fa4-a97d-d965ccfc6d4b" outcome="Passed" testListId="8c84fa94-04c1-424b-9868-57a2d4851a1d" relativeResultsDirectory="db5b5902-8646-427b-92bd-28c082fd78ab" />
    <UnitTestResult executionId="2812b895-8607-476b-94f0-0464af2a0e2a" testId="f1c98722-0659-845f-371d-971bd2538a69" testName="SchoolManagementApplciation.Tests.ExternMethodsTests.IsNumber_Short_ReturnsShortType" computerName="2565563ec583" duration="00:00:00.0000940" startTime="2026-09-12T09:15:02.0640345+00:00" endTime="2026-09-12T09:15:02.0640345+00:00" testType="13cdc9d9-ddb5-4fa4-a97d-d965ccfc6d4b" outcome="Passed" testListId="8c84fa94-04c1-424b-9868-57a2d4851a1d" relativeResultsDirectory="2812b895-8607-476b-94f0-0464af2a0e2a" />
    <UnitTestResult executionId="cfd7f1b0-29f4-4ed1-988f-82be10e591fa" testId="375a771d-539e-9e14-55f1-5013a6d1c1a4" testName="SchoolManagementApplciation.Tests.ExternMethodsTests.IsNumber_Byte_ReturnsByteType" computerName="2565563ec583" duration="00:00:00.0001476" startTime="2026-09-12T09:15:02.0639764+00:00" endTime="2026-09-12T09:15:02.0639765+00:00" testType="13cdc9d9-ddb5-4fa4-a97d-d965ccfc6d4b" outcome="Passed" testListId="8c84fa94-04c1-424b-9868-57a2d4851a1d" relativeResultsDirectory="cfd7f1b0-29f4-4ed1-988f-82be10e591fa" />
    <UnitTestResult executionId="8cafceca-94da-43ad-83d1-603631d8bb55" testId="82c8dd09-9646-a207-0dd4-f066475c2839" testName="SchoolManagementApplciation.Tests.SqlControlTests.ExecSql_WithInvalidConnection_SetsExepMessage" computerName="2565563ec583" duration="00:00:00.0000760" startTime="2026-09-12T09:15:02.0704359+00:00" endTime="2026-09-12T09:15:02.0704359+00:00" testType="13cdc9d9-ddb5-4fa4-a97d-d965ccfc6d4b" outcome="Passed" testListId="8c84fa94-04c1-424b-9868-57a2d4851a1d" relativeResultsDirectory="8cafceca-94da-43ad-83d1-603631d8bb55" />
    <UnitTestResult executionId="5c5065f2-e40d-443c-bb0d-8f73d94cf59c" testId="df044449-7a0d-496f-4b81-d8c05e639e51" testName="SchoolManagementApplciation.Tests.ExternMethodsTests.ToMonthName_AllMonths_ReturnsNonEmptyString(month: 3)" computerName="2565563ec583" duration="00:00:00.0000015" startTime="2026-09-12T09:15:02.0275268+00:00" endTime="2026-09-12T09:15:02.0275268+00:00" testType="13cdc9d9-ddb5-4fa4-a97d-d965ccfc6d4b" outcome="Passed" testListId="8c84fa94-04c1-424b-9868-57a2d4851a1d" relativeResultsDirectory="5c5065f2-e40d-443c-bb0d-8f73d94cf59c" />
    <UnitTestResult executionId="660130d8-2c61-4655-8567-eb0354a20e90" testId="7a119f16-77e3-3971-29f6-f2ab709bf2c2" testName="SchoolManagementApplciation.Tests.ExternMethodsTests.IsNumber_Bool_ReturnsNull" computerName="2565563ec583" duration="00:00:00.0000648" startTime="2026-09-12T09:15:02.0667072+00:00" endTime="2026-09-12T09:15:02.0667073+00:00" testType="13cdc9d9-ddb5-4fa4-a97d-d965ccfc6d4b" outcome="Passed" testListId="8c84fa94-04c1-424b-9868-57a2d4851a1d" relativeResultsDirectory="660130d8-2c61-4655-8567-eb0354a20e90" />
    <UnitTestResult executionId="6cd9b022-d489-46af-98bb-91347f5376ea" testId="acea3922-ae45-9da0-9fa5-30e1de47f573" testName="SchoolManagementApplciation.Tests.SqlControlTests.ExecSql_WithInvalidConnection_CountRemainsZero" computerName="2565563ec583" duration="00:00:00.0000937" startTime="2026-09-12T09:15:02.0686177+00:00" endTime="2026-09-12T09:15:02.0686178+00:00" testType="13cdc9d9-ddb5-4fa4-a97d-d965ccfc6d4b" outcome="Passed" testListId="8c84fa94-04c1-424b-9868-57a2d4851a1d" relativeResultsDirectory="6cd9b022-d489-46af-98bb-91347f5376ea" />
    <UnitTestResult executionId="2301494c-b4aa-4da4-95e4-dcc51a818325" testId="b70d9837-12bc-bfcc-4f96-40441f0d6024" testName="SchoolManagementApplciation.Tests.SqlControlTests.ExecSql_ExepContainsConnectionErrorInfo" computerName="2565563ec583" duration="00:00:00.0000902" startTime="2026-09-12T09:15:02.0677334+00:00" endTime="2026-09-12T09:15:02.0677334+00:00" testType="13cdc9d9-ddb5-4fa4-a97d-d965ccfc6d4b" outcome="Passed" testListId="8c84fa94-04c1-424b-9868-57a2d4851a1d" relativeResultsDirectory="2301494c-b4aa-4da4-95e4-dcc51a818325" />
    <UnitTestResult executionId="0cb2158f-4f08-493b-b9b1-e3f2841bac55" testId="abafb1c7-613e-307f-f9c4-56bdde16c695" testName="SchoolManagementApplciation.Tests.ExternMethodsTests.IsNumber_Float_ReturnsFloatType" computerName="2565563ec583" duration="00:00:00.0001056" startTime="2026-09-12T09:15:02.0638105+00:00" endTime="2026-09-12T09:15:02.0638105+00:00" testType="13cdc9d9-ddb5-4fa4-a97d-d965ccfc6d4b" outcome="Passed" testListId="8c84fa94-04c1-424b-9868-57a2d4851a1d" relativeResultsDirectory="0cb2158f-4f08-493b-b9b1-e3f2841bac55" />
    <UnitTestResult executionId="55cd6890-339a-4764-abbe-05ace9d9c545" testId="5453e9c4-ebc2-7936-0225-4b0922785213" testName="SchoolManagementApplciation.Tests.SqlControlTests.AddPrams_IntegerValue_StoredCorrectly" computerName="2565563ec583" duration="00:00:00.0001015" startTime="2026-09-12T09:15:02.0708373+00:00" endTime="2026-09-12T09:15:02.0708373+00:00" testType="13cdc9d9-ddb5-4fa4-a97d-d965ccfc6d4b" outcome="Passed" testListId="8c84fa94-04c1-424b-9868-57a2d4851a1d" relativeResultsDirectory="55cd6890-339a-4764-abbe-05ace9d9c545" />
    <UnitTestResult executionId="35331b29-4022-42a8-b144-a51bf88e6fed" testId="e69888ec-5de3-cc53-6c97-8943594d62c0" testName="SchoolManagementApplciation.Tests.SqlControlTests.AddPrams_DoubleValue_StoredCorrectly" computerName="2565563ec583" duration="00:00:00.0001197" startTime="2026-09-12T09:15:02.0693993+00:00" endTime="2026-09-12T09:15:02.0693993+00:00" testType="13cdc9d9-ddb5-4fa4-a97d-d965ccfc6d4b" outcome="Passed" testListId="8c84fa94-04c1-424b-9868-57a2d4851a1d" relativeResultsDirectory="35331b29-4022-42a8-b144-a51bf88e6fed" />
    <UnitTestResult executionId="d8ba6c10-1df2-4bce-b462-d53d4558b8f3" testId="05c2c89b-0880-34eb-2fd2-9360ecde679e" testName="SchoolManagementApplciation.Tests.SqlControlTests.AddPrams_SingleParam_AddsToList" computerName="2565563ec583" duration="00:00:00.0000925" startTime="2026-09-12T09:15:02.0703758+00:00" endTime="2026-09-12T09:15:02.0703758+00:00" testType="13cdc9d9-ddb5-4fa4-a97d-d965ccfc6d4b" outcome="Passed" testListId="8c84fa94-04c1-424b-9868-57a2d4851a1d" relativeResultsDirectory="d8ba6c10-1df2-4bce-b462-d53d4558b8f3" />
    <UnitTestResult executionId="eae3a3e1-4590-4eec-ab5e-4f5ebfc273a9" testId="c845f00c-d626-667d-b87b-880d7e574b58" testName="SchoolManagementApplciation.Tests.ExternMethodsTests.IsNumber_NegativeInt_ReturnsIntType" computerName="2565563ec583" duration="00:00:00.0000776" startTime="2026-09-12T09:15:02.0603457+00:00" endTime="2026-09-12T09:15:02.0603458+00:00" testType="13cdc9d9-ddb5-4fa4-a97d-d965ccfc6d4b" outcome="Passed" testListId="8c84fa94-04c1-424b-9868-57a2d4851a1d" relativeResultsDirectory="eae3a3e1-4590-4eec-ab5e-4f5ebfc273a9" />
    <UnitTestResult executionId="059ec666-e524-4500-aa27-edaed1b95e10" testId="34b987c0-c0f0-e8ea-db1a-2a4832a2dd1e" testName="SchoolManagementApplciation.Tests.SqlControlTests.ExecSql_MultipleCallsInSequence_EachResetsState" computerName="2565563ec583" duration="00:00:00.0001005" startTime="2026-09-12T09:15:02.0675806+00:00" endTime="2026-09-12T09:15:02.0675807+00:00" testType="13cdc9d9-ddb5-4fa4-a97d-d965ccfc6d4b" outcome="Passed" testListId="8c84fa94-04c1-424b-9868-57a2d4851a1d" relativeResultsDirectory="059ec666-e524-4500-aa27-edaed1b95e10" />
    <UnitTestResult executionId="fa9c0a2d-304e-4a81-bf34-6d555a120573" testId="146231b2-cc60-c57e-8c47-dd528035ddba" testName="SchoolManagementApplciation.Tests.SqlControlTests.ExecProc_ResetsExepBeforeExecution" computerName="2565563ec583" duration="00:00:00.0001047" startTime="2026-09-12T09:15:02.0716286+00:00" endTime="2026-09-12T09:15:02.0716286+00:00" testType="13cdc9d9-ddb5-4fa4-a97d-d965ccfc6d4b" outcome="Passed" testListId="8c84fa94-04c1-424b-9868-57a2d4851a1d" relativeResultsDirectory="fa9c0a2d-304e-4a81-bf34-6d555a120573" />
    <UnitTestResult executionId="932165e8-d4be-43e6-9dbd-a3d1f3ef9367" testId="733122aa-81c1-dc37-2cd9-5a08a75715a7" testName="SchoolManagementApplciation.Tests.ExternMethodsTests.ToMonthName_AllMonths_ReturnsNonEmptyString(month: 9)" computerName="2565563ec583" duration="00:00:00.0000009" startTime="2026-09-12T09:15:02.0275547+00:00" endTime="2026-09-12T09:15:02.0275547+00:00" testType="13cdc9d9-ddb5-4fa4-a97d-d965ccfc6d4b" outcome="Passed" testListId="8c84fa94-04c1-424b-9868-57a2d4851a1d" relativeResultsDirectory="932165e8-d4be-43e6-9dbd-a3d1f3ef9367" />
    <UnitTestResult executionId="76ad6fbe-ea12-43a0-aa16-9fb960fc000b" testId="e2a0abdc-694b-4b95-c2b3-4fbe85541480" testName="SchoolManagementApplciation.Tests.SqlControlTests.ExecProc_MultipleCallsInSequence_EachResetsState" computerName="2565563ec583" duration="00:00:00.0000922" startTime="2026-09-12T09:15:02.0689735+00:00" endTime="2026-09-12T09:15:02.0689735+00:00" testType="13cdc9d9-ddb5-4fa4-a97d-d965ccfc6d4b" outcome="Passed" testListId="8c84fa94-04c1-424b-9868-57a2d4851a1d" relativeResultsDirectory="76ad6fbe-ea12-43a0-aa16-9fb960fc000b" />
    <UnitTestResult executionId="7b2b16a1-4c6c-4169-9d2c-eb5190d8d324" testId="4ca7f722-646e-9a72-20ab-789860035920" testName="SchoolManagementApplciation.Tests.ExternMethodsTests.ToMonthName_DifferentYearsSameMonth_ReturnSameName" computerName="2565563ec583" duration="00:00:00.0000732" startTime="2026-09-12T09:15:02.0636811+00:00" endTime="2026-09-12T09:15:02.0636812+00:00" testType="13cdc9d9-ddb5-4fa4-a97d-d965ccfc6d4b" outcome="Passed" testListId="8c84fa94-04c1-424b-9868-57a2d4851a1d" relativeResultsDirectory="7b2b16a1-4c6c-4169-9d2c-eb5190d8d324" />
    <UnitTestResult executionId="3901e0ec-9972-43f7-998d-b7251c452cd0" testId="1a83536c-d162-7aed-320b-6ab75931f9ec" testName="SchoolManagementApplciation.Tests.ExternMethodsTests.IsNumber_AnonymousObject_ReturnsNull" computerName="2565563ec583" duration="00:00:00.0002209" startTime="2026-09-12T09:15:02.0621031+00:00" endTime="2026-09-12T09:15:02.0621032+00:00" testType="13cdc9d9-ddb5-4fa4-a97d-d965ccfc6d4b" outcome="Passed" testListId="8c84fa94-04c1-424b-9868-57a2d4851a1d" relativeResultsDirectory="3901e0ec-9972-43f7-998d-b7251c452cd0" />
    <UnitTestResult executionId="5e2dfcc4-a3d7-42f4-9446-9601b6990f73" testId="4e16b8c4-a3d7-663a-c9d9-45d2ae9291d3" testName="SchoolManagementApplciation.Tests.ExternMethodsTests.IsNumber_UInt_ReturnsUIntType" computerName="2565563ec583" duration="00:00:00.0001117" startTime="2026-09-12T09:15:02.0641298+00:00" endTime="2026-09-12T09:15:02.0641298+00:00" testType="13cdc9d9-ddb5-4fa4-a97d-d965ccfc6d4b" outcome="Passed" testListId="8c84fa94-04c1-424b-9868-57a2d4851a1d" relativeResultsDirectory="5e2dfcc4-a3d7-42f4-9446-9601b6990f73" />
    <UnitTestResult executionId="6e502c33-e890-4631-9b16-cf5ef8d08fe8" testId="06b6efc8-9cf9-7ef0-3ebb-d1557c593dcc" testName="SchoolManagementApplciation.Tests.ExternMethodsTests.ToMonthName_AllMonths_ReturnsNonEmptyString(month: 7)" computerName="2565563ec583" duration="00:00:00.0000058" startTime="2026-09-12T09:15:02.0273926+00:00" endTime="2026-09-12T09:15:02.0273926+00:00" testType="13cdc9d9-ddb5-4fa4-a97d-d965ccfc6d4b" outcome="Passed" testListId="8c84fa94-04c1-424b-9868-57a2d4851a1d" relativeResultsDirectory="6e502c33-e890-4631-9b16-cf5ef8d08fe8" />
    <UnitTestResult executionId="7acb3a36-a00d-44db-bda6-010e1ea2414e" testId="3af41813-6a1f-4fd4-cdd7-89d3addc8fca" testName="SchoolManagementApplciation.Tests.ExternMethodsTests.IsNumber_DoublePositiveInfinity_ReturnsDoubleType" computerName="2565563ec583" duration="00:00:00.0000788" startTime="2026-09-12T09:15:02.0619937+00:00" endTime="2026-09-12T09:15:02.0619937+00:00" testType="13cdc9d9-ddb5-4fa4-a97d-d965ccfc6d4b" outcome="Passed" testListId="8c84fa94-04c1-424b-9868-57a2d4851a1d" relativeResultsDirectory="7acb3a36-a00d-44db-bda6-010e1ea2414e" />
    <UnitTestResult executionId="a5fee522-b8fb-4ea4-ade4-2d360f7263ce" testId="1d24c54f-68ca-5344-97d2-f0322dc030f0" testName="SchoolManagementApplciation.Tests.ExternMethodsTests.ToMonthName_AllMonths_ReturnsNonEmptyString(month: 12)" computerName="2565563ec583" duration="00:00:00.0000045" startTime="2026-09-12T09:15:02.0274968+00:00" endTime="2026-09-12T09:15:02.0274968+00:00" testType="13cdc9d9-ddb5-4fa4-a97d-d965ccfc6d4b" outcome="Passed" testListId="8c84fa94-04c1-424b-9868-57a2d4851a1d" relativeResultsDirectory="a5fee522-b8fb-4ea4-ade4-2d360f7263ce" />
    <UnitTestResult executionId="a123074b-23bf-4dd8-b2e3-a0edb61a56f9" testId="2e6ab98c-dae6-498c-fd98-0c249b30d810" testName="SchoolManagementApplciation.Tests.ExternMethodsTests.ToMonthName_December_MatchesCultureInfo" computerName="2565563ec583" duration="00:00:00.0001341" startTime="2026-09-12T09:15:02.0637463+00:00" endTime="2026-09-12T09:15:02.0637463+00:00" testType="13cdc9d9-ddb5-4fa4-a97d-d965ccfc6d4b" outcome="Passed" testListId="8c84fa94-04c1-424b-9868-57a2d4851a1d" relativeResultsDirectory="a123074b-23bf-4dd8-b2e3-a0edb61a56f9" />
    <UnitTestResult executionId="f7afd5b3-44bb-49b3-97f2-9b60b55a3e9f" testId="a2bcce0b-be14-8abe-2e4c-1acab07f0fcb" testName="SchoolManagementApplciation.Tests.ExternMethodsTests.ToMonthName_AllTwelveMonths_AreDistinct" computerName="2565563ec583" duration="00:00:00.0019314" startTime="2026-09-12T09:15:02.0650822+00:00" endTime="2026-09-12T09:15:02.0650822+00:00" testType="13cdc9d9-ddb5-4fa4-a97d-d965ccfc6d4b" outcome="Passed" testListId="8c84fa94-04c1-424b-9868-57a2d4851a1d" relativeResultsDirectory="f7afd5b3-44bb-49b3-97f2-9b60b55a3e9f" />
    <UnitTestResult executionId="38a4c80d-dae9-4908-a7c1-f276166b05ff" testId="8d47f801-88e5-ad30-6dec-9c51a8b01289" testName="SchoolManagementApplciation.Tests.SqlControlTests.ExecProc_WithInvalidConnection_CountRemainsZero" computerName="2565563ec583" duration="00:00:00.0000860" startTime="2026-09-12T09:15:02.0706487+00:00" endTime="2026-09-12T09:15:02.0706488+00:00" testType="13cdc9d9-ddb5-4fa4-a97d-d965ccfc6d4b" outcome="Passed" testListId="8c84fa94-04c1-424b-9868-57a2d4851a1d" relativeResultsDirectory="38a4c80d-dae9-4908-a7c1-f276166b05ff" />
    <UnitTestResult executionId="7a6dd716-c079-4290-9272-57e160c15754" testId="d10277da-d695-2e48-51c6-af62630101a3" testName="SchoolManagementApplciation.Tests.ExternMethodsTests.IsNumber_Int_ReturnsIntType" computerName="2565563ec583" duration="00:00:00.0032002" startTime="2026-09-12T09:15:02.0602177+00:00" endTime="2026-09-12T09:15:02.0602178+00:00" testType="13cdc9d9-ddb5-4fa4-a97d-d965ccfc6d4b" outcome="Passed" testListId="8c84fa94-04c1-424b-9868-57a2d4851a1d" relativeResultsDirectory="7a6dd716-c079-4290-9272-57e160c15754" />
    <UnitTestResult executionId="c490aa36-51a8-405c-b095-ccc318c86ac9" testId="872d070f-32c8-5343-681c-d4d492b9fd28" testName="SchoolManagementApplciation.Tests.SqlControlTests.AddPrams_ZeroValue_StoredCorrectly" computerName="2565563ec583" duration="00:00:00.0001274" startTime="2026-09-12T09:15:02.0697409+00:00" endTime="2026-09-12T09:15:02.0697409+00:00" testType="13cdc9d9-ddb5-4fa4-a97d-d965ccfc6d4b" outcome="Passed" testListId="8c84fa94-04c1-424b-9868-57a2d4851a1d" relativeResultsDirectory="c490aa36-51a8-405c-b095-ccc318c86ac9" />
    <UnitTestResult executionId="5465e810-2541-470f-aff7-bb51318ac03f" testId="f4253e8c-4c1e-4657-1def-84d9ca8f4cb4" testName="SchoolManagementApplciation.Tests.ExternMethodsTests.ToShortMonthName_AllMonths_ReturnsNonEmptyString(month: 5)" computerName="2565563ec583" duration="00:00:00.0001332" startTime="2026-09-12T09:15:02.0622804+00:00" endTime="2026-09-12T09:15:02.0622804+00:00" testType="13cdc9d9-ddb5-4fa4-a97d-d965ccfc6d4b" outcome="Passed" testListId="8c84fa94-04c1-424b-9868-57a2d4851a1d" relativeResultsDirectory="5465e810-2541-470f-aff7-bb51318ac03f" />
    <UnitTestResult executionId="cadc5b89-86fc-4fb3-baa2-76aaf4618768" testId="8edf9aa9-48b3-d63c-e892-34a733628e48" testName="SchoolManagementApplciation.Tests.SqlControlTests.ExecSql_WithMultipleParams_ParamsRemainAfterFailure" computerName="2565563ec583" duration="00:00:00.0013310" startTime="2026-09-12T09:15:02.0671300+00:00" endTime="2026-09-12T09:15:02.0671301+00:00" testType="13cdc9d9-ddb5-4fa4-a97d-d965ccfc6d4b" outcome="Passed" testListId="8c84fa94-04c1-424b-9868-57a2d4851a1d" relativeResultsDirectory="cadc5b89-86fc-4fb3-baa2-76aaf4618768" />
    <UnitTestResult executionId="72339610-7b4b-43a6-b498-966b0b315398" testId="6574e2d4-4a04-af40-caa4-2445766e9ed4" testName="SchoolManagementApplciation.Tests.ExternMethodsTests.ToMonthName_AndToShortMonthName_SameMonth_AreConsistent" computerName="2565563ec583" duration="00:00:00.0000660" startTime="2026-09-12T09:15:02.0667630+00:00" endTime="2026-09-12T09:15:02.0667631+00:00" testType="13cdc9d9-ddb5-4fa4-a97d-d965ccfc6d4b" outcome="Passed" testListId="8c84fa94-04c1-424b-9868-57a2d4851a1d" relativeResultsDirectory="72339610-7b4b-43a6-b498-966b0b315398" />
    <UnitTestResult executionId="8f289561-78b5-4e0a-ad23-7ddd572c0a80" testId="70476ab3-81d4-aa2a-5094-1979fa6d8178" testName="SchoolManagementApplciation.Tests.ExternMethodsTests.IsNumber_ByteZero_ReturnsByteType" computerName="2565563ec583" duration="00:00:00.0000710" startTime="2026-09-12T09:15:02.0658942+00:00" endTime="2026-09-12T09:15:02.0658943+00:00" testType="13cdc9d9-ddb5-4fa4-a97d-d965ccfc6d4b" outcome="Passed" testListId="8c84fa94-04c1-424b-9868-57a2d4851a1d" relativeResultsDirectory="8f289561-78b5-4e0a-ad23-7ddd572c0a80" />
    <UnitTestResult executionId="6019caf2-e415-4595-8eb7-1d395e93889f" testId="cbfe1f29-e435-6094-2e70-8e85baa8c298" testName="SchoolManagementApplciation.Tests.ExternMethodsTests.IsNumber_ByteMaxValue_ReturnsByteType" computerName="2565563ec583" duration="00:00:00.0000717" startTime="2026-09-12T09:15:02.0656576+00:00" endTime="2026-09-12T09:15:02.0656576+00:00" testType="13cdc9d9-ddb5-4fa4-a97d-d965ccfc6d4b" outcome="Passed" testListId="8c84fa94-04c1-424b-9868-57a2d4851a1d" relativeResultsDirectory="6019caf2-e415-4595-8eb7-1d395e93889f" />
    <UnitTestResult executionId="35038852-df20-4595-a3c7-033304dc07ea" testId="86fa5dfd-74b9-c78f-a78a-ece3dc368cbe" testName="SchoolManagementApplciation.Tests.ExternMethodsTests.IsNumber_SByte_ReturnsSByteType" computerName="2565563ec583" duration="00:00:00.0001010" startTime="2026-09-12T09:15:02.0668264+00:00" endTime="2026-09-12T09:15:02.0668265+00:00" testType="13cdc9d9-ddb5-4fa4-a97d-d965ccfc6d4b" outcome="Passed" testListId="8c84fa94-04c1-424b-9868-57a2d4851a1d" relativeResultsDirectory="35038852-df20-4595-a3c7-033304dc07ea" />
    <UnitTestResult executionId="f0dcb8a0-3170-4ea2-86ec-c5d18b0e3287" testId="770210b8-01c5-6e3e-beea-34078ec86101" testName="SchoolManagementApplciation.Tests.SqlControlTests.AddPrams_SingleParam_ThenExecSql_ParamRemainsOnFailure" computerName="2565563ec583" duration="00:00:00.0002017" startTime="2026-09-12T09:15:02.0694610+00:00" endTime="2026-09-12T09:15:02.0694610+00:00" testType="13cdc9d9-ddb5-4fa4-a97d-d965ccfc6d4b" outcome="Passed" testListId="8c84fa94-04c1-424b-9868-57a2d4851a1d" relativeResultsDirectory="f0dcb8a0-3170-4ea2-86ec-c5d18b0e3287" />
    <UnitTestResult executionId="ef41b3d9-711a-4e67-b421-8857ef97ef3e" testId="a9c9cb1d-0673-b0a6-8541-fbc5332e391e" testName="SchoolManagementApplciation.Tests.ExternMethodsTests.ToShortMonthName_AllMonths_ReturnsNonEmptyString(month: 3)" computerName="2565563ec583" duration="00:00:00.0000041" startTime="2026-09-12T09:15:02.0623385+00:00" endTime="2026-09-12T09:15:02.0623385+00:00" testType="13cdc9d9-ddb5-4fa4-a97d-d965ccfc6d4b" outcome="Passed" testListId="8c84fa94-04c1-424b-9868-57a2d4851a1d" relativeResultsDirectory="ef41b3d9-711a-4e67-b421-8857ef97ef3e" />
    <UnitTestResult executionId="c0f1707e-7759-4984-b32a-3dd184b588d9" testId="2bba037d-7646-0172-20dd-ae7a94739549" testName="SchoolManagementApplciation.Tests.ExternMethodsTests.IsNumber_IntMaxValue_ReturnsIntType" computerName="2565563ec583" duration="00:00:00.0001149" startTime="2026-09-12T09:15:02.0657767+00:00" endTime="2026-09-12T09:15:02.0657767+00:00" testType="13cdc9d9-ddb5-4fa4-a97d-d965ccfc6d4b" outcome="Passed" testListId="8c84fa94-04c1-424b-9868-57a2d4851a1d" relativeResultsDirectory="c0f1707e-7759-4984-b32a-3dd184b588d9" />
    <UnitTestResult executionId="51879c7f-1060-4409-8282-9341968fa7b7" testId="08e535e5-689d-746e-5f8f-ff078e514546" testName="SchoolManagementApplciation.Tests.SqlControlTests.ExecSql_AfterFailure_DataSetIsReset" computerName="2565563ec583" duration="00:00:00.0000800" startTime="2026-09-12T09:15:02.0680078+00:00" endTime="2026-09-12T09:15:02.0680078+00:00" testType="13cdc9d9-ddb5-4fa4-a97d-d965ccfc6d4b" outcome="Passed" testListId="8c84fa94-04c1-424b-9868-57a2d4851a1d" relativeResultsDirectory="51879c7f-1060-4409-8282-9341968fa7b7" />
    <UnitTestResult executionId="6b52fc1b-cc68-475e-94d9-3c88a6b97124" testId="c34a7d06-5dcf-2ce9-3ad9-34019837d73f" testName="SchoolManagementApplciation.Tests.SqlControlTests.ExecProc_WithNoParams_ParamsListRemainsEmpty" computerName="2565563ec583" duration="00:00:00.0016535" startTime="2026-09-12T09:15:02.0676710+00:00" endTime="2026-09-12T09:15:02.0676710+00:00" testType="13cdc9d9-ddb5-4fa4-a97d-d965ccfc6d4b" outcome="Passed" testListId="8c84fa94-04c1-424b-9868-57a2d4851a1d" relativeResultsDirectory="6b52fc1b-cc68-475e-94d9-3c88a6b97124" />
    <UnitTestResult executionId="b861f08d-8ab4-4770-9ed8-bc49f3865fa9" testId="97d933eb-d3cf-5bf2-e7a3-cd17afd9296b" testName="SchoolManagementApplciation.Tests.SqlControlTests.ExecProc_WithInvalidConnection_SetsExepMessage" computerName="2565563ec583" duration="00:00:00.0000940" startTime="2026-09-12T09:15:02.0678993+00:00" endTime="2026-09-12T09:15:02.0678993+00:00" testType="13cdc9d9-ddb5-4fa4-a97d-d965ccfc6d4b" outcome="Passed" testListId="8c84fa94-04c1-424b-9868-57a2d4851a1d" relativeResultsDirectory="b861f08d-8ab4-4770-9ed8-bc49f3865fa9" />
    <UnitTestResult executionId="c1d16300-827c-4d68-ac6b-8298693a0b05" testId="01132d14-54be-2ac4-7a54-3cf9b4423c21" testName="SchoolManagementApplciation.Tests.ExternMethodsTests.ToMonthName_AllMonths_ReturnsNonEmptyString(month: 1)" computerName="2565563ec583" duration="00:00:00.0000011" startTime="2026-09-12T09:15:02.0274577+00:00" endTime="2026-09-12T09:15:02.0274578+00:00" testType="13cdc9d9-ddb5-4fa4-a97d-d965ccfc6d4b" outcome="Passed" testListId="8c84fa94-04c1-424b-9868-57a2d4851a1d" relativeResultsDirectory="c1d16300-827c-4d68-ac6b-8298693a0b05" />
    <UnitTestResult executionId="5241c31d-e312-4d45-9de1-04059a6c9df3" testId="bd37b6a6-d459-7937-4f91-0e86a441f139" testName="SchoolManagementApplciation.Tests.SqlControlTests.ExecProc_WithParams_ParamsRemainAfterFailure" computerName="2565563ec583" duration="00:00:00.0001126" startTime="2026-09-12T09:15:02.0714259+00:00" endTime="2026-09-12T09:15:02.0714259+00:00" testType="13cdc9d9-ddb5-4fa4-a97d-d965ccfc6d4b" outcome="Passed" testListId="8c84fa94-04c1-424b-9868-57a2d4851a1d" relativeResultsDirectory="5241c31d-e312-4d45-9de1-04059a6c9df3" />
    <UnitTestResult executionId="39a9f64d-4c0b-4901-a7d2-aaed8785272d" testId="c34b7bd0-6165-1ad4-25ae-7b7bf9e0be92" testName="SchoolManagementApplciation.Tests.ExternMethodsTests.IsNumber_NegativeDouble_ReturnsDoubleType" computerName="2565563ec583" duration="00:00:00.0000682" startTime="2026-09-12T09:15:02.0649781+00:00" endTime="2026-09-12T09:15:02.0649782+00:00" testType="13cdc9d9-ddb5-4fa4-a97d-d965ccfc6d4b" outcome="Passed" testListId="8c84fa94-04c1-424b-9868-57a2d4851a1d" relativeResultsDirectory="39a9f64d-4c0b-4901-a7d2-aaed8785272d" />
  </Results>
  <TestDefinitions>
    <UnitTest name="SchoolManagementApplciation.Tests.ExternMethodsTests.IsNumber_UShort_ReturnsUShortType" storage="/modernize-data/studio-data/tnt1001/app763070/transformed-code/163/studio-workspace/common services/tests/bin/debug/net9.0/schoolmanagementapplciation.tests.dll" id="b553f076-e50f-4ec1-0a19-bdbbb07a1689">
      <Execution id="fce67439-0061-4bae-8e06-f699f5054cdc" />
      <TestMethod codeBase="/modernize-data/studio-data/TNT1001/APP763070/transformed-code/163/studio-workspace/Common Services/Tests/bin/Debug/net9.0/SchoolManagementApplciation.Tests.dll" adapterTypeName="executor://xunit/VsTestRunner2/netcoreapp" className="SchoolManagementApplciation.Tests.ExternMethodsTests" name="IsNumber_UShort_ReturnsUShortType" />
    </UnitTest>
    <UnitTest name="SchoolManagementApplciation.Tests.ExternMethodsTests.ToShortMonthName_IsShorterThanOrEqualToFullName" storage="/modernize-data/studio-data/tnt1001/app763070/transformed-code/163/studio-workspace/common services/tests/bin/debug/net9.0/schoolmanagementapplciation.tests.dll" id="eaa281d3-218c-76bd-1142-396eaa9d151e">
      <Execution id="e7ecbe10-e380-4372-a38b-b10855924668" />
      <TestMethod codeBase="/modernize-data/studio-data/TNT1001/APP763070/transformed-code/163/studio-workspace/Common Services/Tests/bin/Debug/net9.0/SchoolManagementApplciation.Tests.dll" adapterTypeName="executor://xunit/VsTestRunner2/netcoreapp" className="SchoolManagementApplciation.Tests.ExternMethodsTests" name="ToShortMonthName_IsShorterThanOrEqualToFullName" />
    </UnitTest>
    <UnitTest name="SchoolManagementApplciation.Tests.ExternMethodsTests.IsNumber_UInt_ReturnsUIntType" storage="/modernize-data/studio-data/tnt1001/app763070/transformed-code/163/studio-workspace/common services/tests/bin/debug/net9.0/schoolmanagementapplciation.tests.dll" id="4e16b8c4-a3d7-663a-c9d9-45d2ae9291d3">
      <Execution id="5e2dfcc4-a3d7-42f4-9446-9601b6990f73" />
      <TestMethod codeBase="/modernize-data/studio-data/TNT1001/APP763070/transformed-code/163/studio-workspace/Common Services/Tests/bin/Debug/net9.0/SchoolManagementApplciation.Tests.dll" adapterTypeName="executor://xunit/VsTestRunner2/netcoreapp" className="SchoolManagementApplciation.Tests.ExternMethodsTests" name="IsNumber_UInt_ReturnsUIntType" />
    </UnitTest>
    <UnitTest name="SchoolManagementApplciation.Tests.ExternMethodsTests.ToMonthName_AllMonths_ReturnsNonEmptyString(month: 10)" storage="/modernize-data/studio-data/tnt1001/app763070/transformed-code/163/studio-workspace/common services/tests/bin/debug/net9.0/schoolmanagementapplciation.tests.dll" id="ca70c439-5e0e-0ef1-1dfb-9035d1949dd5">
      <Execution id="7753359a-5bfc-429c-bca3-e844d5913add" />
      <TestMethod codeBase="/modernize-data/studio-data/TNT1001/APP763070/transformed-code/163/studio-workspace/Common Services/Tests/bin/Debug/net9.0/SchoolManagementApplciation.Tests.dll" adapterTypeName="executor://xunit/VsTestRunner2/netcoreapp" className="SchoolManagementApplciation.Tests.ExternMethodsTests" name="ToMonthName_AllMonths_ReturnsNonEmptyString" />
    </UnitTest>
    <UnitTest name="SchoolManagementApplciation.Tests.ExternMethodsTests.ToShortMonthName_AllMonths_ReturnsNonEmptyString(month: 10)" storage="/modernize-data/studio-data/tnt1001/app763070/transformed-code/163/studio-workspace/common services/tests/bin/debug/net9.0/schoolmanagementapplciation.tests.dll" id="043e78a3-bb90-8132-9412-e5896a3c0390">
      <Execution id="c4f1f70d-f9ad-46cf-8dcd-21d58b6311e6" />
      <TestMethod codeBase="/modernize-data/studio-data/TNT1001/APP763070/transformed-code/163/studio-workspace/Common Services/Tests/bin/Debug/net9.0/SchoolManagementApplciation.Tests.dll" adapterTypeName="executor://xunit/VsTestRunner2/netcoreapp" className="SchoolManagementApplciation.Tests.ExternMethodsTests" name="ToShortMonthName_AllMonths_ReturnsNonEmptyString" />
    </UnitTest>
    <UnitTest name="SchoolManagementApplciation.Tests.SqlControlTests.Constructor_InitializesAdapter_NotNull" storage="/modernize-data/studio-data/tnt1001/app763070/transformed-code/163/studio-workspace/common services/tests/bin/debug/net9.0/schoolmanagementapplciation.tests.dll" id="96366459-6b06-8dd4-5484-3145ef87e7c5">
      <Execution id="2ce30f58-f3ba-429e-892c-6277d19c0ffe" />
      <TestMethod codeBase="/modernize-data/studio-data/TNT1001/APP763070/transformed-code/163/studio-workspace/Common Services/Tests/bin/Debug/net9.0/SchoolManagementApplciation.Tests.dll" adapterTypeName="executor://xunit/VsTestRunner2/netcoreapp" className="SchoolManagementApplciation.Tests.SqlControlTests" name="Constructor_InitializesAdapter_NotNull" />
    </UnitTest>
    <UnitTest name="SchoolManagementApplciation.Tests.ExternMethodsTests.IsNumber_Long_ReturnsLongType" storage="/modernize-data/studio-data/tnt1001/app763070/transformed-code/163/studio-workspace/common services/tests/bin/debug/net9.0/schoolmanagementapplciation.tests.dll" id="77f805be-52ac-4299-33c7-daaa0732d707">
      <Execution id="1b9a7ced-31a1-466f-b59b-a7c904b9d4fa" />
      <TestMethod codeBase="/modernize-data/studio-data/TNT1001/APP763070/transformed-code/163/studio-workspace/Common Services/Tests/bin/Debug/net9.0/SchoolManagementApplciation.Tests.dll" adapterTypeName="executor://xunit/VsTestRunner2/netcoreapp" className="SchoolManagementApplciation.Tests.ExternMethodsTests" name="IsNumber_Long_ReturnsLongType" />
    </UnitTest>
    <UnitTest name="SchoolManagementApplciation.Tests.SqlControlTests.ExecProc_MultipleCallsInSequence_EachResetsState" storage="/modernize-data/studio-data/tnt1001/app763070/transformed-code/163/studio-workspace/common services/tests/bin/debug/net9.0/schoolmanagementapplciation.tests.dll" id="e2a0abdc-694b-4b95-c2b3-4fbe85541480">
      <Execution id="76ad6fbe-ea12-43a0-aa16-9fb960fc000b" />
      <TestMethod codeBase="/modernize-data/studio-data/TNT1001/APP763070/transformed-code/163/studio-workspace/Common Services/Tests/bin/Debug/net9.0/SchoolManagementApplciation.Tests.dll" adapterTypeName="executor://xunit/VsTestRunner2/netcoreapp" className="SchoolManagementApplciation.Tests.SqlControlTests" name="ExecProc_MultipleCallsInSequence_EachResetsState" />
    </UnitTest>
    <UnitTest name="SchoolManagementApplciation.Tests.ExternMethodsTests.ToShortMonthName_AllMonths_ReturnsNonEmptyString(month: 5)" storage="/modernize-data/studio-data/tnt1001/app763070/transformed-code/163/studio-workspace/common services/tests/bin/debug/net9.0/schoolmanagementapplciation.tests.dll" id="f4253e8c-4c1e-4657-1def-84d9ca8f4cb4">
      <Execution id="5465e810-2541-470f-aff7-bb51318ac03f" />
      <TestMethod codeBase="/modernize-data/studio-data/TNT1001/APP763070/transformed-code/163/studio-workspace/Common Services/Tests/bin/Debug/net9.0/SchoolManagementApplciation.Tests.dll" adapterTypeName="executor://xunit/VsTestRunner2/netcoreapp" className="SchoolManagementApplciation.Tests.ExternMethodsTests" name="ToShortMonthName_AllMonths_ReturnsNonEmptyString" />
    </UnitTest>
    <UnitTest name="SchoolManagementApplciation.Tests.ExternMethodsTests.ToMonthName_June_MatchesCultureInfo" storage="/modernize-data/studio-data/tnt1001/app763070/transformed-code/163/studio-workspace/common services/tests/bin/debug/net9.0/schoolmanagementapplciation.tests.dll" id="2ce1aec7-35aa-a306-48e9-b3700d88376a">
      <Execution id="9132fb3e-3eea-46b2-92ce-17a97a68a417" />
      <TestMethod codeBase="/modernize-data/studio-data/TNT1001/APP763070/transformed-code/163/studio-workspace/Common Services/Tests/bin/Debug/net9.0/SchoolManagementApplciation.Tests.dll" adapterTypeName="executor://xunit/VsTestRunner2/netcoreapp" className="SchoolManagementApplciation.Tests.ExternMethodsTests" name="ToMonthName_June_MatchesCultureInfo" />
    </UnitTest>
    <UnitTest name="SchoolManagementApplciation.Tests.ExternMethodsTests.ToMonthName_AllMonths_ReturnsNonEmptyString(month: 6)" storage="/modernize-data/studio-data/tnt1001/app763070/transformed-code/163/studio-workspace/common services/tests/bin/debug/net9.0/schoolmanagementapplciation.tests.dll" id="87dc098c-200f-7efd-a4c2-815543d513ef">
      <Execution id="0a5f0ea9-b96c-4d1f-8f1d-330a7d1f8641" />
      <TestMethod codeBase="/modernize-data/studio-data/TNT1001/APP763070/transformed-code/163/studio-workspace/Common Services/Tests/bin/Debug/net9.0/SchoolManagementApplciation.Tests.dll" adapterTypeName="executor://xunit/VsTestRunner2/netcoreapp" className="SchoolManagementApplciation.Tests.ExternMethodsTests" name="ToMonthName_AllMonths_ReturnsNonEmptyString" />
    </UnitTest>
    <UnitTest name="SchoolManagementApplciation.Tests.SqlControlTests.DataSet_AfterConstruction_HasNoTables" storage="/modernize-data/studio-data/tnt1001/app763070/transformed-code/163/studio-workspace/common services/tests/bin/debug/net9.0/schoolmanagementapplciation.tests.dll" id="04993e31-8ec8-9946-7933-f96ba58fdc19">
      <Execution id="db5b5902-8646-427b-92bd-28c082fd78ab" />
      <TestMethod codeBase="/modernize-data/studio-data/TNT1001/APP763070/transformed-code/163/studio-workspace/Common Services/Tests/bin/Debug/net9.0/SchoolManagementApplciation.Tests.dll" adapterTypeName="executor://xunit/VsTestRunner2/netcoreapp" className="SchoolManagementApplciation.Tests.SqlControlTests" name="DataSet_AfterConstruction_HasNoTables" />
    </UnitTest>
    <UnitTest name="SchoolManagementApplciation.Tests.ExternMethodsTests.ToShortMonthName_AllMonths_ReturnsNonEmptyString(month: 1)" storage="/modernize-data/studio-data/tnt1001/app763070/transformed-code/163/studio-workspace/common services/tests/bin/debug/net9.0/schoolmanagementapplciation.tests.dll" id="b05f5072-4d4a-2feb-bed2-5e0202919476">
      <Execution id="17868add-bf4c-4644-a047-65d6d9560e3a" />
      <TestMethod codeBase="/modernize-data/studio-data/TNT1001/APP763070/transformed-code/163/studio-workspace/Common Services/Tests/bin/Debug/net9.0/SchoolManagementApplciation.Tests.dll" adapterTypeName="executor://xunit/VsTestRunner2/netcoreapp" className="SchoolManagementApplciation.Tests.ExternMethodsTests" name="ToShortMonthName_AllMonths_ReturnsNonEmptyString" />
    </UnitTest>
    <UnitTest name="SchoolManagementApplciation.Tests.SqlControlTests.ExecSql_WithInvalidConnection_CountRemainsZero" storage="/modernize-data/studio-data/tnt1001/app763070/transformed-code/163/studio-workspace/common services/tests/bin/debug/net9.0/schoolmanagementapplciation.tests.dll" id="acea3922-ae45-9da0-9fa5-30e1de47f573">
      <Execution id="6cd9b022-d489-46af-98bb-91347f5376ea" />
      <TestMethod codeBase="/modernize-data/studio-data/TNT1001/APP763070/transformed-code/163/studio-workspace/Common Services/Tests/bin/Debug/net9.0/SchoolManagementApplciation.Tests.dll" adapterTypeName="executor://xunit/VsTestRunner2/netcoreapp" className="SchoolManagementApplciation.Tests.SqlControlTests" name="ExecSql_WithInvalidConnection_CountRemainsZero" />
    </UnitTest>
    <UnitTest name="SchoolManagementApplciation.Tests.SqlControlTests.AddPrams_DateTimeValue_StoredCorrectly" storage="/modernize-data/studio-data/tnt1001/app763070/transformed-code/163/studio-workspace/common services/tests/bin/debug/net9.0/schoolmanagementapplciation.tests.dll" id="0fa34ee3-c2bc-3b8b-2807-78dd82708dcd">
      <Execution id="5c8fa30f-a8a1-4328-a9d4-a4ade2c9c036" />
      <TestMethod codeBase="/modernize-data/studio-data/TNT1001/APP763070/transformed-code/163/studio-workspace/Common Services/Tests/bin/Debug/net9.0/SchoolManagementApplciation.Tests.dll" adapterTypeName="executor://xunit/VsTestRunner2/netcoreapp" className="SchoolManagementApplciation.Tests.SqlControlTests" name="AddPrams_DateTimeValue_StoredCorrectly" />
    </UnitTest>
    <UnitTest name="SchoolManagementApplciation.Tests.ExternMethodsTests.ToMonthName_AllMonths_ReturnsNonEmptyString(month: 1)" storage="/modernize-data/studio-data/tnt1001/app763070/transformed-code/163/studio-workspace/common services/tests/bin/debug/net9.0/schoolmanagementapplciation.tests.dll" id="01132d14-54be-2ac4-7a54-3cf9b4423c21">
      <Execution id="c1d16300-827c-4d68-ac6b-8298693a0b05" />
      <TestMethod codeBase="/modernize-data/studio-data/TNT1001/APP763070/transformed-code/163/studio-workspace/Common Services/Tests/bin/Debug/net9.0/SchoolManagementApplciation.Tests.dll" adapterTypeName="executor://xunit/VsTestRunner2/netcoreapp" className="SchoolManagementApplciation.Tests.ExternMethodsTests" name="ToMonthName_AllMonths_ReturnsNonEmptyString" />
    </UnitTest>
    <UnitTest name="SchoolManagementApplciation.Tests.ExternMethodsTests.ToMonthName_AllMonths_ReturnsNonEmptyString(month: 3)" storage="/modernize-data/studio-data/tnt1001/app763070/transformed-code/163/studio-workspace/common services/tests/bin/debug/net9.0/schoolmanagementapplciation.tests.dll" id="df044449-7a0d-496f-4b81-d8c05e639e51">
      <Execution id="5c5065f2-e40d-443c-bb0d-8f73d94cf59c" />
      <TestMethod codeBase="/modernize-data/studio-data/TNT1001/APP763070/transformed-code/163/studio-workspace/Common Services/Tests/bin/Debug/net9.0/SchoolManagementApplciation.Tests.dll" adapterTypeName="executor://xunit/VsTestRunner2/netcoreapp" className="SchoolManagementApplciation.Tests.ExternMethodsTests" name="ToMonthName_AllMonths_ReturnsNonEmptyString" />
    </UnitTest>
    <UnitTest name="SchoolManagementApplciation.Tests.SqlControlTests.ExecProc_WithInvalidConnection_SetsExepMessage" storage="/modernize-data/studio-data/tnt1001/app763070/transformed-code/163/studio-workspace/common services/tests/bin/debug/net9.0/schoolmanagementapplciation.tests.dll" id="97d933eb-d3cf-5bf2-e7a3-cd17afd9296b">
      <Execution id="b861f08d-8ab4-4770-9ed8-bc49f3865fa9" />
      <TestMethod codeBase="/modernize-data/studio-data/TNT1001/APP763070/transformed-code/163/studio-workspace/Common Services/Tests/bin/Debug/net9.0/SchoolManagementApplciation.Tests.dll" adapterTypeName="executor://xunit/VsTestRunner2/netcoreapp" className="SchoolManagementApplciation.Tests.SqlControlTests" name="ExecProc_WithInvalidConnection_SetsExepMessage" />
    </UnitTest>
    <UnitTest name="SchoolManagementApplciation.Tests.ExternMethodsTests.IsNumber_DoubleNaN_ReturnsDoubleType" storage="/modernize-data/studio-data/tnt1001/app763070/transformed-code/163/studio-workspace/common services/tests/bin/debug/net9.0/schoolmanagementapplciation.tests.dll" id="66b284a2-707e-e7e2-d1bb-4633a2565987">
      <Execution id="a316ecc3-1608-4129-ae66-58e155a5bb30" />
      <TestMethod codeBase="/modernize-data/studio-data/TNT1001/APP763070/transformed-code/163/studio-workspace/Common Services/Tests/bin/Debug/net9.0/SchoolManagementApplciation.Tests.dll" adapterTypeName="executor://xunit/VsTestRunner2/netcoreapp" className="SchoolManagementApplciation.Tests.ExternMethodsTests" name="IsNumber_DoubleNaN_ReturnsDoubleType" />
    </UnitTest>
    <UnitTest name="SchoolManagementApplciation.Tests.SqlControlTests.AddPrams_SequentialCalls_PreservesOrder" storage="/modernize-data/studio-data/tnt1001/app763070/transformed-code/163/studio-workspace/common services/tests/bin/debug/net9.0/schoolmanagementapplciation.tests.dll" id="caa5d14b-6d26-ab6d-721d-2c3f70da461c">
      <Execution id="cbdf924e-84f9-4af8-9101-859c1b1128a4" />
      <TestMethod codeBase="/modernize-data/studio-data/TNT1001/APP763070/transformed-code/163/studio-workspace/Common Services/Tests/bin/Debug/net9.0/SchoolManagementApplciation.Tests.dll" adapterTypeName="executor://xunit/VsTestRunner2/netcoreapp" className="SchoolManagementApplciation.Tests.SqlControlTests" name="AddPrams_SequentialCalls_PreservesOrder" />
    </UnitTest>
    <UnitTest name="SchoolManagementApplciation.Tests.ExternMethodsTests.IsNumber_ULong_ReturnsULongType" storage="/modernize-data/studio-data/tnt1001/app763070/transformed-code/163/studio-workspace/common services/tests/bin/debug/net9.0/schoolmanagementapplciation.tests.dll" id="48ded6b1-0bd0-d670-4e8d-c48f49b96b13">
      <Execution id="3d5b0d8a-1bb2-44d2-bf26-cef208055205" />
      <TestMethod codeBase="/modernize-data/studio-data/TNT1001/APP763070/transformed-code/163/studio-workspace/Common Services/Tests/bin/Debug/net9.0/SchoolManagementApplciation.Tests.dll" adapterTypeName="executor://xunit/VsTestRunner2/netcoreapp" className="SchoolManagementApplciation.Tests.ExternMethodsTests" name="IsNumber_ULong_ReturnsULongType" />
    </UnitTest>
    <UnitTest name="SchoolManagementApplciation.Tests.SqlControlTests.AddPrams_NullValue_StoredAsDBNull" storage="/modernize-data/studio-data/tnt1001/app763070/transformed-code/163/studio-workspace/common services/tests/bin/debug/net9.0/schoolmanagementapplciation.tests.dll" id="b9cd2e2b-c0f0-e080-062b-799af86a8465">
      <Execution id="f3e73397-cc28-46e8-a4ec-3965ef6fc896" />
      <TestMethod codeBase="/modernize-data/studio-data/TNT1001/APP763070/transformed-code/163/studio-workspace/Common Services/Tests/bin/Debug/net9.0/SchoolManagementApplciation.Tests.dll" adapterTypeName="executor://xunit/VsTestRunner2/netcoreapp" className="SchoolManagementApplciation.Tests.SqlControlTests" name="AddPrams_NullValue_StoredAsDBNull" />
    </UnitTest>
    <UnitTest name="SchoolManagementApplciation.Tests.ExternMethodsTests.IsNumber_Object_ReturnsNull" storage="/modernize-data/studio-data/tnt1001/app763070/transformed-code/163/studio-workspace/common services/tests/bin/debug/net9.0/schoolmanagementapplciation.tests.dll" id="77601e6c-f191-7e06-0fbb-13d177e47e36">
      <Execution id="9ae561a4-c6c8-4fca-8709-7e626d778c78" />
[...]
      <Execution id="6b7fa26a-370a-45a7-9406-1bdcc0ab289b" />
      <TestMethod codeBase="/modernize-data/studio-data/TNT1001/APP763070/transformed-code/163/studio-workspace/Common Services/Tests/bin/Debug/net9.0/SchoolManagementApplciation.Tests.dll" adapterTypeName="executor://xunit/VsTestRunner2/netcoreapp" className="SchoolManagementApplciation.Tests.SqlControlTests" name="ExecSql_WithNoParams_ParamsListRemainsEmpty" />
    </UnitTest>
  </TestDefinitions>
  <TestEntries>
    <TestEntry testId="b553f076-e50f-4ec1-0a19-bdbbb07a1689" executionId="fce67439-0061-4bae-8e06-f699f5054cdc" testListId="8c84fa94-04c1-424b-9868-57a2d4851a1d" />
    <TestEntry testId="c7d2993c-54ba-d538-a6ff-62d273358ba2" executionId="51faf710-de8a-4d22-8ff3-71212544ec80" testListId="8c84fa94-04c1-424b-9868-57a2d4851a1d" />
    <TestEntry testId="f36d2457-9b91-6364-2fc3-e54d501a254f" executionId="438c263a-5a02-462d-9357-dc8c5bb90b6d" testListId="8c84fa94-04c1-424b-9868-57a2d4851a1d" />
    <TestEntry testId="5096b6a8-afca-d735-3464-dffd45502bc3" executionId="5b49e047-1ee7-4464-8f31-993a2178d09a" testListId="8c84fa94-04c1-424b-9868-57a2d4851a1d" />
    <TestEntry testId="77f805be-52ac-4299-33c7-daaa0732d707" executionId="1b9a7ced-31a1-466f-b59b-a7c904b9d4fa" testListId="8c84fa94-04c1-424b-9868-57a2d4851a1d" />
    <TestEntry testId="98b46203-0279-865b-4710-c06e6acff9f5" executionId="5a98f0ca-a75e-4b46-8f42-df90cd4ad738" testListId="8c84fa94-04c1-424b-9868-57a2d4851a1d" />
    <TestEntry testId="cfc9ebbf-a027-eeb2-61d3-db183a9056f3" executionId="7dc8e787-9247-4cb2-b7ec-c56ba6fc98bb" testListId="8c84fa94-04c1-424b-9868-57a2d4851a1d" />
    <TestEntry testId="e2add62b-772b-71ce-d2f2-bd473d3856ed" executionId="2b2ceaf8-6c08-4a23-ac54-77ade08d3b90" testListId="8c84fa94-04c1-424b-9868-57a2d4851a1d" />
    <TestEntry testId="0d51958d-132d-9cee-d499-d627fa8ce579" executionId="269cc524-df09-4b3c-8c63-edc645828712" testListId="8c84fa94-04c1-424b-9868-57a2d4851a1d" />
    <TestEntry testId="d77375c2-520d-970d-a34e-0288d587bdad" executionId="06cb8fa0-18c8-48bb-9c55-eb087496c089" testListId="8c84fa94-04c1-424b-9868-57a2d4851a1d" />
    <TestEntry testId="4f0b7b44-f804-f19c-1c29-1d05fcac837e" executionId="5a71addc-fd12-4e48-8c96-40cb14dddd35" testListId="8c84fa94-04c1-424b-9868-57a2d4851a1d" />
    <TestEntry testId="ca48d5be-5518-9dea-1d90-54bbd40d274d" executionId="28646ba8-6aa1-489b-8ada-d8a83cc37358" testListId="8c84fa94-04c1-424b-9868-57a2d4851a1d" />
    <TestEntry testId="0fa34ee3-c2bc-3b8b-2807-78dd82708dcd" executionId="5c8fa30f-a8a1-4328-a9d4-a4ade2c9c036" testListId="8c84fa94-04c1-424b-9868-57a2d4851a1d" />
    <TestEntry testId="cdbeac4e-792f-0d81-5579-3301c6b25757" executionId="f4348d27-3f39-408d-ac93-452fe310477e" testListId="8c84fa94-04c1-424b-9868-57a2d4851a1d" />
    <TestEntry testId="e2ef7fb6-638a-a54d-a6f6-7f3de5966773" executionId="8f7ee867-d99d-4670-92de-dd328466d6a5" testListId="8c84fa94-04c1-424b-9868-57a2d4851a1d" />
    <TestEntry testId="a016c851-6b69-f707-71f8-adf45ccc754a" executionId="af8bf308-985d-4420-89b3-24b8b314d155" testListId="8c84fa94-04c1-424b-9868-57a2d4851a1d" />
    <TestEntry testId="ca70c439-5e0e-0ef1-1dfb-9035d1949dd5" executionId="7753359a-5bfc-429c-bca3-e844d5913add" testListId="8c84fa94-04c1-424b-9868-57a2d4851a1d" />
    <TestEntry testId="b0a87c2b-5ca2-ad9c-48f6-28643935b775" executionId="8d30c5b6-2757-4a1b-a78f-adc1e43b8daf" testListId="8c84fa94-04c1-424b-9868-57a2d4851a1d" />
    <TestEntry testId="36b493ff-5c98-b5ef-2f68-d232cf8dd666" executionId="9594a037-db15-4f7a-b9aa-c6cbe944cf8e" testListId="8c84fa94-04c1-424b-9868-57a2d4851a1d" />
    <TestEntry testId="9eb8ac2f-a90f-815e-4454-04fef59ebc16" executionId="6a2ad03b-a2fa-435a-90c9-f2c4c4d7c293" testListId="8c84fa94-04c1-424b-9868-57a2d4851a1d" />
    <TestEntry testId="2330f4c3-9ca2-54e7-b0e5-32dfcbaae802" executionId="771a5c68-18bb-477e-a480-c34af291e18f" testListId="8c84fa94-04c1-424b-9868-57a2d4851a1d" />
    <TestEntry testId="48ded6b1-0bd0-d670-4e8d-c48f49b96b13" executionId="3d5b0d8a-1bb2-44d2-bf26-cef208055205" testListId="8c84fa94-04c1-424b-9868-57a2d4851a1d" />
    <TestEntry testId="5f629f32-a943-bf0e-ea38-79e5377d50a8" executionId="096edf6f-b319-40c1-9801-49b166c5d56e" testListId="8c84fa94-04c1-424b-9868-57a2d4851a1d" />
    <TestEntry testId="b9cd2e2b-c0f0-e080-062b-799af86a8465" executionId="f3e73397-cc28-46e8-a4ec-3965ef6fc896" testListId="8c84fa94-04c1-424b-9868-57a2d4851a1d" />
    <TestEntry testId="66b284a2-707e-e7e2-d1bb-4633a2565987" executionId="a316ecc3-1608-4129-ae66-58e155a5bb30" testListId="8c84fa94-04c1-424b-9868-57a2d4851a1d" />
    <TestEntry testId="7304b34e-4837-cc10-159a-eb1bff7f66b0" executionId="0cfe54a2-d4f9-4a0d-a95e-c490e69a653a" testListId="8c84fa94-04c1-424b-9868-57a2d4851a1d" />
    <TestEntry testId="b4f3fb62-75e5-f57c-cd15-15a962ba0fe9" executionId="bd47e0d1-37ba-4797-b4f3-a0c4696acdd5" testListId="8c84fa94-04c1-424b-9868-57a2d4851a1d" />
    <TestEntry testId="91076533-c38d-7537-9021-351fe590e494" executionId="5b102191-99f7-412b-af8f-bf14927d967c" testListId="8c84fa94-04c1-424b-9868-57a2d4851a1d" />
    <TestEntry testId="d36fb465-dc32-2433-5202-eb7c03631bb0" executionId="6b7fa26a-370a-45a7-9406-1bdcc0ab289b" testListId="8c84fa94-04c1-424b-9868-57a2d4851a1d" />
    <TestEntry testId="0a7cd1d3-a6ce-3394-f206-dc7c9d8780e3" executionId="580e0235-260e-43ec-b569-eb96b57e8f27" testListId="8c84fa94-04c1-424b-9868-57a2d4851a1d" />
    <TestEntry testId="4e75e5cb-f7e8-e4b1-a3f1-d226f95d9b5f" executionId="aaec8f3b-5df8-4970-a2c6-9bf192f23a4b" testListId="8c84fa94-04c1-424b-9868-57a2d4851a1d" />
    <TestEntry testId="08bf9528-11fe-2340-41c0-54007078e857" executionId="712b7040-4d4e-40c6-bc3f-35b3d0118a08" testListId="8c84fa94-04c1-424b-9868-57a2d4851a1d" />
    <TestEntry testId="d444ac22-ef8d-6b12-baf9-926a68133c97" executionId="9fe2fe85-d83a-4717-b29e-a9fd2d473748" testListId="8c84fa94-04c1-424b-9868-57a2d4851a1d" />
    <TestEntry testId="52c4e957-d213-71b9-a67f-364f2903979a" executionId="148333fd-31b7-415d-8c74-c197413a403f" testListId="8c84fa94-04c1-424b-9868-57a2d4851a1d" />
    <TestEntry testId="a85d88a7-ebb1-8150-3fac-f966c56d4226" executionId="9634cc34-3305-4fdf-987e-a2d3c3bb3040" testListId="8c84fa94-04c1-424b-9868-57a2d4851a1d" />
    <TestEntry testId="e5770045-7503-b8f9-1205-728468e842e8" executionId="e3bac78d-7ffe-4bb4-b58e-90d8c1b151a2" testListId="8c84fa94-04c1-424b-9868-57a2d4851a1d" />
    <TestEntry testId="d3e150f1-15fb-b674-72d7-4d7afc6cd071" executionId="86cbbcbb-e544-4fb4-bb8f-b2b4556eea83" testListId="8c84fa94-04c1-424b-9868-57a2d4851a1d" />
    <TestEntry testId="9bd25ee0-298a-6844-e685-c7ebd6d4ff6a" executionId="d99c4926-538c-4175-9c64-8a3b9ad709ee" testListId="8c84fa94-04c1-424b-9868-57a2d4851a1d" />
    <TestEntry testId="a4374937-dc98-037b-b7b4-08d10cc1ad96" executionId="d466ad64-6c15-45da-bd5d-e3bb094df4a0" testListId="8c84fa94-04c1-424b-9868-57a2d4851a1d" />
    <TestEntry testId="77601e6c-f191-7e06-0fbb-13d177e47e36" executionId="9ae561a4-c6c8-4fca-8709-7e626d778c78" testListId="8c84fa94-04c1-424b-9868-57a2d4851a1d" />
    <TestEntry testId="0b170702-bac1-146b-bee2-1a4c080c974c" executionId="9fba2e60-34dc-4002-8187-ccdd4d7da794" testListId="8c84fa94-04c1-424b-9868-57a2d4851a1d" />
    <TestEntry testId="87dc098c-200f-7efd-a4c2-815543d513ef" executionId="0a5f0ea9-b96c-4d1f-8f1d-330a7d1f8641" testListId="8c84fa94-04c1-424b-9868-57a2d4851a1d" />
    <TestEntry testId="e353c81d-db03-8cc2-d2b9-e828f2ade959" executionId="ec1eb15f-3e60-4db9-9a27-6689d0e05018" testListId="8c84fa94-04c1-424b-9868-57a2d4851a1d" />
    <TestEntry testId="043e78a3-bb90-8132-9412-e5896a3c0390" executionId="c4f1f70d-f9ad-46cf-8dcd-21d58b6311e6" testListId="8c84fa94-04c1-424b-9868-57a2d4851a1d" />
    <TestEntry testId="b820cafb-687a-b572-b8ad-364c997354b0" executionId="c05c561b-ef8c-4a16-a6ed-6568f9adacbf" testListId="8c84fa94-04c1-424b-9868-57a2d4851a1d" />
    <TestEntry testId="ed591f37-1e39-6f3d-d308-af2293d05666" executionId="a0beff29-6375-4350-9ec6-e5bc4a2874c5" testListId="8c84fa94-04c1-424b-9868-57a2d4851a1d" />
    <TestEntry testId="f8630abd-1d05-e38b-c8ef-b97b1a3887d9" executionId="53c13d5c-6b3e-4838-8d69-7c70e875a575" testListId="8c84fa94-04c1-424b-9868-57a2d4851a1d" />
    <TestEntry testId="83720158-f478-f02b-deeb-052792a5fc2a" executionId="7833c0b7-de03-422f-a0bf-2f5841b57c81" testListId="8c84fa94-04c1-424b-9868-57a2d4851a1d" />
    <TestEntry testId="96366459-6b06-8dd4-5484-3145ef87e7c5" executionId="2ce30f58-f3ba-429e-892c-6277d19c0ffe" testListId="8c84fa94-04c1-424b-9868-57a2d4851a1d" />
    <TestEntry testId="d6d2f320-c595-ff5f-9992-53b04d528d57" executionId="a2997133-153b-41bf-8d06-69f3a787231d" testListId="8c84fa94-04c1-424b-9868-57a2d4851a1d" />
    <TestEntry testId="612a9423-08c9-8d6e-1ab0-49e250a32bba" executionId="d03b3dc0-5e7c-4310-b010-ec8eb2a2a1ac" testListId="8c84fa94-04c1-424b-9868-57a2d4851a1d" />
    <TestEntry testId="3c0d1c5b-5931-71d6-ea89-f34f2dd5d0aa" executionId="d9d04c2a-85fc-4c58-a239-6ffd2e7e73c3" testListId="8c84fa94-04c1-424b-9868-57a2d4851a1d" />
    <TestEntry testId="f998bfb0-2973-c2c0-6d8a-1df4db8ac643" executionId="947ac28a-a95d-4644-8fb5-923394dc23ee" testListId="8c84fa94-04c1-424b-9868-57a2d4851a1d" />
    <TestEntry testId="ac65841a-792b-c265-6fd5-d1bef0e4bb33" executionId="48060583-e6a0-43f1-a5c5-28752215b2f6" testListId="8c84fa94-04c1-424b-9868-57a2d4851a1d" />
    <TestEntry testId="c6f95498-b553-996b-84c2-add4fb751366" executionId="52352fd2-39d3-4d5e-825d-7c2911811d77" testListId="8c84fa94-04c1-424b-9868-57a2d4851a1d" />
    <TestEntry testId="ce3ed937-a421-aac5-e5d4-e8a9716acf3c" executionId="e1a8ba75-30b9-4b24-be6b-06a3ee47e250" testListId="8c84fa94-04c1-424b-9868-57a2d4851a1d" />
    <TestEntry testId="eaa281d3-218c-76bd-1142-396eaa9d151e" executionId="e7ecbe10-e380-4372-a38b-b10855924668" testListId="8c84fa94-04c1-424b-9868-57a2d4851a1d" />
    <TestEntry testId="dc99a573-4fc4-1c31-ad4c-49752a47de3d" executionId="8b59fc2f-048a-4f41-a4ec-fc1614ca22be" testListId="8c84fa94-04c1-424b-9868-57a2d4851a1d" />
    <TestEntry testId="efbaba58-10cd-df62-072f-f8142fccd995" executionId="e6e78830-5d24-48fa-8e52-16ad848c0c05" testListId="8c84fa94-04c1-424b-9868-57a2d4851a1d" />
    <TestEntry testId="288b422d-7947-335d-95e6-317832045ad7" executionId="67656bfe-29e6-4e1c-8939-9ca79295841a" testListId="8c84fa94-04c1-424b-9868-57a2d4851a1d" />
    <TestEntry testId="0160dbba-7111-415d-fd82-5a5611d1566f" executionId="d67774e7-7791-4357-810a-d8f817fcce0d" testListId="8c84fa94-04c1-424b-9868-57a2d4851a1d" />
    <TestEntry testId="f0b7bae0-897a-7a0a-4caa-254ac472ba3b" executionId="89f99a95-6ada-476c-92f7-5185cdeb8dbf" testListId="8c84fa94-04c1-424b-9868-57a2d4851a1d" />
    <TestEntry testId="a765062b-5ebd-bb28-8205-363cf33fef0b" executionId="1347bd48-04b2-440d-bc11-3dcfaa6bdb8e" testListId="8c84fa94-04c1-424b-9868-57a2d4851a1d" />
    <TestEntry testId="b05f5072-4d4a-2feb-bed2-5e0202919476" executionId="17868add-bf4c-4644-a047-65d6d9560e3a" testListId="8c84fa94-04c1-424b-9868-57a2d4851a1d" />
    <TestEntry testId="2ce1aec7-35aa-a306-48e9-b3700d88376a" executionId="9132fb3e-3eea-46b2-92ce-17a97a68a417" testListId="8c84fa94-04c1-424b-9868-57a2d4851a1d" />
    <TestEntry testId="c0a0b32b-8a39-aeed-6964-da30755f2fc2" executionId="7848f9b8-5ebd-411a-a89e-c7446dc8169b" testListId="8c84fa94-04c1-424b-9868-57a2d4851a1d" />
    <TestEntry testId="f989973d-9ca0-2c44-03cf-46b5da7c5a88" executionId="11dfb1f8-9ffb-49de-a3f0-17476ca855d6" testListId="8c84fa94-04c1-424b-9868-57a2d4851a1d" />
    <TestEntry testId="caa5d14b-6d26-ab6d-721d-2c3f70da461c" executionId="cbdf924e-84f9-4af8-9101-859c1b1128a4" testListId="8c84fa94-04c1-424b-9868-57a2d4851a1d" />
    <TestEntry testId="408b04ec-ba90-4906-0a19-ec577dd07487" executionId="ba0ecafa-46a5-42e0-a4b3-126ef496b9e1" testListId="8c84fa94-04c1-424b-9868-57a2d4851a1d" />
    <TestEntry testId="04993e31-8ec8-9946-7933-f96ba58fdc19" executionId="db5b5902-8646-427b-92bd-28c082fd78ab" testListId="8c84fa94-04c1-424b-9868-57a2d4851a1d" />
    <TestEntry testId="f1c98722-0659-845f-371d-971bd2538a69" executionId="2812b895-8607-476b-94f0-0464af2a0e2a" testListId="8c84fa94-04c1-424b-9868-57a2d4851a1d" />
    <TestEntry testId="375a771d-539e-9e14-55f1-5013a6d1c1a4" executionId="cfd7f1b0-29f4-4ed1-988f-82be10e591fa" testListId="8c84fa94-04c1-424b-9868-57a2d4851a1d" />
    <TestEntry testId="82c8dd09-9646-a207-0dd4-f066475c2839" executionId="8cafceca-94da-43ad-83d1-603631d8bb55" testListId="8c84fa94-04c1-424b-9868-57a2d4851a1d" />
    <TestEntry testId="df044449-7a0d-496f-4b81-d8c05e639e51" executionId="5c5065f2-e40d-443c-bb0d-8f73d94cf59c" testListId="8c84fa94-04c1-424b-9868-57a2d4851a1d" />
    <TestEntry testId="7a119f16-77e3-3971-29f6-f2ab709bf2c2" executionId="660130d8-2c61-4655-8567-eb0354a20e90" testListId="8c84fa94-04c1-424b-9868-57a2d4851a1d" />
    <TestEntry testId="acea3922-ae45-9da0-9fa5-30e1de47f573" executionId="6cd9b022-d489-46af-98bb-91347f5376ea" testListId="8c84fa94-04c1-424b-9868-57a2d4851a1d" />
    <TestEntry testId="b70d9837-12bc-bfcc-4f96-40441f0d6024" executionId="2301494c-b4aa-4da4-95e4-dcc51a818325" testListId="8c84fa94-04c1-424b-9868-57a2d4851a1d" />
    <TestEntry testId="abafb1c7-613e-307f-f9c4-56bdde16c695" executionId="0cb2158f-4f08-493b-b9b1-e3f2841bac55" testListId="8c84fa94-04c1-424b-9868-57a2d4851a1d" />
    <TestEntry testId="5453e9c4-ebc2-7936-0225-4b0922785213" executionId="55cd6890-339a-4764-abbe-05ace9d9c545" testListId="8c84fa94-04c1-424b-9868-57a2d4851a1d" />
    <TestEntry testId="e69888ec-5de3-cc53-6c97-8943594d62c0" executionId="35331b29-4022-42a8-b144-a51bf88e6fed" testListId="8c84fa94-04c1-424b-9868-57a2d4851a1d" />
    <TestEntry testId="05c2c89b-0880-34eb-2fd2-9360ecde679e" executionId="d8ba6c10-1df2-4bce-b462-d53d4558b8f3" testListId="8c84fa94-04c1-424b-9868-57a2d4851a1d" />
    <TestEntry testId="c845f00c-d626-667d-b87b-880d7e574b58" executionId="eae3a3e1-4590-4eec-ab5e-4f5ebfc273a9" testListId="8c84fa94-04c1-424b-9868-57a2d4851a1d" />
    <TestEntry testId="34b987c0-c0f0-e8ea-db1a-2a4832a2dd1e" executionId="059ec666-e524-4500-aa27-edaed1b95e10" testListId="8c84fa94-04c1-424b-9868-57a2d4851a1d" />
    <TestEntry testId="146231b2-cc60-c57e-8c47-dd528035ddba" executionId="fa9c0a2d-304e-4a81-bf34-6d555a120573" testListId="8c84fa94-04c1-424b-9868-57a2d4851a1d" />
    <TestEntry testId="733122aa-81c1-dc37-2cd9-5a08a75715a7" executionId="932165e8-d4be-43e6-9dbd-a3d1f3ef9367" testListId="8c84fa94-04c1-424b-9868-57a2d4851a1d" />
    <TestEntry testId="e2a0abdc-694b-4b95-c2b3-4fbe85541480" executionId="76ad6fbe-ea12-43a0-aa16-9fb960fc000b" testListId="8c84fa94-04c1-424b-9868-57a2d4851a1d" />
    <TestEntry testId="4ca7f722-646e-9a72-20ab-789860035920" executionId="7b2b16a1-4c6c-4169-9d2c-eb5190d8d324" testListId="8c84fa94-04c1-424b-9868-57a2d4851a1d" />
    <TestEntry testId="1a83536c-d162-7aed-320b-6ab75931f9ec" executionId="3901e0ec-9972-43f7-998d-b7251c452cd0" testListId="8c84fa94-04c1-424b-9868-57a2d4851a1d" />
    <TestEntry testId="4e16b8c4-a3d7-663a-c9d9-45d2ae9291d3" executionId="5e2dfcc4-a3d7-42f4-9446-9601b6990f73" testListId="8c84fa94-04c1-424b-9868-57a2d4851a1d" />
    <TestEntry testId="06b6efc8-9cf9-7ef0-3ebb-d1557c593dcc" executionId="6e502c33-e890-4631-9b16-cf5ef8d08fe8" testListId="8c84fa94-04c1-424b-9868-57a2d4851a1d" />
    <TestEntry testId="3af41813-6a1f-4fd4-cdd7-89d3addc8fca" executionId="7acb3a36-a00d-44db-bda6-010e1ea2414e" testListId="8c84fa94-04c1-424b-9868-57a2d4851a1d" />
    <TestEntry testId="1d24c54f-68ca-5344-97d2-f0322dc030f0" executionId="a5fee522-b8fb-4ea4-ade4-2d360f7263ce" testListId="8c84fa94-04c1-424b-9868-57a2d4851a1d" />
    <TestEntry testId="2e6ab98c-dae6-498c-fd98-0c249b30d810" executionId="a123074b-23bf-4dd8-b2e3-a0edb61a56f9" testListId="8c84fa94-04c1-424b-9868-57a2d4851a1d" />
    <TestEntry testId="a2bcce0b-be14-8abe-2e4c-1acab07f0fcb" executionId="f7afd5b3-44bb-49b3-97f2-9b60b55a3e9f" testListId="8c84fa94-04c1-424b-9868-57a2d4851a1d" />
    <TestEntry testId="8d47f801-88e5-ad30-6dec-9c51a8b01289" executionId="38a4c80d-dae9-4908-a7c1-f276166b05ff" testListId="8c84fa94-04c1-424b-9868-57a2d4851a1d" />
    <TestEntry testId="d10277da-d695-2e48-51c6-af62630101a3" executionId="7a6dd716-c079-4290-9272-57e160c15754" testListId="8c84fa94-04c1-424b-9868-57a2d4851a1d" />
    <TestEntry testId="872d070f-32c8-5343-681c-d4d492b9fd28" executionId="c490aa36-51a8-405c-b095-ccc318c86ac9" testListId="8c84fa94-04c1-424b-9868-57a2d4851a1d" />
    <TestEntry testId="f4253e8c-4c1e-4657-1def-84d9ca8f4cb4" executionId="5465e810-2541-470f-aff7-bb51318ac03f" testListId="8c84fa94-04c1-424b-9868-57a2d4851a1d" />
    <TestEntry testId="8edf9aa9-48b3-d63c-e892-34a733628e48" executionId="cadc5b89-86fc-4fb3-baa2-76aaf4618768" testListId="8c84fa94-04c1-424b-9868-57a2d4851a1d" />
    <TestEntry testId="6574e2d4-4a04-af40-caa4-2445766e9ed4" executionId="72339610-7b4b-43a6-b498-966b0b315398" testListId="8c84fa94-04c1-424b-9868-57a2d4851a1d" />
    <TestEntry testId="70476ab3-81d4-aa2a-5094-1979fa6d8178" executionId="8f289561-78b5-4e0a-ad23-7ddd572c0a80" testListId="8c84fa94-04c1-424b-9868-57a2d4851a1d" />
    <TestEntry testId="cbfe1f29-e435-6094-2e70-8e85baa8c298" executionId="6019caf2-e415-4595-8eb7-1d395e93889f" testListId="8c84fa94-04c1-424b-9868-57a2d4851a1d" />
    <TestEntry testId="86fa5dfd-74b9-c78f-a78a-ece3dc368cbe" executionId="35038852-df20-4595-a3c7-033304dc07ea" testListId="8c84fa94-04c1-424b-9868-57a2d4851a1d" />
    <TestEntry testId="770210b8-01c5-6e3e-beea-34078ec86101" executionId="f0dcb8a0-3170-4ea2-86ec-c5d18b0e3287" testListId="8c84fa94-04c1-424b-9868-57a2d4851a1d" />
    <TestEntry testId="a9c9cb1d-0673-b0a6-8541-fbc5332e391e" executionId="ef41b3d9-711a-4e67-b421-8857ef97ef3e" testListId="8c84fa94-04c1-424b-9868-57a2d4851a1d" />
    <TestEntry testId="2bba037d-7646-0172-20dd-ae7a94739549" executionId="c0f1707e-7759-4984-b32a-3dd184b588d9" testListId="8c84fa94-04c1-424b-9868-57a2d4851a1d" />
    <TestEntry testId="08e535e5-689d-746e-5f8f-ff078e514546" executionId="51879c7f-1060-4409-8282-9341968fa7b7" testListId="8c84fa94-04c1-424b-9868-57a2d4851a1d" />
    <TestEntry testId="c34a7d06-5dcf-2ce9-3ad9-34019837d73f" executionId="6b52fc1b-cc68-475e-94d9-3c88a6b97124" testListId="8c84fa94-04c1-424b-9868-57a2d4851a1d" />
    <TestEntry testId="97d933eb-d3cf-5bf2-e7a3-cd17afd9296b" executionId="b861f08d-8ab4-4770-9ed8-bc49f3865fa9" testListId="8c84fa94-04c1-424b-9868-57a2d4851a1d" />
    <TestEntry testId="01132d14-54be-2ac4-7a54-3cf9b4423c21" executionId="c1d16300-827c-4d68-ac6b-8298693a0b05" testListId="8c84fa94-04c1-424b-9868-57a2d4851a1d" />
    <TestEntry testId="bd37b6a6-d459-7937-4f91-0e86a441f139" executionId="5241c31d-e312-4d45-9de1-04059a6c9df3" testListId="8c84fa94-04c1-424b-9868-57a2d4851a1d" />
    <TestEntry testId="c34b7bd0-6165-1ad4-25ae-7b7bf9e0be92" executionId="39a9f64d-4c0b-4901-a7d2-aaed8785272d" testListId="8c84fa94-04c1-424b-9868-57a2d4851a1d" />
  </TestEntries>
  <TestLists>
    <TestList name="Results Not in a List" id="8c84fa94-04c1-424b-9868-57a2d4851a1d" />
    <TestList name="All Loaded Results" id="19431567-8539-422a-85d7-44ee4e166bda" />
  </TestLists>
  <ResultSummary outcome="Completed">
    <Counters total="112" executed="112" passed="112" failed="0" error="0" timeout="0" aborted="0" inconclusive="0" passedButRunAborted="0" notRunnable="0" notExecuted="0" disconnected="0" warning="0" completed="0" inProgress="0" pending="0" />
    <Output>
      <StdOut>[xUnit.net 00:00:00.00] xUnit.net VSTest Adapter v2.5.6+bf9b858c26 (64-bit .NET 9.0.5)
[xUnit.net 00:00:00.05]   Discovering: SchoolManagementApplciation.Tests
[xUnit.net 00:00:00.10]   Discovered:  SchoolManagementApplciation.Tests
[xUnit.net 00:00:00.10]   Starting:    SchoolManagementApplciation.Tests
[xUnit.net 00:00:00.19]   Finished:    SchoolManagementApplciation.Tests
</StdOut>
    </Output>
  </ResultSummary>
</TestRun>