<?xml version="1.0" encoding="utf-8"?>
<CoverageSession>
  <Summary numSequencePoints="537" visitedSequencePoints="520" numBranchPoints="38" visitedBranchPoints="35" sequenceCoverage="96.83" branchCoverage="92.1" maxCyclomaticComplexity="128" minCyclomaticComplexity="128" visitedClasses="4" numClasses="5" visitedMethods="98" numMethods="99" />
  <Modules>
    <Module hash="1A4E693C-CCCC-4454-844A-700BD577F437">
      <ModulePath>SchoolManagementApplciation.Tests.dll</ModulePath>
      <ModuleTime>2026-09-12T09:22:01</ModuleTime>
      <ModuleName>SchoolManagementApplciation.Tests</ModuleName>
      <Files>
        <File uid="1" fullPath="/app/.nuget/packages/microsoft.net.test.sdk/17.9.0/build/netcoreapp3.1/Microsoft.NET.Test.Sdk.Program.cs" />
        <File uid="2" fullPath="/modernize-data/studio-data/TNT1001/APP763070/transformed-code/163/studio-workspace/Common Services/Tests/Stubs/ExternMethodsStub.cs" />
        <File uid="3" fullPath="/modernize-data/studio-data/TNT1001/APP763070/transformed-code/163/studio-workspace/Common Services/Tests/Stubs/SqlControlStub.cs" />
        <File uid="4" fullPath="/modernize-data/studio-data/TNT1001/APP763070/transformed-code/163/studio-workspace/Common Services/Tests/SchoolManagementApplciation/ExternMethodsTests.cs" />
        <File uid="5" fullPath="/modernize-data/studio-data/TNT1001/APP763070/transformed-code/163/studio-workspace/Common Services/Tests/SchoolManagementApplciation/SqlControlTests.cs" />
      </Files>
      <Classes>
        <Class>
          <Summary numSequencePoints="1" visitedSequencePoints="0" numBranchPoints="0" visitedBranchPoints="0" sequenceCoverage="0" branchCoverage="100" maxCyclomaticComplexity="1" minCyclomaticComplexity="1" visitedClasses="0" numClasses="1" visitedMethods="0" numMethods="1" />
          <FullName>AutoGeneratedProgram</FullName>
          <Methods>
            <Method cyclomaticComplexity="1" nPathComplexity="1" sequenceCoverage="0" branchCoverage="100" isConstructor="False" isGetter="False" isSetter="False" isStatic="True">
              <Summary numSequencePoints="1" visitedSequencePoints="0" numBranchPoints="0" visitedBranchPoints="0" sequenceCoverage="0" branchCoverage="100" maxCyclomaticComplexity="1" minCyclomaticComplexity="1" visitedClasses="0" numClasses="0" visitedMethods="0" numMethods="1" />
              <MetadataToken />
              <Name>System.Void AutoGeneratedProgram::Main(System.String[])</Name>
              <FileRef uid="1" />
              <SequencePoints>
                <SequencePoint vc="0" uspid="4" ordinal="0" sl="4" sc="1" el="4" ec="2" bec="0" bev="0" fileid="1" />
              </SequencePoints>
              <BranchPoints />
              <MethodPoint vc="0" uspid="0" p8:type="SequencePoint" ordinal="0" offset="0" sc="0" sl="4" ec="1" el="4" bec="0" bev="0" fileid="1" xmlns:p8="xsi" />
            </Method>
          </Methods>
        </Class>
        <Class>
          <Summary numSequencePoints="20" visitedSequencePoints="20" numBranchPoints="22" visitedBranchPoints="22" sequenceCoverage="100" branchCoverage="100" maxCyclomaticComplexity="22" minCyclomaticComplexity="1" visitedClasses="1" numClasses="1" visitedMethods="3" numMethods="3" />
          <FullName>SchoolManagementApplciation.ExternMethods</FullName>
          <Methods>
            <Method cyclomaticComplexity="22" nPathComplexity="22" sequenceCoverage="100" branchCoverage="100" isConstructor="False" isGetter="False" isSetter="False" isStatic="True">
              <Summary numSequencePoints="14" visitedSequencePoints="14" numBranchPoints="22" visitedBranchPoints="22" sequenceCoverage="100" branchCoverage="100" maxCyclomaticComplexity="22" minCyclomaticComplexity="22" visitedClasses="0" numClasses="0" visitedMethods="1" numMethods="1" />
              <MetadataToken />
              <Name>System.Type SchoolManagementApplciation.ExternMethods::IsNumber(System.Object)</Name>
              <FileRef uid="2" />
              <SequencePoints>
                <SequencePoint vc="31" uspid="15" ordinal="0" sl="15" sc="1" el="15" ec="2" bec="0" bev="0" fileid="2" />
                <SequencePoint vc="32" uspid="16" ordinal="1" sl="16" sc="1" el="16" ec="2" bec="2" bev="2" fileid="2" />
                <SequencePoint vc="33" uspid="17" ordinal="2" sl="17" sc="1" el="17" ec="2" bec="2" bev="2" fileid="2" />
                <SequencePoint vc="28" uspid="18" ordinal="3" sl="18" sc="1" el="18" ec="2" bec="2" bev="2" fileid="2" />
                <SequencePoint vc="27" uspid="19" ordinal="4" sl="19" sc="1" el="19" ec="2" bec="2" bev="2" fileid="2" />
                <SequencePoint vc="30" uspid="20" ordinal="5" sl="20" sc="1" el="20" ec="2" bec="2" bev="2" fileid="2" />
                <SequencePoint vc="21" uspid="21" ordinal="6" sl="21" sc="1" el="21" ec="2" bec="2" bev="2" fileid="2" />
                <SequencePoint vc="21" uspid="22" ordinal="7" sl="22" sc="1" el="22" ec="2" bec="2" bev="2" fileid="2" />
                <SequencePoint vc="18" uspid="23" ordinal="8" sl="23" sc="1" el="23" ec="2" bec="2" bev="2" fileid="2" />
                <SequencePoint vc="18" uspid="24" ordinal="9" sl="24" sc="1" el="24" ec="2" bec="2" bev="2" fileid="2" />
                <SequencePoint vc="19" uspid="25" ordinal="10" sl="25" sc="1" el="25" ec="2" bec="2" bev="2" fileid="2" />
                <SequencePoint vc="12" uspid="26" ordinal="11" sl="26" sc="1" el="26" ec="2" bec="2" bev="2" fileid="2" />
                <SequencePoint vc="6" uspid="27" ordinal="12" sl="27" sc="1" el="27" ec="2" bec="0" bev="0" fileid="2" />
                <SequencePoint vc="31" uspid="28" ordinal="13" sl="28" sc="1" el="28" ec="2" bec="0" bev="0" fileid="2" />
              </SequencePoints>
              <BranchPoints>
                <BranchPoint vc="1" uspid="16" ordinal="0" path="0" offset="12" offsetend="14" sl="16" fileid="2" />
                <BranchPoint vc="30" uspid="16" ordinal="1" path="1" offset="12" offsetend="30" sl="16" fileid="2" />
                <BranchPoint vc="3" uspid="17" ordinal="2" path="0" offset="41" offsetend="43" sl="17" fileid="2" />
                <BranchPoint vc="27" uspid="17" ordinal="3" path="1" offset="41" offsetend="59" sl="17" fileid="2" />
                <BranchPoint vc="1" uspid="18" ordinal="4" path="0" offset="70" offsetend="72" sl="18" fileid="2" />
                <BranchPoint vc="26" uspid="18" ordinal="5" path="1" offset="70" offsetend="88" sl="18" fileid="2" />
                <BranchPoint vc="1" uspid="19" ordinal="6" path="0" offset="101" offsetend="103" sl="19" fileid="2" />
                <BranchPoint vc="25" uspid="19" ordinal="7" path="1" offset="101" offsetend="119" sl="19" fileid="2" />
                <BranchPoint vc="5" uspid="20" ordinal="8" path="0" offset="132" offsetend="134" sl="20" fileid="2" />
                <BranchPoint vc="20" uspid="20" ordinal="9" path="1" offset="132" offsetend="150" sl="20" fileid="2" />
                <BranchPoint vc="1" uspid="21" ordinal="10" path="0" offset="163" offsetend="165" sl="21" fileid="2" />
                <BranchPoint vc="19" uspid="21" ordinal="11" path="1" offset="163" offsetend="181" sl="21" fileid="2" />
                <BranchPoint vc="2" uspid="22" ordinal="12" path="0" offset="194" offsetend="196" sl="22" fileid="2" />
                <BranchPoint vc="17" uspid="22" ordinal="13" path="1" offset="194" offsetend="209" sl="22" fileid="2" />
                <BranchPoint vc="1" uspid="23" ordinal="14" path="0" offset="222" offsetend="224" sl="23" fileid="2" />
                <BranchPoint vc="16" uspid="23" ordinal="15" path="1" offset="222" offsetend="237" sl="23" fileid="2" />
                <BranchPoint vc="2" uspid="24" ordinal="16" path="0" offset="250" offsetend="252" sl="24" fileid="2" />
                <BranchPoint vc="14" uspid="24" ordinal="17" path="1" offset="250" offsetend="265" sl="24" fileid="2" />
                <BranchPoint vc="5" uspid="25" ordinal="18" path="0" offset="278" offsetend="280" sl="25" fileid="2" />
                <BranchPoint vc="9" uspid="25" ordinal="19" path="1" offset="278" offsetend="293" sl="25" fileid="2" />
                <BranchPoint vc="3" uspid="26" ordinal="20" path="0" offset="306" offsetend="308" sl="26" fileid="2" />
                <BranchPoint vc="6" uspid="26" ordinal="21" path="1" offset="306" offsetend="321" sl="26" fileid="2" />
              </BranchPoints>
              <MethodPoint vc="14" uspid="0" p8:type="SequencePoint" ordinal="0" offset="0" sc="0" sl="15" ec="1" el="28" bec="0" bev="0" fileid="2" xmlns:p8="xsi" />
            </Method>
            <Method cyclomaticComplexity="1" nPathComplexity="1" sequenceCoverage="100" branchCoverage="100" isConstructor="False" isGetter="False" isSetter="False" isStatic="True">
              <Summary numSequencePoints="3" visitedSequencePoints="3" numBranchPoints="0" visitedBranchPoints="0" sequenceCoverage="100" branchCoverage="100" maxCyclomaticComplexity="1" minCyclomaticComplexity="1" visitedClasses="0" numClasses="0" visitedMethods="1" numMethods="1" />
              <MetadataToken />
              <Name>System.String SchoolManagementApplciation.ExternMethods::ToMonthName(System.DateTime)</Name>
              <FileRef uid="2" />
              <SequencePoints>
                <SequencePoint vc="34" uspid="31" ordinal="0" sl="31" sc="1" el="31" ec="2" bec="0" bev="0" fileid="2" />
                <SequencePoint vc="34" uspid="32" ordinal="1" sl="32" sc="1" el="32" ec="2" bec="0" bev="0" fileid="2" />
                <SequencePoint vc="34" uspid="33" ordinal="2" sl="33" sc="1" el="33" ec="2" bec="0" bev="0" fileid="2" />
              </SequencePoints>
              <BranchPoints />
              <MethodPoint vc="3" uspid="0" p8:type="SequencePoint" ordinal="1" offset="1" sc="0" sl="31" ec="1" el="33" bec="0" bev="0" fileid="2" xmlns:p8="xsi" />
            </Method>
            <Method cyclomaticComplexity="1" nPathComplexity="1" sequenceCoverage="100" branchCoverage="100" isConstructor="False" isGetter="False" isSetter="False" isStatic="True">
              <Summary numSequencePoints="3" visitedSequencePoints="3" numBranchPoints="0" visitedBranchPoints="0" sequenceCoverage="100" branchCoverage="100" maxCyclomaticComplexity="1" minCyclomaticComplexity="1" visitedClasses="0" numClasses="0" visitedMethods="1" numMethods="1" />
              <MetadataToken />
              <Name>System.String SchoolManagementApplciation.ExternMethods::ToShortMonthName(System.DateTime)</Name>
              <FileRef uid="2" />
              <SequencePoints>
                <SequencePoint vc="31" uspid="36" ordinal="0" sl="36" sc="1" el="36" ec="2" bec="0" bev="0" fileid="2" />
                <SequencePoint vc="31" uspid="37" ordinal="1" sl="37" sc="1" el="37" ec="2" bec="0" bev="0" fileid="2" />
                <SequencePoint vc="31" uspid="38" ordinal="2" sl="38" sc="1" el="38" ec="2" bec="0" bev="0" fileid="2" />
              </SequencePoints>
              <BranchPoints />
              <MethodPoint vc="3" uspid="0" p8:type="SequencePoint" ordinal="2" offset="2" sc="0" sl="36" ec="1" el="38" bec="0" bev="0" fileid="2" xmlns:p8="xsi" />
            </Method>
          </Methods>
        </Class>
        <Class>
          <Summary numSequencePoints="53" visitedSequencePoints="37" numBranchPoints="6" visitedBranchPoints="3" sequenceCoverage="69.81" branchCoverage="50" maxCyclomaticComplexity="2" minCyclomaticComplexity="1" visitedClasses="1" numClasses="1" visitedMethods="4" numMethods="4" />
          <FullName>SchoolManagementApplciation.SqlControl</FullName>
          <Methods>
            <Method cyclomaticComplexity="2" nPathComplexity="2" sequenceCoverage="55" branchCoverage="50" isConstructor="False" isGetter="False" isSetter="False" isStatic="True">
              <Summary numSequencePoints="20" visitedSequencePoints="11" numBranchPoints="2" visitedBranchPoints="1" sequenceCoverage="55" branchCoverage="50" maxCyclomaticComplexity="2" minCyclomaticComplexity="2" visitedClasses="0" numClasses="0" visitedMethods="1" numMethods="1" />
              <MetadataToken />
              <Name>System.Void SchoolManagementApplciation.SqlControl::ExecSql(System.String)</Name>
              <FileRef uid="3" />
              <SequencePoints>
                <SequencePoint vc="13" uspid="37" ordinal="0" sl="37" sc="1" el="37" ec="2" bec="0" bev="0" fileid="3" />
                <SequencePoint vc="13" uspid="38" ordinal="1" sl="38" sc="1" el="38" ec="2" bec="0" bev="0" fileid="3" />
                <SequencePoint vc="13" uspid="39" ordinal="2" sl="39" sc="1" el="39" ec="2" bec="0" bev="0" fileid="3" />
                <SequencePoint vc="13" uspid="41" ordinal="3" sl="41" sc="1" el="41" ec="2" bec="0" bev="0" fileid="3" />
                <SequencePoint vc="13" uspid="42" ordinal="4" sl="42" sc="1" el="42" ec="2" bec="0" bev="0" fileid="3" />
                <SequencePoint vc="0" uspid="43" ordinal="5" sl="43" sc="1" el="43" ec="2" bec="0" bev="0" fileid="3" />
                <SequencePoint vc="0" uspid="44" ordinal="6" sl="44" sc="1" el="44" ec="2" bec="0" bev="0" fileid="3" />
                <SequencePoint vc="0" uspid="45" ordinal="7" sl="45" sc="1" el="45" ec="2" bec="0" bev="0" fileid="3" />
                <SequencePoint vc="0" uspid="46" ordinal="8" sl="46" sc="1" el="46" ec="2" bec="0" bev="0" fileid="3" />
                <SequencePoint vc="0" uspid="47" ordinal="9" sl="47" sc="1" el="47" ec="2" bec="0" bev="0" fileid="3" />
                <SequencePoint vc="0" uspid="48" ordinal="10" sl="48" sc="1" el="48" ec="2" bec="0" bev="0" fileid="3" />
                <SequencePoint vc="0" uspid="49" ordinal="11" sl="49" sc="1" el="49" ec="2" bec="0" bev="0" fileid="3" />
                <SequencePoint vc="0" uspid="50" ordinal="12" sl="50" sc="1" el="50" ec="2" bec="0" bev="0" fileid="3" />
                <SequencePoint vc="13" uspid="51" ordinal="13" sl="51" sc="1" el="51" ec="2" bec="0" bev="0" fileid="3" />
                <SequencePoint vc="13" uspid="52" ordinal="14" sl="52" sc="1" el="52" ec="2" bec="0" bev="0" fileid="3" />
                <SequencePoint vc="13" uspid="53" ordinal="15" sl="53" sc="1" el="53" ec="2" bec="0" bev="0" fileid="3" />
                <SequencePoint vc="13" uspid="54" ordinal="16" sl="54" sc="1" el="54" ec="2" bec="0" bev="0" fileid="3" />
                <SequencePoint vc="13" uspid="55" ordinal="17" sl="55" sc="1" el="55" ec="2" bec="2" bev="1" fileid="3" />
                <SequencePoint vc="0" uspid="56" ordinal="18" sl="56" sc="1" el="56" ec="2" bec="0" bev="0" fileid="3" />
                <SequencePoint vc="13" uspid="57" ordinal="19" sl="57" sc="1" el="57" ec="2" bec="0" bev="0" fileid="3" />
              </SequencePoints>
              <BranchPoints>
                <BranchPoint vc="0" uspid="55" ordinal="0" path="0" offset="186" offsetend="188" sl="55" fileid="3" />
                <BranchPoint vc="13" uspid="55" ordinal="1" path="1" offset="186" offsetend="200" sl="55" fileid="3" />
              </BranchPoints>
              <MethodPoint vc="11" uspid="0" p8:type="SequencePoint" ordinal="0" offset="0" sc="0" sl="37" ec="1" el="57" bec="0" bev="0" fileid="3" xmlns:p8="xsi" />
            </Method>
            <Method cyclomaticComplexity="2" nPathComplexity="2" sequenceCoverage="61.11" branchCoverage="50" isConstructor="False" isGetter="False" isSetter="False" isStatic="True">
              <Summary numSequencePoints="18" visitedSequencePoints="11" numBranchPoints="2" visitedBranchPoints="1" sequenceCoverage="61.11" branchCoverage="50" maxCyclomaticComplexity="2" minCyclomaticComplexity="2" visitedClasses="0" numClasses="0" visitedMethods="1" numMethods="1" />
              <MetadataToken />
              <Name>System.Void SchoolManagementApplciation.SqlControl::ExecProc(System.String)</Name>
              <FileRef uid="3" />
              <SequencePoints>
                <SequencePoint vc="12" uspid="60" ordinal="0" sl="60" sc="1" el="60" ec="2" bec="0" bev="0" fileid="3" />
                <SequencePoint vc="12" uspid="61" ordinal="1" sl="61" sc="1" el="61" ec="2" bec="0" bev="0" fileid="3" />
                <SequencePoint vc="12" uspid="62" ordinal="2" sl="62" sc="1" el="62" ec="2" bec="0" bev="0" fileid="3" />
                <SequencePoint vc="12" uspid="64" ordinal="3" sl="64" sc="1" el="64" ec="2" bec="0" bev="0" fileid="3" />
                <SequencePoint vc="12" uspid="65" ordinal="4" sl="65" sc="1" el="65" ec="2" bec="0" bev="0" fileid="3" />
                <SequencePoint vc="0" uspid="66" ordinal="5" sl="66" sc="1" el="66" ec="2" bec="0" bev="0" fileid="3" />
                <SequencePoint vc="0" uspid="67" ordinal="6" sl="67" sc="1" el="67" ec="2" bec="0" bev="0" fileid="3" />
                <SequencePoint vc="0" uspid="68" ordinal="7" sl="68" sc="1" el="68" ec="2" bec="0" bev="0" fileid="3" />
                <SequencePoint vc="0" uspid="69" ordinal="8" sl="69" sc="1" el="69" ec="2" bec="0" bev="0" fileid="3" />
                <SequencePoint vc="0" uspid="70" ordinal="9" sl="70" sc="1" el="70" ec="2" bec="0" bev="0" fileid="3" />
                <SequencePoint vc="0" uspid="71" ordinal="10" sl="71" sc="1" el="71" ec="2" bec="0" bev="0" fileid="3" />
                <SequencePoint vc="12" uspid="72" ordinal="11" sl="72" sc="1" el="72" ec="2" bec="0" bev="0" fileid="3" />
                <SequencePoint vc="12" uspid="73" ordinal="12" sl="73" sc="1" el="73" ec="2" bec="0" bev="0" fileid="3" />
                <SequencePoint vc="12" uspid="74" ordinal="13" sl="74" sc="1" el="74" ec="2" bec="0" bev="0" fileid="3" />
                <SequencePoint vc="12" uspid="75" ordinal="14" sl="75" sc="1" el="75" ec="2" bec="0" bev="0" fileid="3" />
                <SequencePoint vc="12" uspid="76" ordinal="15" sl="76" sc="1" el="76" ec="2" bec="2" bev="1" fileid="3" />
                <SequencePoint vc="0" uspid="77" ordinal="16" sl="77" sc="1" el="77" ec="2" bec="0" bev="0" fileid="3" />
                <SequencePoint vc="12" uspid="78" ordinal="17" sl="78" sc="1" el="78" ec="2" bec="0" bev="0" fileid="3" />
              </SequencePoints>
              <BranchPoints>
                <BranchPoint vc="0" uspid="76" ordinal="0" path="0" offset="146" offsetend="148" sl="76" fileid="3" />
                <BranchPoint vc="12" uspid="76" ordinal="1" path="1" offset="146" offsetend="160" sl="76" fileid="3" />
              </BranchPoints>
              <MethodPoint vc="11" uspid="0" p8:type="SequencePoint" ordinal="1" offset="1" sc="0" sl="60" ec="1" el="78" bec="0" bev="0" fileid="3" xmlns:p8="xsi" />
            </Method>
            <Method cyclomaticComplexity="1" nPathComplexity="1" sequenceCoverage="100" branchCoverage="100" isConstructor="False" isGetter="False" isSetter="False" isStatic="True">
              <Summary numSequencePoints="4" visitedSequencePoints="4" numBranchPoints="0" visitedBranchPoints="0" sequenceCoverage="100" branchCoverage="100" maxCyclomaticComplexity="1" minCyclomaticComplexity="1" visitedClasses="0" numClasses="0" visitedMethods="1" numMethods="1" />
              <MetadataToken />
              <Name>System.Void SchoolManagementApplciation.SqlControl::addprams(System.String,System.Object)</Name>
              <FileRef uid="3" />
              <SequencePoints>
                <SequencePoint vc="48" uspid="81" ordinal="0" sl="81" sc="1" el="81" ec="2" bec="0" bev="0" fileid="3" />
                <SequencePoint vc="48" uspid="82" ordinal="1" sl="82" sc="1" el="82" ec="2" bec="0" bev="0" fileid="3" />
                <SequencePoint vc="48" uspid="83" ordinal="2" sl="83" sc="1" el="83" ec="2" bec="0" bev="0" fileid="3" />
                <SequencePoint vc="48" uspid="84" ordinal="3" sl="84" sc="1" el="84" ec="2" bec="0" bev="0" fileid="3" />
              </SequencePoints>
              <BranchPoints />
              <MethodPoint vc="4" uspid="0" p8:type="SequencePoint" ordinal="2" offset="2" sc="0" sl="81" ec="1" el="84" bec="0" bev="0" fileid="3" xmlns:p8="xsi" />
            </Method>
            <Method cyclomaticComplexity="2" nPathComplexity="2" sequenceCoverage="100" branchCoverage="50" isConstructor="True" isGetter="False" isSetter="False" isStatic="True">
              <Summary numSequencePoints="11" visitedSequencePoints="11" numBranchPoints="2" visitedBranchPoints="1" sequenceCoverage="100" branchCoverage="50" maxCyclomaticComplexity="2" minCyclomaticComplexity="2" visitedClasses="0" numClasses="0" visitedMethods="1" numMethods="1" />
              <MetadataToken />
              <Name>System.Void SchoolManagementApplciation.SqlControl::.ctor()</Name>
              <FileRef uid="3" />
              <SequencePoints>
                <SequencePoint vc="44" uspid="19" ordinal="0" sl="19" sc="1" el="19" ec="2" bec="0" bev="0" fileid="3" />
                <SequencePoint vc="44" uspid="21" ordinal="1" sl="21" sc="1" el="21" ec="2" bec="0" bev="0" fileid="3" />
                <SequencePoint vc="44" uspid="22" ordinal="2" sl="22" sc="1" el="22" ec="2" bec="0" bev="0" fileid="3" />
                <SequencePoint vc="44" uspid="23" ordinal="3" sl="23" sc="1" el="23" ec="2" bec="0" bev="0" fileid="3" />
                <SequencePoint vc="44" uspid="26" ordinal="4" sl="26" sc="1" el="26" ec="2" bec="0" bev="0" fileid="3" />
                <SequencePoint vc="44" uspid="28" ordinal="5" sl="28" sc="1" el="28" ec="2" bec="0" bev="0" fileid="3" />
                <SequencePoint vc="44" uspid="29" ordinal="6" sl="29" sc="1" el="29" ec="2" bec="0" bev="0" fileid="3" />
                <SequencePoint vc="44" uspid="31" ordinal="7" sl="31" sc="1" el="31" ec="2" bec="0" bev="0" fileid="3" />
                <SequencePoint vc="132" uspid="32" ordinal="8" sl="32" sc="1" el="32" ec="2" bec="0" bev="0" fileid="3" />
                <SequencePoint vc="44" uspid="33" ordinal="9" sl="33" sc="1" el="33" ec="2" bec="2" bev="1" fileid="3" />
                <SequencePoint vc="44" uspid="34" ordinal="10" sl="34" sc="1" el="34" ec="2" bec="0" bev="0" fileid="3" />
              </SequencePoints>
              <BranchPoints>
                <BranchPoint vc="44" uspid="33" ordinal="0" path="0" offset="93" offsetend="95" sl="33" fileid="3" />
                <BranchPoint vc="0" uspid="33" ordinal="1" path="1" offset="93" offsetend="101" sl="33" fileid="3" />
              </BranchPoints>
              <MethodPoint vc="11" uspid="0" p8:type="SequencePoint" ordinal="3" offset="3" sc="0" sl="19" ec="1" el="34" bec="0" bev="0" fileid="3" xmlns:p8="xsi" />
            </Method>
          </Methods>
        </Class>
        <Class>
          <Summary numSequencePoints="219" visitedSequencePoints="219" numBranchPoints="8" visitedBranchPoints="8" sequenceCoverage="100" branchCoverage="100" maxCyclomaticComplexity="2" minCyclomaticComplexity="1" visitedClasses="1" numClasses="1" visitedMethods="47" numMethods="47" />
          <FullName>SchoolManagementApplciation.Tests.ExternMethodsTests</FullName>
          <Methods>
            <Method cyclomaticComplexity="1" nPathComplexity="1" sequenceCoverage="100" branchCoverage="100" isConstructor="False" isGetter="False" isSetter="False" isStatic="True">
              <Summary numSequencePoints="4" visitedSequencePoints="4" numBranchPoints="0" visitedBranchPoints="0" sequenceCoverage="100" branchCoverage="100" maxCyclomaticComplexity="1" minCyclomaticComplexity="1" visitedClasses="0" numClasses="0" visitedMethods="1" numMethods="1" />
              <MetadataToken />
              <Name>System.Void SchoolManagementApplciation.Tests.ExternMethodsTests::IsNumber_SByte_ReturnsSByteType()</Name>
              <FileRef uid="4" />
              <SequencePoints>
                <SequencePoint vc="1" uspid="19" ordinal="0" sl="19" sc="1" el="19" ec="2" bec="0" bev="0" fileid="4" />
                <SequencePoint vc="1" uspid="20" ordinal="1" sl="20" sc="1" el="20" ec="2" bec="0" bev="0" fileid="4" />
                <SequencePoint vc="1" uspid="21" ordinal="2" sl="21" sc="1" el="21" ec="2" bec="0" bev="0" fileid="4" />
                <SequencePoint vc="1" uspid="22" ordinal="3" sl="22" sc="1" el="22" ec="2" bec="0" bev="0" fileid="4" />
              </SequencePoints>
              <BranchPoints />
              <MethodPoint vc="4" uspid="0" p8:type="SequencePoint" ordinal="0" offset="0" sc="0" sl="19" ec="1" el="22" bec="0" bev="0" fileid="4" xmlns:p8="xsi" />
            </Method>
            <Method cyclomaticComplexity="1" nPathComplexity="1" sequenceCoverage="100" branchCoverage="100" isConstructor="False" isGetter="False" isSetter="False" isStatic="True">
              <Summary numSequencePoints="4" visitedSequencePoints="4" numBranchPoints="0" visitedBranchPoints="0" sequenceCoverage="100" branchCoverage="100" maxCyclomaticComplexity="1" minCyclomaticComplexity="1" visitedClasses="0" numClasses="0" visitedMethods="1" numMethods="1" />
              <MetadataToken />
              <Name>System.Void SchoolManagementApplciation.Tests.ExternMethodsTests::IsNumber_Byte_ReturnsByteType()</Name>
              <FileRef uid="4" />
              <SequencePoints>
                <SequencePoint vc="1" uspid="26" ordinal="0" sl="26" sc="1" el="26" ec="2" bec="0" bev="0" fileid="4" />
                <SequencePoint vc="1" uspid="27" ordinal="1" sl="27" sc="1" el="27" ec="2" bec="0" bev="0" fileid="4" />
                <SequencePoint vc="1" uspid="28" ordinal="2" sl="28" sc="1" el="28" ec="2" bec="0" bev="0" fileid="4" />
                <SequencePoint vc="1" uspid="29" ordinal="3" sl="29" sc="1" el="29" ec="2" bec="0" bev="0" fileid="4" />
              </SequencePoints>
              <BranchPoints />
              <MethodPoint vc="4" uspid="0" p8:type="SequencePoint" ordinal="1" offset="1" sc="0" sl="26" ec="1" el="29" bec="0" bev="0" fileid="4" xmlns:p8="xsi" />
            </Method>
            <Method cyclomaticComplexity="1" nPathComplexity="1" sequenceCoverage="100" branchCoverage="100" isConstructor="False" isGetter="False" isSetter="False" isStatic="True">
              <Summary numSequencePoints="4" visitedSequencePoints="4" numBranchPoints="0" visitedBranchPoints="0" sequenceCoverage="100" branchCoverage="100" maxCyclomaticComplexity="1" minCyclomaticComplexity="1" visitedClasses="0" numClasses="0" visitedMethods="1" numMethods="1" />
              <MetadataToken />
              <Name>System.Void SchoolManagementApplciation.Tests.ExternMethodsTests::IsNumber_Short_ReturnsShortType()</Name>
              <FileRef uid="4" />
              <SequencePoints>
                <SequencePoint vc="1" uspid="33" ordinal="0" sl="33" sc="1" el="33" ec="2" bec="0" bev="0" fileid="4" />
                <SequencePoint vc="1" uspid="34" ordinal="1" sl="34" sc="1" el="34" ec="2" bec="0" bev="0" fileid="4" />
                <SequencePoint vc="1" uspid="35" ordinal="2" sl="35" sc="1" el="35" ec="2" bec="0" bev="0" fileid="4" />
                <SequencePoint vc="1" uspid="36" ordinal="3" sl="36" sc="1" el="36" ec="2" bec="0" bev="0" fileid="4" />
              </SequencePoints>
              <BranchPoints />
              <MethodPoint vc="4" uspid="0" p8:type="SequencePoint" ordinal="2" offset="2" sc="0" sl="33" ec="1" el="36" bec="0" bev="0" fileid="4" xmlns:p8="xsi" />
            </Method>
            <Method cyclomaticComplexity="1" nPathComplexity="1" sequenceCoverage="100" branchCoverage="100" isConstructor="False" isGetter="False" isSetter="False" isStatic="True">
              <Summary numSequencePoints="4" visitedSequencePoints="4" numBranchPoints="0" visitedBranchPoints="0" sequenceCoverage="100" branchCoverage="100" maxCyclomaticComplexity="1" minCyclomaticComplexity="1" visitedClasses="0" numClasses="0" visitedMethods="1" numMethods="1" />
              <MetadataToken />
              <Name>System.Void SchoolManagementApplciation.Tests.ExternMethodsTests::IsNumber_UShort_ReturnsUShortType()</Name>
              <FileRef uid="4" />
              <SequencePoints>
                <SequencePoint vc="1" uspid="40" ordinal="0" sl="40" sc="1" el="40" ec="2" bec="0" bev="0" fileid="4" />
                <SequencePoint vc="1" uspid="41" ordinal="1" sl="41" sc="1" el="41" ec="2" bec="0" bev="0" fileid="4" />
                <SequencePoint vc="1" uspid="42" ordinal="2" sl="42" sc="1" el="42" ec="2" bec="0" bev="0" fileid="4" />
                <SequencePoint vc="1" uspid="43" ordinal="3" sl="43" sc="1" el="43" ec="2" bec="0" bev="0" fileid="4" />
              </SequencePoints>
              <BranchPoints />
              <MethodPoint vc="4" uspid="0" p8:type="SequencePoint" ordinal="3" offset="3" sc="0" sl="40" ec="1" el="43" bec="0" bev="0" fileid="4" xmlns:p8="xsi" />
            </Method>
            <Method cyclomaticComplexity="1" nPathComplexity="1" sequenceCoverage="100" branchCoverage="100" isConstructor="False" isGetter="False" isSetter="False" isStatic="True">
              <Summary numSequencePoints="4" visitedSequencePoints="4" numBranchPoints="0" visitedBranchPoints="0" sequenceCoverage="100" branchCoverage="100" maxCyclomaticComplexity="1" minCyclomaticComplexity="1" visitedClasses="0" numClasses="0" visitedMethods="1" numMethods="1" />
              <MetadataToken />
              <Name>System.Void SchoolManagementApplciation.Tests.ExternMethodsTests::IsNumber_Int_ReturnsIntType()</Name>
              <FileRef uid="4" />
              <SequencePoints>
                <SequencePoint vc="1" uspid="47" ordinal="0" sl="47" sc="1" el="47" ec="2" bec="0" bev="0" fileid="4" />
                <SequencePoint vc="1" uspid="48" ordinal="1" sl="48" sc="1" el="48" ec="2" bec="0" bev="0" fileid="4" />
                <SequencePoint vc="1" uspid="49" ordinal="2" sl="49" sc="1" el="49" ec="2" bec="0" bev="0" fileid="4" />
                <SequencePoint vc="1" uspid="50" ordinal="3" sl="50" sc="1" el="50" ec="2" bec="0" bev="0" fileid="4" />
              </SequencePoints>
              <BranchPoints />
              <MethodPoint vc="4" uspid="0" p8:type="SequencePoint" ordinal="4" offset="4" sc="0" sl="47" ec="1" el="50" bec="0" bev="0" fileid="4" xmlns:p8="xsi" />
            </Method>
            <Method cyclomaticComplexity="1" nPathComplexity="1" sequenceCoverage="100" branchCoverage="100" isConstructor="False" isGetter="False" isSetter="False" isStatic="True">
              <Summary numSequencePoints="4" visitedSequencePoints="4" numBranchPoints="0" visitedBranchPoints="0" sequenceCoverage="100" branchCoverage="100" maxCyclomaticComplexity="1" minCyclomaticComplexity="1" visitedClasses="0" numClasses="0" visitedMethods="1" numMethods="1" />
              <MetadataToken />
              <Name>System.Void SchoolManagementApplciation.Tests.ExternMethodsTests::IsNumber_UInt_ReturnsUIntType()</Name>
              <FileRef uid="4" />
              <SequencePoints>
                <SequencePoint vc="1" uspid="54" ordinal="0" sl="54" sc="1" el="54" ec="2" bec="0" bev="0" fileid="4" />
                <SequencePoint vc="1" uspid="55" ordinal="1" sl="55" sc="1" el="55" ec="2" bec="0" bev="0" fileid="4" />
                <SequencePoint vc="1" uspid="56" ordinal="2" sl="56" sc="1" el="56" ec="2" bec="0" bev="0" fileid="4" />
                <SequencePoint vc="1" uspid="57" ordinal="3" sl="57" sc="1" el="57" ec="2" bec="0" bev="0" fileid="4" />
              </SequencePoints>
              <BranchPoints />
              <MethodPoint vc="4" uspid="0" p8:type="SequencePoint" ordinal="5" offset="5" sc="0" sl="54" ec="1" el="57" bec="0" bev="0" fileid="4" xmlns:p8="xsi" />
            </Method>
            <Method cyclomaticComplexity="1" nPathComplexity="1" sequenceCoverage="100" branchCoverage="100" isConstructor="False" isGetter="False" isSetter="False" isStatic="True">
              <Summary numSequencePoints="4" visitedSequencePoints="4" numBranchPoints="0" visitedBranchPoints="0" sequenceCoverage="100" branchCoverage="100" maxCyclomaticComplexity="1" minCyclomaticComplexity="1" visitedClasses="0" numClasses="0" visitedMethods="1" numMethods="1" />
              <MetadataToken />
              <Name>System.Void SchoolManagementApplciation.Tests.ExternMethodsTests::IsNumber_Long_ReturnsLongType()</Name>
              <FileRef uid="4" />
              <SequencePoints>
                <SequencePoint vc="1" uspid="61" ordinal="0" sl="61" sc="1" el="61" ec="2" bec="0" bev="0" fileid="4" />
                <SequencePoint vc="1" uspid="62" ordinal="1" sl="62" sc="1" el="62" ec="2" bec="0" bev="0" fileid="4" />
                <SequencePoint vc="1" uspid="63" ordinal="2" sl="63" sc="1" el="63" ec="2" bec="0" bev="0" fileid="4" />
                <SequencePoint vc="1" uspid="64" ordinal="3" sl="64" sc="1" el="64" ec="2" bec="0" bev="0" fileid="4" />
              </SequencePoints>
              <BranchPoints />
              <MethodPoint vc="4" uspid="0" p8:type="SequencePoint" ordinal="6" offset="6" sc="0" sl="61" ec="1" el="64" bec="0" bev="0" fileid="4" xmlns:p8="xsi" />
            </Method>
            <Method cyclomaticComplexity="1" nPathComplexity="1" sequenceCoverage="100" branchCoverage="100" isConstructor="False" isGetter="False" isSetter="False" isStatic="True">
              <Summary numSequencePoints="4" visitedSequencePoints="4" numBranchPoints="0" visitedBranchPoints="0" sequenceCoverage="100" branchCoverage="100" maxCyclomaticComplexity="1" minCyclomaticComplexity="1" visitedClasses="0" numClasses="0" visitedMethods="1" numMethods="1" />
              <MetadataToken />
              <Name>System.Void SchoolManagementApplciation.Tests.ExternMethodsTests::IsNumber_ULong_ReturnsULongType()</Name>
              <FileRef uid="4" />
              <SequencePoints>
                <SequencePoint vc="1" uspid="68" ordinal="0" sl="68" sc="1" el="68" ec="2" bec="0" bev="0" fileid="4" />
                <SequencePoint vc="1" uspid="69" ordinal="1" sl="69" sc="1" el="69" ec="2" bec="0" bev="0" fileid="4" />
                <SequencePoint vc="1" uspid="70" ordinal="2" sl="70" sc="1" el="70" ec="2" bec="0" bev="0" fileid="4" />
                <SequencePoint vc="1" uspid="71" ordinal="3" sl="71" sc="1" el="71" ec="2" bec="0" bev="0" fileid="4" />
              </SequencePoints>
              <BranchPoints />
              <MethodPoint vc="4" uspid="0" p8:type="SequencePoint" ordinal="7" offset="7" sc="0" sl="68" ec="1" el="71" bec="0" bev="0" fileid="4" xmlns:p8="xsi" />
            </Method>
            <Method cyclomaticComplexity="1" nPathComplexity="1" sequenceCoverage="100" branchCoverage="100" isConstructor="False" isGetter="False" isSetter="False" isStatic="True">
              <Summary numSequencePoints="4" visitedSequencePoints="4" numBranchPoints="0" visitedBranchPoints="0" sequenceCoverage="100" branchCoverage="100" maxCyclomaticComplexity="1" minCyclomaticComplexity="1" visitedClasses="0" numClasses="0" visitedMethods="1" numMethods="1" />
              <MetadataToken />
              <Name>System.Void SchoolManagementApplciation.Tests.ExternMethodsTests::IsNumber_Float_ReturnsFloatType()</Name>
              <FileRef uid="4" />
              <SequencePoints>
                <SequencePoint vc="1" uspid="75" ordinal="0" sl="75" sc="1" el="75" ec="2" bec="0" bev="0" fileid="4" />
                <SequencePoint vc="1" uspid="76" ordinal="1" sl="76" sc="1" el="76" ec="2" bec="0" bev="0" fileid="4" />
                <SequencePoint vc="1" uspid="77" ordinal="2" sl="77" sc="1" el="77" ec="2" bec="0" bev="0" fileid="4" />
                <SequencePoint vc="1" uspid="78" ordinal="3" sl="78" sc="1" el="78" ec="2" bec="0" bev="0" fileid="4" />
              </SequencePoints>
              <BranchPoints />
              <MethodPoint vc="4" uspid="0" p8:type="SequencePoint" ordinal="8" offset="8" sc="0" sl="75" ec="1" el="78" bec="0" bev="0" fileid="4" xmlns:p8="xsi" />
            </Method>
            <Method cyclomaticComplexity="1" nPathComplexity="1" sequenceCoverage="100" branchCoverage="100" isConstructor="False" isGetter="False" isSetter="False" isStatic="True">
              <Summary numSequencePoints="4" visitedSequencePoints="4" numBranchPoints="0" visitedBranchPoints="0" sequenceCoverage="100" branchCoverage="100" maxCyclomaticComplexity="1" minCyclomaticComplexity="1" visitedClasses="0" numClasses="0" visitedMethods="1" numMethods="1" />
              <MetadataToken />
              <Name>System.Void SchoolManagementApplciation.Tests.ExternMethodsTests::IsNumber_Double_ReturnsDoubleType()</Name>
              <FileRef uid="4" />
              <SequencePoints>
                <SequencePoint vc="1" uspid="82" ordinal="0" sl="82" sc="1" el="82" ec="2" bec="0" bev="0" fileid="4" />
                <SequencePoint vc="1" uspid="83" ordinal="1" sl="83" sc="1" el="83" ec="2" bec="0" bev="0" fileid="4" />
                <SequencePoint vc="1" uspid="84" ordinal="2" sl="84" sc="1" el="84" ec="2" bec="0" bev="0" fileid="4" />
                <SequencePoint vc="1" uspid="85" ordinal="3" sl="85" sc="1" el="85" ec="2" bec="0" bev="0" fileid="4" />
              </SequencePoints>
              <BranchPoints />
              <MethodPoint vc="4" uspid="0" p8:type="SequencePoint" ordinal="9" offset="9" sc="0" sl="82" ec="1" el="85" bec="0" bev="0" fileid="4" xmlns:p8="xsi" />
            </Method>
            <Method cyclomaticComplexity="1" nPathComplexity="1" sequenceCoverage="100" branchCoverage="100" isConstructor="False" isGetter="False" isSetter="False" isStatic="True">
              <Summary numSequencePoints="4" visitedSequencePoints="4" numBranchPoints="0" visitedBranchPoints="0" sequenceCoverage="100" branchCoverage="100" maxCyclomaticComplexity="1" minCyclomaticComplexity="1" visitedClasses="0" numClasses="0" visitedMethods="1" numMethods="1" />
              <MetadataToken />
              <Name>System.Void SchoolManagementApplciation.Tests.ExternMethodsTests::IsNumber_Decimal_ReturnsDecimalType()</Name>
              <FileRef uid="4" />
              <SequencePoints>
                <SequencePoint vc="1" uspid="89" ordinal="0" sl="89" sc="1" el="89" ec="2" bec="0" bev="0" fileid="4" />
                <SequencePoint vc="1" uspid="90" ordinal="1" sl="90" sc="1" el="90" ec="2" bec="0" bev="0" fileid="4" />
                <SequencePoint vc="1" uspid="91" ordinal="2" sl="91" sc="1" el="91" ec="2" bec="0" bev="0" fileid="4" />
                <SequencePoint vc="1" uspid="92" ordinal="3" sl="92" sc="1" el="92" ec="2" bec="0" bev="0" fileid="4" />
              </SequencePoints>
              <BranchPoints />
              <MethodPoint vc="4" uspid="0" p8:type="SequencePoint" ordinal="10" offset="10" sc="0" sl="89" ec="1" el="92" bec="0" bev="0" fileid="4" xmlns:p8="xsi" />
            </Method>
            <Method cyclomaticComplexity="1" nPathComplexity="1" sequenceCoverage="100" branchCoverage="100" isConstructor="False" isGetter="False" isSetter="False" isStatic="True">
              <Summary numSequencePoints="4" visitedSequencePoints="4" numBranchPoints="0" visitedBranchPoints="0" sequenceCoverage="100" branchCoverage="100" maxCyclomaticComplexity="1" minCyclomaticComplexity="1" visitedClasses="0" numClasses="0" visitedMethods="1" numMethods="1" />
              <MetadataToken />
              <Name>System.Void SchoolManagementApplciation.Tests.ExternMethodsTests::IsNumber_String_ReturnsNull()</Name>
              <FileRef uid="4" />
              <SequencePoints>
                <SequencePoint vc="1" uspid="100" ordinal="0" sl="100" sc="1" el="100" ec="2" bec="0" bev="0" fileid="4" />
                <SequencePoint vc="1" uspid="101" ordinal="1" sl="101" sc="1" el="101" ec="2" bec="0" bev="0" fileid="4" />
                <SequencePoint vc="1" uspid="102" ordinal="2" sl="102" sc="1" el="102" ec="2" bec="0" bev="0" fileid="4" />
                <SequencePoint vc="1" uspid="103" ordinal="3" sl="103" sc="1" el="103" ec="2" bec="0" bev="0" fileid="4" />
              </SequencePoints>
              <BranchPoints />
              <MethodPoint vc="4" uspid="0" p8:type="SequencePoint" ordinal="11" offset="11" sc="0" sl="100" ec="1" el="103" bec="0" bev="0" fileid="4" xmlns:p8="xsi" />
            </Method>
            <Method cyclomaticComplexity="1" nPathComplexity="1" sequenceCoverage="100" branchCoverage="100" isConstructor="False" isGetter="False" isSetter="False" isStatic="True">
              <Summary numSequencePoints="4" visitedSequencePoints="4" numBranchPoints="0" visitedBranchPoints="0" sequenceCoverage="100" branchCoverage="100" maxCyclomaticComplexity="1" minCyclomaticComplexity="1" visitedClasses="0" numClasses="0" visitedMethods="1" numMethods="1" />
              <MetadataToken />
              <Name>System.Void SchoolManagementApplciation.Tests.ExternMethodsTests::IsNumber_Bool_ReturnsNull()</Name>
              <FileRef uid="4" />
              <SequencePoints>
                <SequencePoint vc="1" uspid="107" ordinal="0" sl="107" sc="1" el="107" ec="2" bec="0" bev="0" fileid="4" />
                <SequencePoint vc="1" uspid="108" ordinal="1" sl="108" sc="1" el="108" ec="2" bec="0" bev="0" fileid="4" />
                <SequencePoint vc="1" uspid="109" ordinal="2" sl="109" sc="1" el="109" ec="2" bec="0" bev="0" fileid="4" />
                <SequencePoint vc="1" uspid="110" ordinal="3" sl="110" sc="1" el="110" ec="2" bec="0" bev="0" fileid="4" />
              </SequencePoints>
              <BranchPoints />
              <MethodPoint vc="4" uspid="0" p8:type="SequencePoint" ordinal="12" offset="12" sc="0" sl="107" ec="1" el="110" bec="0" bev="0" fileid="4" xmlns:p8="xsi" />
            </Method>
            <Method cyclomaticComplexity="1" nPathComplexity="1" sequenceCoverage="100" branchCoverage="100" isConstructor="False" isGetter="False" isSetter="False" isStatic="True">
              <Summary numSequencePoints="4" visitedSequencePoints="4" numBranchPoints="0" visitedBranchPoints="0" sequenceCoverage="100" branchCoverage="100" maxCyclomaticComplexity="1" minCyclomaticComplexity="1" visitedClasses="0" numClasses="0" visitedMethods="1" numMethods="1" />
              <MetadataToken />
              <Name>System.Void SchoolManagementApplciation.Tests.ExternMethodsTests::IsNumber_DateTime_ReturnsNull()</Name>
              <FileRef uid="4" />
              <SequencePoints>
                <SequencePoint vc="1" uspid="114" ordinal="0" sl="114" sc="1" el="114" ec="2" bec="0" bev="0" fileid="4" />
                <SequencePoint vc="1" uspid="115" ordinal="1" sl="115" sc="1" el="115" ec="2" bec="0" bev="0" fileid="4" />
                <SequencePoint vc="1" uspid="116" ordinal="2" sl="116" sc="1" el="116" ec="2" bec="0" bev="0" fileid="4" />
                <SequencePoint vc="1" uspid="117" ordinal="3" sl="117" sc="1" el="117" ec="2" bec="0" bev="0" fileid="4" />
              </SequencePoints>
              <BranchPoints />
              <MethodPoint vc="4" uspid="0" p8:type="SequencePoint" ordinal="13" offset="13" sc="0" sl="114" ec="1" el="117" bec="0" bev="0" fileid="4" xmlns:p8="xsi" />
            </Method>
            <Method cyclomaticComplexity="1" nPathComplexity="1" sequenceCoverage="100" branchCoverage="100" isConstructor="False" isGetter="False" isSetter="False" isStatic="True">
              <Summary numSequencePoints="4" visitedSequencePoints="4" numBranchPoints="0" visitedBranchPoints="0" sequenceCoverage="100" branchCoverage="100" maxCyclomaticComplexity="1" minCyclomaticComplexity="1" visitedClasses="0" numClasses="0" visitedMethods="1" numMethods="1" />
              <MetadataToken />
              <Name>System.Void SchoolManagementApplciation.Tests.ExternMethodsTests::IsNumber_Object_ReturnsNull()</Name>
              <FileRef uid="4" />
              <SequencePoints>
                <SequencePoint vc="1" uspid="121" ordinal="0" sl="121" sc="1" el="121" ec="2" bec="0" bev="0" fileid="4" />
                <SequencePoint vc="1" uspid="122" ordinal="1" sl="122" sc="1" el="122" ec="2" bec="0" bev="0" fileid="4" />
                <SequencePoint vc="1" uspid="123" ordinal="2" sl="123" sc="1" el="123" ec="2" bec="0" bev="0" fileid="4" />
                <SequencePoint vc="1" uspid="124" ordinal="3" sl="124" sc="1" el="124" ec="2" bec="0" bev="0" fileid="4" />
              </SequencePoints>
              <BranchPoints />
              <MethodPoint vc="4" uspid="0" p8:type="SequencePoint" ordinal="14" offset="14" sc="0" sl="121" ec="1" el="124" bec="0" bev="0" fileid="4" xmlns:p8="xsi" />
            </Method>
            <Method cyclomaticComplexity="1" nPathComplexity="1" sequenceCoverage="100" branchCoverage="100" isConstructor="False" isGetter="False" isSetter="False" isStatic="True">
              <Summary numSequencePoints="4" visitedSequencePoints="4" numBranchPoints="0" visitedBranchPoints="0" sequenceCoverage="100" branchCoverage="100" maxCyclomaticComplexity="1" minCyclomaticComplexity="1" visitedClasses="0" numClasses="0" visitedMethods="1" numMethods="1" />
              <MetadataToken />
              <Name>System.Void SchoolManagementApplciation.Tests.ExternMethodsTests::IsNumber_Char_ReturnsNull()</Name>
              <FileRef uid="4" />
              <SequencePoints>
                <SequencePoint vc="1" uspid="128" ordinal="0" sl="128" sc="1" el="128" ec="2" bec="0" bev="0" fileid="4" />
                <SequencePoint vc="1" uspid="129" ordinal="1" sl="129" sc="1" el="129" ec="2" bec="0" bev="0" fileid="4" />
                <SequencePoint vc="1" uspid="130" ordinal="2" sl="130" sc="1" el="130" ec="2" bec="0" bev="0" fileid="4" />
                <SequencePoint vc="1" uspid="131" ordinal="3" sl="131" sc="1" el="131" ec="2" bec="0" bev="0" fileid="4" />
              </SequencePoints>
              <BranchPoints />
              <MethodPoint vc="4" uspid="0" p8:type="SequencePoint" ordinal="15" offset="15" sc="0" sl="128" ec="1" el="131" bec="0" bev="0" fileid="4" xmlns:p8="xsi" />
            </Method>
            <Method cyclomaticComplexity="1" nPathComplexity="1" sequenceCoverage="100" branchCoverage="100" isConstructor="False" isGetter="False" isSetter="False" isStatic="True">
              <Summary numSequencePoints="4" visitedSequencePoints="4" numBranchPoints="0" visitedBranchPoints="0" sequenceCoverage="100" branchCoverage="100" maxCyclomaticComplexity="1" minCyclomaticComplexity="1" visitedClasses="0" numClasses="0" visitedMethods="1" numMethods="1" />
              <MetadataToken />
              <Name>System.Void SchoolManagementApplciation.Tests.ExternMethodsTests::IsNumber_AnonymousObject_ReturnsNull()</Name>
              <FileRef uid="4" />
              <SequencePoints>
                <SequencePoint vc="1" uspid="135" ordinal="0" sl="135" sc="1" el="135" ec="2" bec="0" bev="0" fileid="4" />
                <SequencePoint vc="1" uspid="136" ordinal="1" sl="136" sc="1" el="136" ec="2" bec="0" bev="0" fileid="4" />
                <SequencePoint vc="1" uspid="137" ordinal="2" sl="137" sc="1" el="137" ec="2" bec="0" bev="0" fileid="4" />
                <SequencePoint vc="1" uspid="138" ordinal="3" sl="138" sc="1" el="138" ec="2" bec="0" bev="0" fileid="4" />
              </SequencePoints>
              <BranchPoints />
              <MethodPoint vc="4" uspid="0" p8:type="SequencePoint" ordinal="16" offset="16" sc="0" sl="135" ec="1" el="138" bec="0" bev="0" fileid="4" xmlns:p8="xsi" />
            </Method>
            <Method cyclomaticComplexity="1" nPathComplexity="1" sequenceCoverage="100" branchCoverage="100" isConstructor="False" isGetter="False" isSetter="False" isStatic="True">
              <Summary numSequencePoints="4" visitedSequencePoints="4" numBranchPoints="0" visitedBranchPoints="0" sequenceCoverage="100" branchCoverage="100" maxCyclomaticComplexity="1" minCyclomaticComplexity="1" visitedClasses="0" numClasses="0" visitedMethods="1" numMethods="1" />
              <MetadataToken />
              <Name>System.Void SchoolManagementApplciation.Tests.ExternMethodsTests::IsNumber_IntZero_ReturnsIntType()</Name>
              <FileRef uid="4" />
              <SequencePoints>
                <SequencePoint vc="1" uspid="146" ordinal="0" sl="146" sc="1" el="146" ec="2" bec="0" bev="0" fileid="4" />
                <SequencePoint vc="1" uspid="147" ordinal="1" sl="147" sc="1" el="147" ec="2" bec="0" bev="0" fileid="4" />
                <SequencePoint vc="1" uspid="148" ordinal="2" sl="148" sc="1" el="148" ec="2" bec="0" bev="0" fileid="4" />
                <SequencePoint vc="1" uspid="149" ordinal="3" sl="149" sc="1" el="149" ec="2" bec="0" bev="0" fileid="4" />
              </SequencePoints>
              <BranchPoints />
              <MethodPoint vc="4" uspid="0" p8:type="SequencePoint" ordinal="17" offset="17" sc="0" sl="146" ec="1" el="149" bec="0" bev="0" fileid="4" xmlns:p8="xsi" />
            </Method>
            <Method cyclomaticComplexity="1" nPathComplexity="1" sequenceCoverage="100" branchCoverage="100" isConstructor="False" isGetter="False" isSetter="False" isStatic="True">
              <Summary numSequencePoints="4" visitedSequencePoints="4" numBranchPoints="0" visitedBranchPoints="0" sequenceCoverage="100" branchCoverage="100" maxCyclomaticComplexity="1" minCyclomaticComplexity="1" visitedClasses="0" numClasses="0" visitedMethods="1" numMethods="1" />
              <MetadataToken />
              <Name>System.Void SchoolManagementApplciation.Tests.ExternMethodsTests::IsNumber_IntMaxValue_ReturnsIntType()</Name>
              <FileRef uid="4" />
              <SequencePoints>
                <SequencePoint vc="1" uspid="153" ordinal="0" sl="153" sc="1" el="153" ec="2" bec="0" bev="0" fileid="4" />
                <SequencePoint vc="1" uspid="154" ordinal="1" sl="154" sc="1" el="154" ec="2" bec="0" bev="0" fileid="4" />
                <SequencePoint vc="1" uspid="155" ordinal="2" sl="155" sc="1" el="155" ec="2" bec="0" bev="0" fileid="4" />
                <SequencePoint vc="1" uspid="156" ordinal="3" sl="156" sc="1" el="156" ec="2" bec="0" bev="0" fileid="4" />
              </SequencePoints>
              <BranchPoints />
              <MethodPoint vc="4" uspid="0" p8:type="SequencePoint" ordinal="18" offset="18" sc="0" sl="153" ec="1" el="156" bec="0" bev="0" fileid="4" xmlns:p8="xsi" />
            </Method>
            <Method cyclomaticComplexity="1" nPathComplexity="1" sequenceCoverage="100" branchCoverage="100" isConstructor="False" isGetter="False" isSetter="False" isStatic="True">
              <Summary numSequencePoints="4" visitedSequencePoints="4" numBranchPoints="0" visitedBranchPoints="0" sequenceCoverage="100" branchCoverage="100" maxCyclomaticComplexity="1" minCyclomaticComplexity="1" visitedClasses="0" numClasses="0" visitedMethods="1" numMethods="1" />
              <MetadataToken />
              <Name>System.Void SchoolManagementApplciation.Tests.ExternMethodsTests::IsNumber_IntMinValue_ReturnsIntType()</Name>
              <FileRef uid="4" />
              <SequencePoints>
                <SequencePoint vc="1" uspid="160" ordinal="0" sl="160" sc="1" el="160" ec="2" bec="0" bev="0" fileid="4" />
                <SequencePoint vc="1" uspid="161" ordinal="1" sl="161" sc="1" el="161" ec="2" bec="0" bev="0" fileid="4" />
                <SequencePoint vc="1" uspid="162" ordinal="2" sl="162" sc="1" el="162" ec="2" bec="0" bev="0" fileid="4" />
                <SequencePoint vc="1" uspid="163" ordinal="3" sl="163" sc="1" el="163" ec="2" bec="0" bev="0" fileid="4" />
              </SequencePoints>
              <BranchPoints />
              <MethodPoint vc="4" uspid="0" p8:type="SequencePoint" ordinal="19" offset="19" sc="0" sl="160" ec="1" el="163" bec="0" bev="0" fileid="4" xmlns:p8="xsi" />
            </Method>
            <Method cyclomaticComplexity="1" nPathComplexity="1" sequenceCoverage="100" branchCoverage="100" isConstructor="False" isGetter="False" isSetter="False" isStatic="True">
              <Summary numSequencePoints="4" visitedSequencePoints="4" numBranchPoints="0" visitedBranchPoints="0" sequenceCoverage="100" branchCoverage="100" maxCyclomaticComplexity="1" minCyclomaticComplexity="1" visitedClasses="0" numClasses="0" visitedMethods="1" numMethods="1" />
              <MetadataToken />
              <Name>System.Void SchoolManagementApplciation.Tests.ExternMethodsTests::IsNumber_DoubleNaN_ReturnsDoubleType()</Name>
              <FileRef uid="4" />
              <SequencePoints>
                <SequencePoint vc="1" uspid="167" ordinal="0" sl="167" sc="1" el="167" ec="2" bec="0" bev="0" fileid="4" />
                <SequencePoint vc="1" uspid="168" ordinal="1" sl="168" sc="1" el="168" ec="2" bec="0" bev="0" fileid="4" />
                <SequencePoint vc="1" uspid="169" ordinal="2" sl="169" sc="1" el="169" ec="2" bec="0" bev="0" fileid="4" />
                <SequencePoint vc="1" uspid="170" ordinal="3" sl="170" sc="1" el="170" ec="2" bec="0" bev="0" fileid="4" />
              </SequencePoints>
              <BranchPoints />
              <MethodPoint vc="4" uspid="0" p8:type="SequencePoint" ordinal="20" offset="20" sc="0" sl="167" ec="1" el="170" bec="0" bev="0" fileid="4" xmlns:p8="xsi" />
            </Method>
            <Method cyclomaticComplexity="1" nPathComplexity="1" sequenceCoverage="100" branchCoverage="100" isConstructor="False" isGetter="False" isSetter="False" isStatic="True">
              <Summary numSequencePoints="4" visitedSequencePoints="4" numBranchPoints="0" visitedBranchPoints="0" sequenceCoverage="100" branchCoverage="100" maxCyclomaticComplexity="1" minCyclomaticComplexity="1" visitedClasses="0" numClasses="0" visitedMethods="1" numMethods="1" />
              <MetadataToken />
              <Name>System.Void SchoolManagementApplciation.Tests.ExternMethodsTests::IsNumber_DoublePositiveInfinity_ReturnsDoubleType()</Name>
              <FileRef uid="4" />
              <SequencePoints>
                <SequencePoint vc="1" uspid="174" ordinal="0" sl="174" sc="1" el="174" ec="2" bec="0" bev="0" fileid="4" />
                <SequencePoint vc="1" uspid="175" ordinal="1" sl="175" sc="1" el="175" ec="2" bec="0" bev="0" fileid="4" />
                <SequencePoint vc="1" uspid="176" ordinal="2" sl="176" sc="1" el="176" ec="2" bec="0" bev="0" fileid="4" />
                <SequencePoint vc="1" uspid="177" ordinal="3" sl="177" sc="1" el="177" ec="2" bec="0" bev="0" fileid="4" />
              </SequencePoints>
              <BranchPoints />
              <MethodPoint vc="4" uspid="0" p8:type="SequencePoint" ordinal="21" offset="21" sc="0" sl="174" ec="1" el="177" bec="0" bev="0" fileid="4" xmlns:p8="xsi" />
            </Method>
            <Method cyclomaticComplexity="1" nPathComplexity="1" sequenceCoverage="100" branchCoverage="100" isConstructor="False" isGetter="False" isSetter="False" isStatic="True">
              <Summary numSequencePoints="4" visitedSequencePoints="4" numBranchPoints="0" visitedBranchPoints="0" sequenceCoverage="100" branchCoverage="100" maxCyclomaticComplexity="1" minCyclomaticComplexity="1" visitedClasses="0" numClasses="0" visitedMethods="1" numMethods="1" />
              <MetadataToken />
              <Name>System.Void SchoolManagementApplciation.Tests.ExternMethodsTests::IsNumber_DoubleNegativeInfinity_ReturnsDoubleType()</Name>
              <FileRef uid="4" />
              <SequencePoints>
                <SequencePoint vc="1" uspid="181" ordinal="0" sl="181" sc="1" el="181" ec="2" bec="0" bev="0" fileid="4" />
                <SequencePoint vc="1" uspid="182" ordinal="1" sl="182" sc="1" el="182" ec="2" bec="0" bev="0" fileid="4" />
                <SequencePoint vc="1" uspid="183" ordinal="2" sl="183" sc="1" el="183" ec="2" bec="0" bev="0" fileid="4" />
                <SequencePoint vc="1" uspid="184" ordinal="3" sl="184" sc="1" el="184" ec="2" bec="0" bev="0" fileid="4" />
              </SequencePoints>
              <BranchPoints />
              <MethodPoint vc="4" uspid="0" p8:type="SequencePoint" ordinal="22" offset="22" sc="0" sl="181" ec="1" el="184" bec="0" bev="0" fileid="4" xmlns:p8="xsi" />
            </Method>
            <Method cyclomaticComplexity="1" nPathComplexity="1" sequenceCoverage="100" branchCoverage="100" isConstructor="False" isGetter="False" isSetter="False" isStatic="True">
              <Summary numSequencePoints="4" visitedSequencePoints="4" numBranchPoints="0" visitedBranchPoints="0" sequenceCoverage="100" branchCoverage="100" maxCyclomaticComplexity="1" minCyclomaticComplexity="1" visitedClasses="0" numClasses="0" visitedMethods="1" numMethods="1" />
              <MetadataToken />
              <Name>System.Void SchoolManagementApplciation.Tests.ExternMethodsTests::IsNumber_DecimalZero_ReturnsDecimalType()</Name>
              <FileRef uid="4" />
              <SequencePoints>
                <SequencePoint vc="1" uspid="188" ordinal="0" sl="188" sc="1" el="188" ec="2" bec="0" bev="0" fileid="4" />
                <SequencePoint vc="1" uspid="189" ordinal="1" sl="189" sc="1" el="189" ec="2" bec="0" bev="0" fileid="4" />
                <SequencePoint vc="1" uspid="190" ordinal="2" sl="190" sc="1" el="190" ec="2" bec="0" bev="0" fileid="4" />
                <SequencePoint vc="1" uspid="191" ordinal="3" sl="191" sc="1" el="191" ec="2" bec="0" bev="0" fileid="4" />
              </SequencePoints>
              <BranchPoints />
              <MethodPoint vc="4" uspid="0" p8:type="SequencePoint" ordinal="23" offset="23" sc="0" sl="188" ec="1" el="191" bec="0" bev="0" fileid="4" xmlns:p8="xsi" />
            </Method>
            <Method cyclomaticComplexity="1" nPathComplexity="1" sequenceCoverage="100" branchCoverage="100" isConstructor="False" isGetter="False" isSetter="False" isStatic="True">
              <Summary numSequencePoints="4" visitedSequencePoints="4" numBranchPoints="0" visitedBranchPoints="0" sequenceCoverage="100" branchCoverage="100" maxCyclomaticComplexity="1" minCyclomaticComplexity="1" visitedClasses="0" numClasses="0" visitedMethods="1" numMethods="1" />
              <MetadataToken />
              <Name>System.Void SchoolManagementApplciation.Tests.ExternMethodsTests::IsNumber_DecimalMaxValue_ReturnsDecimalType()</Name>
              <FileRef uid="4" />
              <SequencePoints>
                <SequencePoint vc="1" uspid="195" ordinal="0" sl="195" sc="1" el="195" ec="2" bec="0" bev="0" fileid="4" />
                <SequencePoint vc="1" uspid="196" ordinal="1" sl="196" sc="1" el="196" ec="2" bec="0" bev="0" fileid="4" />
                <SequencePoint vc="1" uspid="197" ordinal="2" sl="197" sc="1" el="197" ec="2" bec="0" bev="0" fileid="4" />
                <SequencePoint vc="1" uspid="198" ordinal="3" sl="198" sc="1" el="198" ec="2" bec="0" bev="0" fileid="4" />
              </SequencePoints>
              <BranchPoints />
              <MethodPoint vc="4" uspid="0" p8:type="SequencePoint" ordinal="24" offset="24" sc="0" sl="195" ec="1" el="198" bec="0" bev="0" fileid="4" xmlns:p8="xsi" />
            </Method>
            <Method cyclomaticComplexity="1" nPathComplexity="1" sequenceCoverage="100" branchCoverage="100" isConstructor="False" isGetter="False" isSetter="False" isStatic="True">
              <Summary numSequencePoints="4" visitedSequencePoints="4" numBranchPoints="0" visitedBranchPoints="0" sequenceCoverage="100" branchCoverage="100" maxCyclomaticComplexity="1" minCyclomaticComplexity="1" visitedClasses="0" numClasses="0" visitedMethods="1" numMethods="1" />
              <MetadataToken />
              <Name>System.Void SchoolManagementApplciation.Tests.ExternMethodsTests::IsNumber_LongMaxValue_ReturnsLongType()</Name>
              <FileRef uid="4" />
              <SequencePoints>
                <SequencePoint vc="1" uspid="202" ordinal="0" sl="202" sc="1" el="202" ec="2" bec="0" bev="0" fileid="4" />
                <SequencePoint vc="1" uspid="203" ordinal="1" sl="203" sc="1" el="203" ec="2" bec="0" bev="0" fileid="4" />
                <SequencePoint vc="1" uspid="204" ordinal="2" sl="204" sc="1" el="204" ec="2" bec="0" bev="0" fileid="4" />
                <SequencePoint vc="1" uspid="205" ordinal="3" sl="205" sc="1" el="205" ec="2" bec="0" bev="0" fileid="4" />
              </SequencePoints>
              <BranchPoints />
              <MethodPoint vc="4" uspid="0" p8:type="SequencePoint" ordinal="25" offset="25" sc="0" sl="202" ec="1" el="205" bec="0" bev="0" fileid="4" xmlns:p8="xsi" />
            </Method>
            <Method cyclomaticComplexity="1" nPathComplexity="1" sequenceCoverage="100" branchCoverage="100" isConstructor="False" isGetter="False" isSetter="False" isStatic="True">
              <Summary numSequencePoints="4" visitedSequencePoints="4" numBranchPoints="0" visitedBranchPoints="0" sequenceCoverage="100" branchCoverage="100" maxCyclomaticComplexity="1" minCyclomaticComplexity="1" visitedClasses="0" numClasses="0" visitedMethods="1" numMethods="1" />
              <MetadataToken />
              <Name>System.Void SchoolManagementApplciation.Tests.ExternMethodsTests::IsNumber_ByteZero_ReturnsByteType()</Name>
              <FileRef uid="4" />
              <SequencePoints>
                <SequencePoint vc="1" uspid="209" ordinal="0" sl="209" sc="1" el="209" ec="2" bec="0" bev="0" fileid="4" />
                <SequencePoint vc="1" uspid="210" ordinal="1" sl="210" sc="1" el="210" ec="2" bec="0" bev="0" fileid="4" />
                <SequencePoint vc="1" uspid="211" ordinal="2" sl="211" sc="1" el="211" ec="2" bec="0" bev="0" fileid="4" />
                <SequencePoint vc="1" uspid="212" ordinal="3" sl="212" sc="1" el="212" ec="2" bec="0" bev="0" fileid="4" />
              </SequencePoints>
              <BranchPoints />
              <MethodPoint vc="4" uspid="0" p8:type="SequencePoint" ordinal="26" offset="26" sc="0" sl="209" ec="1" el="212" bec="0" bev="0" fileid="4" xmlns:p8="xsi" />
            </Method>
            <Method cyclomaticComplexity="1" nPathComplexity="1" sequenceCoverage="100" branchCoverage="100" isConstructor="False" isGetter="False" isSetter="False" isStatic="True">
              <Summary numSequencePoints="4" visitedSequencePoints="4" numBranchPoints="0" visitedBranchPoints="0" sequenceCoverage="100" branchCoverage="100" maxCyclomaticComplexity="1" minCyclomaticComplexity="1" visitedClasses="0" numClasses="0" visitedMethods="1" numMethods="1" />
              <MetadataToken />
              <Name>System.Void SchoolManagementApplciation.Tests.ExternMethodsTests::IsNumber_ByteMaxValue_ReturnsByteType()</Name>
              <FileRef uid="4" />
              <SequencePoints>
                <SequencePoint vc="1" uspid="216" ordinal="0" sl="216" sc="1" el="216" ec="2" bec="0" bev="0" fileid="4" />
                <SequencePoint vc="1" uspid="217" ordinal="1" sl="217" sc="1" el="217" ec="2" bec="0" bev="0" fileid="4" />
                <SequencePoint vc="1" uspid="218" ordinal="2" sl="218" sc="1" el="218" ec="2" bec="0" bev="0" fileid="4" />
                <SequencePoint vc="1" uspid="219" ordinal="3" sl="219" sc="1" el="219" ec="2" bec="0" bev="0" fileid="4" />
              </SequencePoints>
              <BranchPoints />
              <MethodPoint vc="4" uspid="0" p8:type="SequencePoint" ordinal="27" offset="27" sc="0" sl="216" ec="1" el="219" bec="0" bev="0" fileid="4" xmlns:p8="xsi" />
            </Method>
            <Method cyclomaticComplexity="1" nPathComplexity="1" sequenceCoverage="100" branchCoverage="100" isConstructor="False" isGetter="False" isSetter="False" isStatic="True">
              <Summary numSequencePoints="4" visitedSequencePoints="4" numBranchPoints="0" visitedBranchPoints="0" sequenceCoverage="100" branchCoverage="100" maxCyclomaticComplexity="1" minCyclomaticComplexity="1" visitedClasses="0" numClasses="0" visitedMethods="1" numMethods="1" />
              <MetadataToken />
              <Name>System.Void SchoolManagementApplciation.Tests.ExternMethodsTests::IsNumber_FloatZero_ReturnsFloatType()</Name>
              <FileRef uid="4" />
              <SequencePoints>
                <SequencePoint vc="1" uspid="223" ordinal="0" sl="223" sc="1" el="223" ec="2" bec="0" bev="0" fileid="4" />
                <SequencePoint vc="1" uspid="224" ordinal="1" sl="224" sc="1" el="224" ec="2" bec="0" bev="0" fileid="4" />
                <SequencePoint vc="1" uspid="225" ordinal="2" sl="225" sc="1" el="225" ec="2" bec="0" bev="0" fileid="4" />
                <SequencePoint vc="1" uspid="226" ordinal="3" sl="226" sc="1" el="226" ec="2" bec="0" bev="0" fileid="4" />
              </SequencePoints>
              <BranchPoints />
              <MethodPoint vc="4" uspid="0" p8:type="SequencePoint" ordinal="28" offset="28" sc="0" sl="223" ec="1" el="226" bec="0" bev="0" fileid="4" xmlns:p8="xsi" />
            </Method>
            <Method cyclomaticComplexity="1" nPathComplexity="1" sequenceCoverage="100" branchCoverage="100" isConstructor="False" isGetter="False" isSetter="False" isStatic="True">
              <Summary numSequencePoints="4" visitedSequencePoints="4" numBranchPoints="0" visitedBranchPoints="0" sequenceCoverage="100" branchCoverage="100" maxCyclomaticComplexity="1" minCyclomaticComplexity="1" visitedClasses="0" numClasses="0" visitedMethods="1" numMethods="1" />
              <MetadataToken />
              <Name>System.Void SchoolManagementApplciation.Tests.ExternMethodsTests::IsNumber_NegativeInt_ReturnsIntType()</Name>
              <FileRef uid="4" />
              <SequencePoints>
                <SequencePoint vc="1" uspid="230" ordinal="0" sl="230" sc="1" el="230" ec="2" bec="0" bev="0" fileid="4" />
                <SequencePoint vc="1" uspid="231" ordinal="1" sl="231" sc="1" el="231" ec="2" bec="0" bev="0" fileid="4" />
                <SequencePoint vc="1" uspid="232" ordinal="2" sl="232" sc="1" el="232" ec="2" bec="0" bev="0" fileid="4" />
                <SequencePoint vc="1" uspid="233" ordinal="3" sl="233" sc="1" el="233" ec="2" bec="0" bev="0" fileid="4" />
              </SequencePoints>
              <BranchPoints />
              <MethodPoint vc="4" uspid="0" p8:type="SequencePoint" ordinal="29" offset="29" sc="0" sl="230" ec="1" el="233" bec="0" bev="0" fileid="4" xmlns:p8="xsi" />
            </Method>
            <Method cyclomaticComplexity="1" nPathComplexity="1" sequenceCoverage="100" branchCoverage="100" isConstructor="False" isGetter="False" isSetter="False" isStatic="True">
              <Summary numSequencePoints="4" visitedSequencePoints="4" numBranchPoints="0" visitedBranchPoints="0" sequenceCoverage="100" branchCoverage="100" maxCyclomaticComplexity="1" minCyclomaticComplexity="1" visitedClasses="0" numClasses="0" visitedMethods="1" numMethods="1" />
              <MetadataToken />
              <Name>System.Void SchoolManagementApplciation.Tests.ExternMethodsTests::IsNumber_NegativeDouble_ReturnsDoubleType()</Name>
              <FileRef uid="4" />
              <SequencePoints>
                <SequencePoint vc="1" uspid="237" ordinal="0" sl="237" sc="1" el="237" ec="2" bec="0" bev="0" fileid="4" />
                <SequencePoint vc="1" uspid="238" ordinal="1" sl="238" sc="1" el="238" ec="2" bec="0" bev="0" fileid="4" />
                <SequencePoint vc="1" uspid="239" ordinal="2" sl="239" sc="1" el="239" ec="2" bec="0" bev="0" fileid="4" />
                <SequencePoint vc="1" uspid="240" ordinal="3" sl="240" sc="1" el="240" ec="2" bec="0" bev="0" fileid="4" />
              </SequencePoints>
              <BranchPoints />
              <MethodPoint vc="4" uspid="0" p8:type="SequencePoint" ordinal="30" offset="30" sc="0" sl="237" ec="1" el="240" bec="0" bev="0" fileid="4" xmlns:p8="xsi" />
            </Method>
            <Method cyclomaticComplexity="1" nPathComplexity="1" sequenceCoverage="100" branchCoverage="100" isConstructor="False" isGetter="False" isSetter="False" isStatic="True">
              <Summary numSequencePoints="6" visitedSequencePoints="6" numBranchPoints="0" visitedBranchPoints="0" sequenceCoverage="100" branchCoverage="100" maxCyclomaticComplexity="1" minCyclomaticComplexity="1" visitedClasses="0" numClasses="0" visitedMethods="1" numMethods="1" />
              <MetadataToken />
              <Name>System.Void SchoolManagementApplciation.Tests.ExternMethodsTests::ToMonthName_AllMonths_ReturnsNonEmptyString(System.Int32)</Name>
              <FileRef uid="4" />
              <SequencePoints>
                <SequencePoint vc="12" uspid="260" ordinal="0" sl="260" sc="1" el="260" ec="2" bec="0" bev="0" fileid="4" />
                <SequencePoint vc="12" uspid="261" ordinal="1" sl="261" sc="1" el="261" ec="2" bec="0" bev="0" fileid="4" />
                <SequencePoint vc="12" uspid="262" ordinal="2" sl="262" sc="1" el="262" ec="2" bec="0" bev="0" fileid="4" />
                <SequencePoint vc="12" uspid="263" ordinal="3" sl="263" sc="1" el="263" ec="2" bec="0" bev="0" fileid="4" />
                <SequencePoint vc="12" uspid="264" ordinal="4" sl="264" sc="1" el="264" ec="2" bec="0" bev="0" fileid="4" />
                <SequencePoint vc="12" uspid="265" ordinal="5" sl="265" sc="1" el="265" ec="2" bec="0" bev="0" fileid="4" />
              </SequencePoints>
              <BranchPoints />
              <MethodPoint vc="6" uspid="0" p8:type="SequencePoint" ordinal="31" offset="31" sc="0" sl="260" ec="1" el="265" bec="0" bev="0" fileid="4" xmlns:p8="xsi" />
            </Method>
            <Method cyclomaticComplexity="1" nPathComplexity="1" sequenceCoverage="100" branchCoverage="100" isConstructor="False" isGetter="False" isSetter="False" isStatic="True">
              <Summary numSequencePoints="5" visitedSequencePoints="5" numBranchPoints="0" visitedBranchPoints="0" sequenceCoverage="100" branchCoverage="100" maxCyclomaticComplexity="1" minCyclomaticComplexity="1" visitedClasses="0" numClasses="0" visitedMethods="1" numMethods="1" />
              <MetadataToken />
              <Name>System.Void SchoolManagementApplciation.Tests.ExternMethodsTests::ToMonthName_January_MatchesCultureInfo()</Name>
              <FileRef uid="4" />
              <SequencePoints>
                <SequencePoint vc="1" uspid="269" ordinal="0" sl="269" sc="1" el="269" ec="2" bec="0" bev="0" fileid="4" />
                <SequencePoint vc="1" uspid="270" ordinal="1" sl="270" sc="1" el="270" ec="2" bec="0" bev="0" fileid="4" />
                <SequencePoint vc="1" uspid="271" ordinal="2" sl="271" sc="1" el="271" ec="2" bec="0" bev="0" fileid="4" />
                <SequencePoint vc="1" uspid="272" ordinal="3" sl="272" sc="1" el="272" ec="2" bec="0" bev="0" fileid="4" />
                <SequencePoint vc="1" uspid="273" ordinal="4" sl="273" sc="1" el="273" ec="2" bec="0" bev="0" fileid="4" />
              </SequencePoints>
              <BranchPoints />
              <MethodPoint vc="5" uspid="0" p8:type="SequencePoint" ordinal="32" offset="32" sc="0" sl="269" ec="1" el="273" bec="0" bev="0" fileid="4" xmlns:p8="xsi" />
            </Method>
            <Method cyclomaticComplexity="1" nPathComplexity="1" sequenceCoverage="100" branchCoverage="100" isConstructor="False" isGetter="False" isSetter="False" isStatic="True">
              <Summary numSequencePoints="5" visitedSequencePoints="5" numBranchPoints="0" visitedBranchPoints="0" sequenceCoverage="100" branchCoverage="100" maxCyclomaticComplexity="1" minCyclomaticComplexity="1" visitedClasses="0" numClasses="0" visitedMethods="1" numMethods="1" />
              <MetadataToken />
              <Name>System.Void SchoolManagementApplciation.Tests.ExternMethodsTests::ToMonthName_December_MatchesCultureInfo()</Name>
              <FileRef uid="4" />
              <SequencePoints>
                <SequencePoint vc="1" uspid="277" ordinal="0" sl="277" sc="1" el="277" ec="2" bec="0" bev="0" fileid="4" />
                <SequencePoint vc="1" uspid="278" ordinal="1" sl="278" sc="1" el="278" ec="2" bec="0" bev="0" fileid="4" />
                <SequencePoint vc="1" uspid="279" ordinal="2" sl="279" sc="1" el="279" ec="2" bec="0" bev="0" fileid="4" />
                <SequencePoint vc="1" uspid="280" ordinal="3" sl="280" sc="1" el="280" ec="2" bec="0" bev="0" fileid="4" />
                <SequencePoint vc="1" uspid="281" ordinal="4" sl="281" sc="1" el="281" ec="2" bec="0" bev="0" fileid="4" />
              </SequencePoints>
              <BranchPoints />
              <MethodPoint vc="5" uspid="0" p8:type="SequencePoint" ordinal="33" offset="33" sc="0" sl="277" ec="1" el="281" bec="0" bev="0" fileid="4" xmlns:p8="xsi" />
            </Method>
            <Method cyclomaticComplexity="1" nPathComplexity="1" sequenceCoverage="100" branchCoverage="100" isConstructor="False" isGetter="False" isSetter="False" isStatic="True">
              <Summary numSequencePoints="5" visitedSequencePoints="5" numBranchPoints="0" visitedBranchPoints="0" sequenceCoverage="100" branchCoverage="100" maxCyclomaticComplexity="1" minCyclomaticComplexity="1" visitedClasses="0" numClasses="0" visitedMethods="1" numMethods="1" />
              <MetadataToken />
              <Name>System.Void SchoolManagementApplciation.Tests.ExternMethodsTests::ToMonthName_June_MatchesCultureInfo()</Name>
              <FileRef uid="4" />
              <SequencePoints>
                <SequencePoint vc="1" uspid="285" ordinal="0" sl="285" sc="1" el="285" ec="2" bec="0" bev="0" fileid="4" />
                <SequencePoint vc="1" uspid="286" ordinal="1" sl="286" sc="1" el="286" ec="2" bec="0" bev="0" fileid="4" />
                <SequencePoint vc="1" uspid="287" ordinal="2" sl="287" sc="1" el="287" ec="2" bec="0" bev="0" fileid="4" />
                <SequencePoint vc="1" uspid="288" ordinal="3" sl="288" sc="1" el="288" ec="2" bec="0" bev="0" fileid="4" />
                <SequencePoint vc="1" uspid="289" ordinal="4" sl="289" sc="1" el="289" ec="2" bec="0" bev="0" fileid="4" />
              </SequencePoints>
              <BranchPoints />
              <MethodPoint vc="5" uspid="0" p8:type="SequencePoint" ordinal="34" offset="34" sc="0" sl="285" ec="1" el="289" bec="0" bev="0" fileid="4" xmlns:p8="xsi" />
            </Method>
            <Method cyclomaticComplexity="1" nPathComplexity="1" sequenceCoverage="100" branchCoverage="100" isConstructor="False" isGetter="False" isSetter="False" isStatic="True">
              <Summary numSequencePoints="5" visitedSequencePoints="5" numBranchPoints="0" visitedBranchPoints="0" sequenceCoverage="100" branchCoverage="100" maxCyclomaticComplexity="1" minCyclomaticComplexity="1" visitedClasses="0" numClasses="0" visitedMethods="1" numMethods="1" />
              <MetadataToken />
              <Name>System.Void SchoolManagementApplciation.Tests.ExternMethodsTests::ToMonthName_DifferentDaysInSameMonth_ReturnSameName()</Name>
              <FileRef uid="4" />
              <SequencePoints>
                <SequencePoint vc="1" uspid="293" ordinal="0" sl="293" sc="1" el="293" ec="2" bec="0" bev="0" fileid="4" />
                <SequencePoint vc="1" uspid="294" ordinal="1" sl="294" sc="1" el="294" ec="2" bec="0" bev="0" fileid="4" />
                <SequencePoint vc="1" uspid="295" ordinal="2" sl="295" sc="1" el="295" ec="2" bec="0" bev="0" fileid="4" />
                <SequencePoint vc="1" uspid="296" ordinal="3" sl="296" sc="1" el="296" ec="2" bec="0" bev="0" fileid="4" />
                <SequencePoint vc="1" uspid="297" ordinal="4" sl="297" sc="1" el="297" ec="2" bec="0" bev="0" fileid="4" />
              </SequencePoints>
              <BranchPoints />
              <MethodPoint vc="5" uspid="0" p8:type="SequencePoint" ordinal="35" offset="35" sc="0" sl="293" ec="1" el="297" bec="0" bev="0" fileid="4" xmlns:p8="xsi" />
            </Method>
            <Method cyclomaticComplexity="1" nPathComplexity="1" sequenceCoverage="100" branchCoverage="100" isConstructor="False" isGetter="False" isSetter="False" isStatic="True">
              <Summary numSequencePoints="5" visitedSequencePoints="5" numBranchPoints="0" visitedBranchPoints="0" sequenceCoverage="100" branchCoverage="100" maxCyclomaticComplexity="1" minCyclomaticComplexity="1" visitedClasses="0" numClasses="0" visitedMethods="1" numMethods="1" />
              <MetadataToken />
              <Name>System.Void SchoolManagementApplciation.Tests.ExternMethodsTests::ToMonthName_DifferentYearsSameMonth_ReturnSameName()</Name>
              <FileRef uid="4" />
              <SequencePoints>
                <SequencePoint vc="1" uspid="301" ordinal="0" sl="301" sc="1" el="301" ec="2" bec="0" bev="0" fileid="4" />
                <SequencePoint vc="1" uspid="302" ordinal="1" sl="302" sc="1" el="302" ec="2" bec="0" bev="0" fileid="4" />
                <SequencePoint vc="1" uspid="303" ordinal="2" sl="303" sc="1" el="303" ec="2" bec="0" bev="0" fileid="4" />
                <SequencePoint vc="1" uspid="304" ordinal="3" sl="304" sc="1" el="304" ec="2" bec="0" bev="0" fileid="4" />
                <SequencePoint vc="1" uspid="305" ordinal="4" sl="305" sc="1" el="305" ec="2" bec="0" bev="0" fileid="4" />
              </SequencePoints>
              <BranchPoints />
              <MethodPoint vc="5" uspid="0" p8:type="SequencePoint" ordinal="36" offset="36" sc="0" sl="301" ec="1" el="305" bec="0" bev="0" fileid="4" xmlns:p8="xsi" />
            </Method>
            <Method cyclomaticComplexity="1" nPathComplexity="1" sequenceCoverage="100" branchCoverage="100" isConstructor="False" isGetter="False" isSetter="False" isStatic="True">
              <Summary numSequencePoints="6" visitedSequencePoints="6" numBranchPoints="0" visitedBranchPoints="0" sequenceCoverage="100" branchCoverage="100" maxCyclomaticComplexity="1" minCyclomaticComplexity="1" visitedClasses="0" numClasses="0" visitedMethods="1" numMethods="1" />
              <MetadataToken />
              <Name>System.Void SchoolManagementApplciation.Tests.ExternMethodsTests::ToShortMonthName_AllMonths_ReturnsNonEmptyString(System.Int32)</Name>
              <FileRef uid="4" />
              <SequencePoints>
                <SequencePoint vc="12" uspid="325" ordinal="0" sl="325" sc="1" el="325" ec="2" bec="0" bev="0" fileid="4" />
                <SequencePoint vc="12" uspid="326" ordinal="1" sl="326" sc="1" el="326" ec="2" bec="0" bev="0" fileid="4" />
                <SequencePoint vc="12" uspid="327" ordinal="2" sl="327" sc="1" el="327" ec="2" bec="0" bev="0" fileid="4" />
                <SequencePoint vc="12" uspid="328" ordinal="3" sl="328" sc="1" el="328" ec="2" bec="0" bev="0" fileid="4" />
                <SequencePoint vc="12" uspid="329" ordinal="4" sl="329" sc="1" el="329" ec="2" bec="0" bev="0" fileid="4" />
                <SequencePoint vc="12" uspid="330" ordinal="5" sl="330" sc="1" el="330" ec="2" bec="0" bev="0" fileid="4" />
              </SequencePoints>
              <BranchPoints />
              <MethodPoint vc="6" uspid="0" p8:type="SequencePoint" ordinal="37" offset="37" sc="0" sl="325" ec="1" el="330" bec="0" bev="0" fileid="4" xmlns:p8="xsi" />
            </Method>
            <Method cyclomaticComplexity="1" nPathComplexity="1" sequenceCoverage="100" branchCoverage="100" isConstructor="False" isGetter="False" isSetter="False" isStatic="True">
              <Summary numSequencePoints="5" visitedSequencePoints="5" numBranchPoints="0" visitedBranchPoints="0" sequenceCoverage="100" branchCoverage="100" maxCyclomaticComplexity="1" minCyclomaticComplexity="1" visitedClasses="0" numClasses="0" visitedMethods="1" numMethods="1" />
              <MetadataToken />
              <Name>System.Void SchoolManagementApplciation.Tests.ExternMethodsTests::ToShortMonthName_January_MatchesCultureInfo()</Name>
              <FileRef uid="4" />
              <SequencePoints>
                <SequencePoint vc="1" uspid="334" ordinal="0" sl="334" sc="1" el="334" ec="2" bec="0" bev="0" fileid="4" />
                <SequencePoint vc="1" uspid="335" ordinal="1" sl="335" sc="1" el="335" ec="2" bec="0" bev="0" fileid="4" />
[...]
              <MetadataToken />
              <Name>System.Void SchoolManagementApplciation.Tests.SqlControlTests::ExecProc_ResetsExepBeforeExecution()</Name>
              <FileRef uid="5" />
              <SequencePoints>
                <SequencePoint vc="1" uspid="324" ordinal="0" sl="324" sc="1" el="324" ec="2" bec="0" bev="0" fileid="5" />
                <SequencePoint vc="1" uspid="325" ordinal="1" sl="325" sc="1" el="325" ec="2" bec="0" bev="0" fileid="5" />
                <SequencePoint vc="1" uspid="326" ordinal="2" sl="326" sc="1" el="326" ec="2" bec="0" bev="0" fileid="5" />
                <SequencePoint vc="1" uspid="327" ordinal="3" sl="327" sc="1" el="327" ec="2" bec="0" bev="0" fileid="5" />
                <SequencePoint vc="1" uspid="328" ordinal="4" sl="328" sc="1" el="328" ec="2" bec="0" bev="0" fileid="5" />
                <SequencePoint vc="1" uspid="329" ordinal="5" sl="329" sc="1" el="329" ec="2" bec="0" bev="0" fileid="5" />
              </SequencePoints>
              <BranchPoints />
              <MethodPoint vc="6" uspid="0" p8:type="SequencePoint" ordinal="32" offset="32" sc="0" sl="324" ec="1" el="329" bec="0" bev="0" fileid="5" xmlns:p8="xsi" />
            </Method>
            <Method cyclomaticComplexity="1" nPathComplexity="1" sequenceCoverage="100" branchCoverage="100" isConstructor="False" isGetter="False" isSetter="False" isStatic="True">
              <Summary numSequencePoints="5" visitedSequencePoints="5" numBranchPoints="0" visitedBranchPoints="0" sequenceCoverage="100" branchCoverage="100" maxCyclomaticComplexity="1" minCyclomaticComplexity="1" visitedClasses="0" numClasses="0" visitedMethods="1" numMethods="1" />
              <MetadataToken />
              <Name>System.Void SchoolManagementApplciation.Tests.SqlControlTests::ExecProc_ResetsCountToZeroBeforeExecution()</Name>
              <FileRef uid="5" />
              <SequencePoints>
                <SequencePoint vc="1" uspid="333" ordinal="0" sl="333" sc="1" el="333" ec="2" bec="0" bev="0" fileid="5" />
                <SequencePoint vc="1" uspid="334" ordinal="1" sl="334" sc="1" el="334" ec="2" bec="0" bev="0" fileid="5" />
                <SequencePoint vc="1" uspid="335" ordinal="2" sl="335" sc="1" el="335" ec="2" bec="0" bev="0" fileid="5" />
                <SequencePoint vc="1" uspid="336" ordinal="3" sl="336" sc="1" el="336" ec="2" bec="0" bev="0" fileid="5" />
                <SequencePoint vc="1" uspid="337" ordinal="4" sl="337" sc="1" el="337" ec="2" bec="0" bev="0" fileid="5" />
              </SequencePoints>
              <BranchPoints />
              <MethodPoint vc="5" uspid="0" p8:type="SequencePoint" ordinal="33" offset="33" sc="0" sl="333" ec="1" el="337" bec="0" bev="0" fileid="5" xmlns:p8="xsi" />
            </Method>
            <Method cyclomaticComplexity="1" nPathComplexity="1" sequenceCoverage="100" branchCoverage="100" isConstructor="False" isGetter="False" isSetter="False" isStatic="True">
              <Summary numSequencePoints="9" visitedSequencePoints="9" numBranchPoints="0" visitedBranchPoints="0" sequenceCoverage="100" branchCoverage="100" maxCyclomaticComplexity="1" minCyclomaticComplexity="1" visitedClasses="0" numClasses="0" visitedMethods="1" numMethods="1" />
              <MetadataToken />
              <Name>System.Void SchoolManagementApplciation.Tests.SqlControlTests::ExecProc_MultipleCallsInSequence_EachResetsState()</Name>
              <FileRef uid="5" />
              <SequencePoints>
                <SequencePoint vc="1" uspid="341" ordinal="0" sl="341" sc="1" el="341" ec="2" bec="0" bev="0" fileid="5" />
                <SequencePoint vc="1" uspid="342" ordinal="1" sl="342" sc="1" el="342" ec="2" bec="0" bev="0" fileid="5" />
                <SequencePoint vc="1" uspid="343" ordinal="2" sl="343" sc="1" el="343" ec="2" bec="0" bev="0" fileid="5" />
                <SequencePoint vc="1" uspid="344" ordinal="3" sl="344" sc="1" el="344" ec="2" bec="0" bev="0" fileid="5" />
                <SequencePoint vc="1" uspid="345" ordinal="4" sl="345" sc="1" el="345" ec="2" bec="0" bev="0" fileid="5" />
                <SequencePoint vc="1" uspid="346" ordinal="5" sl="346" sc="1" el="346" ec="2" bec="0" bev="0" fileid="5" />
                <SequencePoint vc="1" uspid="347" ordinal="6" sl="347" sc="1" el="347" ec="2" bec="0" bev="0" fileid="5" />
                <SequencePoint vc="1" uspid="348" ordinal="7" sl="348" sc="1" el="348" ec="2" bec="0" bev="0" fileid="5" />
                <SequencePoint vc="1" uspid="349" ordinal="8" sl="349" sc="1" el="349" ec="2" bec="0" bev="0" fileid="5" />
              </SequencePoints>
              <BranchPoints />
              <MethodPoint vc="9" uspid="0" p8:type="SequencePoint" ordinal="34" offset="34" sc="0" sl="341" ec="1" el="349" bec="0" bev="0" fileid="5" xmlns:p8="xsi" />
            </Method>
            <Method cyclomaticComplexity="1" nPathComplexity="1" sequenceCoverage="100" branchCoverage="100" isConstructor="False" isGetter="False" isSetter="False" isStatic="True">
              <Summary numSequencePoints="7" visitedSequencePoints="7" numBranchPoints="0" visitedBranchPoints="0" sequenceCoverage="100" branchCoverage="100" maxCyclomaticComplexity="1" minCyclomaticComplexity="1" visitedClasses="0" numClasses="0" visitedMethods="1" numMethods="1" />
              <MetadataToken />
              <Name>System.Void SchoolManagementApplciation.Tests.SqlControlTests::TwoInstances_HaveIndependentParamLists()</Name>
              <FileRef uid="5" />
              <SequencePoints>
                <SequencePoint vc="1" uspid="357" ordinal="0" sl="357" sc="1" el="357" ec="2" bec="0" bev="0" fileid="5" />
                <SequencePoint vc="1" uspid="358" ordinal="1" sl="358" sc="1" el="358" ec="2" bec="0" bev="0" fileid="5" />
                <SequencePoint vc="1" uspid="359" ordinal="2" sl="359" sc="1" el="359" ec="2" bec="0" bev="0" fileid="5" />
                <SequencePoint vc="1" uspid="360" ordinal="3" sl="360" sc="1" el="360" ec="2" bec="0" bev="0" fileid="5" />
                <SequencePoint vc="1" uspid="361" ordinal="4" sl="361" sc="1" el="361" ec="2" bec="0" bev="0" fileid="5" />
                <SequencePoint vc="1" uspid="362" ordinal="5" sl="362" sc="1" el="362" ec="2" bec="0" bev="0" fileid="5" />
                <SequencePoint vc="1" uspid="363" ordinal="6" sl="363" sc="1" el="363" ec="2" bec="0" bev="0" fileid="5" />
              </SequencePoints>
              <BranchPoints />
              <MethodPoint vc="7" uspid="0" p8:type="SequencePoint" ordinal="35" offset="35" sc="0" sl="357" ec="1" el="363" bec="0" bev="0" fileid="5" xmlns:p8="xsi" />
            </Method>
            <Method cyclomaticComplexity="1" nPathComplexity="1" sequenceCoverage="100" branchCoverage="100" isConstructor="False" isGetter="False" isSetter="False" isStatic="True">
              <Summary numSequencePoints="6" visitedSequencePoints="6" numBranchPoints="0" visitedBranchPoints="0" sequenceCoverage="100" branchCoverage="100" maxCyclomaticComplexity="1" minCyclomaticComplexity="1" visitedClasses="0" numClasses="0" visitedMethods="1" numMethods="1" />
              <MetadataToken />
              <Name>System.Void SchoolManagementApplciation.Tests.SqlControlTests::AddPrams_SingleParam_ThenExecSql_ParamRemainsOnFailure()</Name>
              <FileRef uid="5" />
              <SequencePoints>
                <SequencePoint vc="1" uspid="367" ordinal="0" sl="367" sc="1" el="367" ec="2" bec="0" bev="0" fileid="5" />
                <SequencePoint vc="1" uspid="368" ordinal="1" sl="368" sc="1" el="368" ec="2" bec="0" bev="0" fileid="5" />
                <SequencePoint vc="1" uspid="369" ordinal="2" sl="369" sc="1" el="369" ec="2" bec="0" bev="0" fileid="5" />
                <SequencePoint vc="1" uspid="370" ordinal="3" sl="370" sc="1" el="370" ec="2" bec="0" bev="0" fileid="5" />
                <SequencePoint vc="1" uspid="372" ordinal="4" sl="372" sc="1" el="372" ec="2" bec="0" bev="0" fileid="5" />
                <SequencePoint vc="1" uspid="373" ordinal="5" sl="373" sc="1" el="373" ec="2" bec="0" bev="0" fileid="5" />
              </SequencePoints>
              <BranchPoints />
              <MethodPoint vc="6" uspid="0" p8:type="SequencePoint" ordinal="36" offset="36" sc="0" sl="367" ec="1" el="373" bec="0" bev="0" fileid="5" xmlns:p8="xsi" />
            </Method>
            <Method cyclomaticComplexity="1" nPathComplexity="1" sequenceCoverage="100" branchCoverage="100" isConstructor="False" isGetter="False" isSetter="False" isStatic="True">
              <Summary numSequencePoints="6" visitedSequencePoints="6" numBranchPoints="0" visitedBranchPoints="0" sequenceCoverage="100" branchCoverage="100" maxCyclomaticComplexity="1" minCyclomaticComplexity="1" visitedClasses="0" numClasses="0" visitedMethods="1" numMethods="1" />
              <MetadataToken />
              <Name>System.Void SchoolManagementApplciation.Tests.SqlControlTests::AddPrams_SingleParam_ThenExecProc_ParamRemainsOnFailure()</Name>
              <FileRef uid="5" />
              <SequencePoints>
                <SequencePoint vc="1" uspid="377" ordinal="0" sl="377" sc="1" el="377" ec="2" bec="0" bev="0" fileid="5" />
                <SequencePoint vc="1" uspid="378" ordinal="1" sl="378" sc="1" el="378" ec="2" bec="0" bev="0" fileid="5" />
                <SequencePoint vc="1" uspid="379" ordinal="2" sl="379" sc="1" el="379" ec="2" bec="0" bev="0" fileid="5" />
                <SequencePoint vc="1" uspid="380" ordinal="3" sl="380" sc="1" el="380" ec="2" bec="0" bev="0" fileid="5" />
                <SequencePoint vc="1" uspid="382" ordinal="4" sl="382" sc="1" el="382" ec="2" bec="0" bev="0" fileid="5" />
                <SequencePoint vc="1" uspid="383" ordinal="5" sl="383" sc="1" el="383" ec="2" bec="0" bev="0" fileid="5" />
              </SequencePoints>
              <BranchPoints />
              <MethodPoint vc="6" uspid="0" p8:type="SequencePoint" ordinal="37" offset="37" sc="0" sl="377" ec="1" el="383" bec="0" bev="0" fileid="5" xmlns:p8="xsi" />
            </Method>
            <Method cyclomaticComplexity="1" nPathComplexity="1" sequenceCoverage="100" branchCoverage="100" isConstructor="False" isGetter="False" isSetter="False" isStatic="True">
              <Summary numSequencePoints="4" visitedSequencePoints="4" numBranchPoints="0" visitedBranchPoints="0" sequenceCoverage="100" branchCoverage="100" maxCyclomaticComplexity="1" minCyclomaticComplexity="1" visitedClasses="0" numClasses="0" visitedMethods="1" numMethods="1" />
              <MetadataToken />
              <Name>System.Void SchoolManagementApplciation.Tests.SqlControlTests::DataSet_AfterConstruction_HasNoTables()</Name>
              <FileRef uid="5" />
              <SequencePoints>
                <SequencePoint vc="1" uspid="387" ordinal="0" sl="387" sc="1" el="387" ec="2" bec="0" bev="0" fileid="5" />
                <SequencePoint vc="1" uspid="388" ordinal="1" sl="388" sc="1" el="388" ec="2" bec="0" bev="0" fileid="5" />
                <SequencePoint vc="1" uspid="389" ordinal="2" sl="389" sc="1" el="389" ec="2" bec="0" bev="0" fileid="5" />
                <SequencePoint vc="1" uspid="390" ordinal="3" sl="390" sc="1" el="390" ec="2" bec="0" bev="0" fileid="5" />
              </SequencePoints>
              <BranchPoints />
              <MethodPoint vc="4" uspid="0" p8:type="SequencePoint" ordinal="38" offset="38" sc="0" sl="387" ec="1" el="390" bec="0" bev="0" fileid="5" xmlns:p8="xsi" />
            </Method>
            <Method cyclomaticComplexity="1" nPathComplexity="1" sequenceCoverage="100" branchCoverage="100" isConstructor="False" isGetter="False" isSetter="False" isStatic="True">
              <Summary numSequencePoints="5" visitedSequencePoints="5" numBranchPoints="0" visitedBranchPoints="0" sequenceCoverage="100" branchCoverage="100" maxCyclomaticComplexity="1" minCyclomaticComplexity="1" visitedClasses="0" numClasses="0" visitedMethods="1" numMethods="1" />
              <MetadataToken />
              <Name>System.Void SchoolManagementApplciation.Tests.SqlControlTests::ExecSql_ExepContainsConnectionErrorInfo()</Name>
              <FileRef uid="5" />
              <SequencePoints>
                <SequencePoint vc="1" uspid="394" ordinal="0" sl="394" sc="1" el="394" ec="2" bec="0" bev="0" fileid="5" />
                <SequencePoint vc="1" uspid="395" ordinal="1" sl="395" sc="1" el="395" ec="2" bec="0" bev="0" fileid="5" />
                <SequencePoint vc="1" uspid="396" ordinal="2" sl="396" sc="1" el="396" ec="2" bec="0" bev="0" fileid="5" />
                <SequencePoint vc="1" uspid="398" ordinal="3" sl="398" sc="1" el="398" ec="2" bec="0" bev="0" fileid="5" />
                <SequencePoint vc="1" uspid="399" ordinal="4" sl="399" sc="1" el="399" ec="2" bec="0" bev="0" fileid="5" />
              </SequencePoints>
              <BranchPoints />
              <MethodPoint vc="5" uspid="0" p8:type="SequencePoint" ordinal="39" offset="39" sc="0" sl="394" ec="1" el="399" bec="0" bev="0" fileid="5" xmlns:p8="xsi" />
            </Method>
            <Method cyclomaticComplexity="1" nPathComplexity="1" sequenceCoverage="100" branchCoverage="100" isConstructor="False" isGetter="False" isSetter="False" isStatic="True">
              <Summary numSequencePoints="5" visitedSequencePoints="5" numBranchPoints="0" visitedBranchPoints="0" sequenceCoverage="100" branchCoverage="100" maxCyclomaticComplexity="1" minCyclomaticComplexity="1" visitedClasses="0" numClasses="0" visitedMethods="1" numMethods="1" />
              <MetadataToken />
              <Name>System.Void SchoolManagementApplciation.Tests.SqlControlTests::ExecProc_ExepContainsConnectionErrorInfo()</Name>
              <FileRef uid="5" />
              <SequencePoints>
                <SequencePoint vc="1" uspid="403" ordinal="0" sl="403" sc="1" el="403" ec="2" bec="0" bev="0" fileid="5" />
                <SequencePoint vc="1" uspid="404" ordinal="1" sl="404" sc="1" el="404" ec="2" bec="0" bev="0" fileid="5" />
                <SequencePoint vc="1" uspid="405" ordinal="2" sl="405" sc="1" el="405" ec="2" bec="0" bev="0" fileid="5" />
                <SequencePoint vc="1" uspid="406" ordinal="3" sl="406" sc="1" el="406" ec="2" bec="0" bev="0" fileid="5" />
                <SequencePoint vc="1" uspid="407" ordinal="4" sl="407" sc="1" el="407" ec="2" bec="0" bev="0" fileid="5" />
              </SequencePoints>
              <BranchPoints />
              <MethodPoint vc="5" uspid="0" p8:type="SequencePoint" ordinal="40" offset="40" sc="0" sl="403" ec="1" el="407" bec="0" bev="0" fileid="5" xmlns:p8="xsi" />
            </Method>
            <Method cyclomaticComplexity="2" nPathComplexity="2" sequenceCoverage="100" branchCoverage="100" isConstructor="False" isGetter="False" isSetter="False" isStatic="True">
              <Summary numSequencePoints="6" visitedSequencePoints="6" numBranchPoints="2" visitedBranchPoints="2" sequenceCoverage="100" branchCoverage="100" maxCyclomaticComplexity="2" minCyclomaticComplexity="2" visitedClasses="0" numClasses="0" visitedMethods="1" numMethods="1" />
              <MetadataToken />
              <Name>System.Void SchoolManagementApplciation.Tests.SqlControlTests::AddPrams_LargeNumberOfParams_AllStored()</Name>
              <FileRef uid="5" />
              <SequencePoints>
                <SequencePoint vc="1" uspid="411" ordinal="0" sl="411" sc="1" el="411" ec="2" bec="0" bev="0" fileid="5" />
                <SequencePoint vc="1" uspid="412" ordinal="1" sl="412" sc="1" el="412" ec="2" bec="0" bev="0" fileid="5" />
                <SequencePoint vc="42" uspid="413" ordinal="2" sl="413" sc="1" el="413" ec="2" bec="2" bev="2" fileid="5" />
                <SequencePoint vc="20" uspid="414" ordinal="3" sl="414" sc="1" el="414" ec="2" bec="0" bev="0" fileid="5" />
                <SequencePoint vc="1" uspid="415" ordinal="4" sl="415" sc="1" el="415" ec="2" bec="0" bev="0" fileid="5" />
                <SequencePoint vc="1" uspid="416" ordinal="5" sl="416" sc="1" el="416" ec="2" bec="0" bev="0" fileid="5" />
              </SequencePoints>
              <BranchPoints>
                <BranchPoint vc="20" uspid="413" ordinal="1" path="1" offset="73" offsetend="11" sl="413" fileid="5" />
                <BranchPoint vc="1" uspid="413" ordinal="0" path="0" offset="73" offsetend="75" sl="413" fileid="5" />
              </BranchPoints>
              <MethodPoint vc="6" uspid="0" p8:type="SequencePoint" ordinal="41" offset="41" sc="0" sl="411" ec="1" el="416" bec="0" bev="0" fileid="5" xmlns:p8="xsi" />
            </Method>
            <Method cyclomaticComplexity="1" nPathComplexity="1" sequenceCoverage="100" branchCoverage="100" isConstructor="False" isGetter="False" isSetter="False" isStatic="True">
              <Summary numSequencePoints="5" visitedSequencePoints="5" numBranchPoints="0" visitedBranchPoints="0" sequenceCoverage="100" branchCoverage="100" maxCyclomaticComplexity="1" minCyclomaticComplexity="1" visitedClasses="0" numClasses="0" visitedMethods="1" numMethods="1" />
              <MetadataToken />
              <Name>System.Void SchoolManagementApplciation.Tests.SqlControlTests::AddPrams_NegativeIntValue_StoredCorrectly()</Name>
              <FileRef uid="5" />
              <SequencePoints>
                <SequencePoint vc="1" uspid="420" ordinal="0" sl="420" sc="1" el="420" ec="2" bec="0" bev="0" fileid="5" />
                <SequencePoint vc="1" uspid="421" ordinal="1" sl="421" sc="1" el="421" ec="2" bec="0" bev="0" fileid="5" />
                <SequencePoint vc="1" uspid="422" ordinal="2" sl="422" sc="1" el="422" ec="2" bec="0" bev="0" fileid="5" />
                <SequencePoint vc="1" uspid="423" ordinal="3" sl="423" sc="1" el="423" ec="2" bec="0" bev="0" fileid="5" />
                <SequencePoint vc="1" uspid="424" ordinal="4" sl="424" sc="1" el="424" ec="2" bec="0" bev="0" fileid="5" />
              </SequencePoints>
              <BranchPoints />
              <MethodPoint vc="5" uspid="0" p8:type="SequencePoint" ordinal="42" offset="42" sc="0" sl="420" ec="1" el="424" bec="0" bev="0" fileid="5" xmlns:p8="xsi" />
            </Method>
            <Method cyclomaticComplexity="1" nPathComplexity="1" sequenceCoverage="100" branchCoverage="100" isConstructor="False" isGetter="False" isSetter="False" isStatic="True">
              <Summary numSequencePoints="5" visitedSequencePoints="5" numBranchPoints="0" visitedBranchPoints="0" sequenceCoverage="100" branchCoverage="100" maxCyclomaticComplexity="1" minCyclomaticComplexity="1" visitedClasses="0" numClasses="0" visitedMethods="1" numMethods="1" />
              <MetadataToken />
              <Name>System.Void SchoolManagementApplciation.Tests.SqlControlTests::AddPrams_ZeroValue_StoredCorrectly()</Name>
              <FileRef uid="5" />
              <SequencePoints>
                <SequencePoint vc="1" uspid="428" ordinal="0" sl="428" sc="1" el="428" ec="2" bec="0" bev="0" fileid="5" />
                <SequencePoint vc="1" uspid="429" ordinal="1" sl="429" sc="1" el="429" ec="2" bec="0" bev="0" fileid="5" />
                <SequencePoint vc="1" uspid="430" ordinal="2" sl="430" sc="1" el="430" ec="2" bec="0" bev="0" fileid="5" />
                <SequencePoint vc="1" uspid="431" ordinal="3" sl="431" sc="1" el="431" ec="2" bec="0" bev="0" fileid="5" />
                <SequencePoint vc="1" uspid="432" ordinal="4" sl="432" sc="1" el="432" ec="2" bec="0" bev="0" fileid="5" />
              </SequencePoints>
              <BranchPoints />
              <MethodPoint vc="5" uspid="0" p8:type="SequencePoint" ordinal="43" offset="43" sc="0" sl="428" ec="1" el="432" bec="0" bev="0" fileid="5" xmlns:p8="xsi" />
            </Method>
          </Methods>
        </Class>
      </Classes>
    </Module>
  </Modules>
</CoverageSession>