SF:/app/.nuget/packages/microsoft.net.test.sdk/17.9.0/build/netcoreapp3.1/Microsoft.NET.Test.Sdk.Program.cs
FN:3,System.Void AutoGeneratedProgram::Main(System.String[])
FNDA:0,System.Void AutoGeneratedProgram::Main(System.String[])
DA:4,0
LF:1
LH:0
BRF:0
BRH:0
FNF:1
FNH:0
end_of_record
SF:/modernize-data/studio-data/TNT1001/APP763070/transformed-code/163/studio-workspace/Common Services/Tests/Stubs/ExternMethodsStub.cs
FN:14,System.Type SchoolManagementApplciation.ExternMethods::IsNumber(System.Object)
FNDA:31,System.Type SchoolManagementApplciation.ExternMethods::IsNumber(System.Object)
DA:15,31
DA:16,32
DA:17,33
DA:18,28
DA:19,27
DA:20,30
DA:21,21
DA:22,21
DA:23,18
DA:24,18
DA:25,19
DA:26,12
DA:27,6
DA:28,31
BRDA:16,12,0,1
BRDA:16,12,1,30
BRDA:17,41,0,3
BRDA:17,41,1,27
BRDA:18,70,0,1
BRDA:18,70,1,26
BRDA:19,101,0,1
BRDA:19,101,1,25
BRDA:20,132,0,5
BRDA:20,132,1,20
BRDA:21,163,0,1
BRDA:21,163,1,19
BRDA:22,194,0,2
BRDA:22,194,1,17
BRDA:23,222,0,1
BRDA:23,222,1,16
BRDA:24,250,0,2
BRDA:24,250,1,14
BRDA:25,278,0,5
BRDA:25,278,1,9
BRDA:26,306,0,3
BRDA:26,306,1,6
FN:30,System.String SchoolManagementApplciation.ExternMethods::ToMonthName(System.DateTime)
FNDA:34,System.String SchoolManagementApplciation.ExternMethods::ToMonthName(System.DateTime)
DA:31,34
DA:32,34
DA:33,34
FN:35,System.String SchoolManagementApplciation.ExternMethods::ToShortMonthName(System.DateTime)
FNDA:31,System.String SchoolManagementApplciation.ExternMethods::ToShortMonthName(System.DateTime)
DA:36,31
DA:37,31
DA:38,31
LF:20
LH:20
BRF:22
BRH:22
FNF:3
FNH:3
end_of_record
SF:/modernize-data/studio-data/TNT1001/APP763070/transformed-code/163/studio-workspace/Common Services/Tests/Stubs/SqlControlStub.cs
FN:36,System.Void SchoolManagementApplciation.SqlControl::ExecSql(System.String)
FNDA:13,System.Void SchoolManagementApplciation.SqlControl::ExecSql(System.String)
DA:37,13
DA:38,13
DA:39,13
DA:41,13
DA:42,13
DA:43,0
DA:44,0
DA:45,0
DA:46,0
DA:47,0
DA:48,0
DA:49,0
DA:50,0
DA:51,13
DA:52,13
DA:53,13
DA:54,13
DA:55,13
DA:56,0
DA:57,13
BRDA:55,186,0,0
BRDA:55,186,1,13
FN:59,System.Void SchoolManagementApplciation.SqlControl::ExecProc(System.String)
FNDA:12,System.Void SchoolManagementApplciation.SqlControl::ExecProc(System.String)
DA:60,12
DA:61,12
DA:62,12
DA:64,12
DA:65,12
DA:66,0
DA:67,0
DA:68,0
DA:69,0
DA:70,0
DA:71,0
DA:72,12
DA:73,12
DA:74,12
DA:75,12
DA:76,12
DA:77,0
DA:78,12
BRDA:76,146,0,0
BRDA:76,146,1,12
FN:80,System.Void SchoolManagementApplciation.SqlControl::addprams(System.String,System.Object)
FNDA:48,System.Void SchoolManagementApplciation.SqlControl::addprams(System.String,System.Object)
DA:81,48
DA:82,48
DA:83,48
DA:84,48
FN:18,System.Void SchoolManagementApplciation.SqlControl::.ctor()
FNDA:44,System.Void SchoolManagementApplciation.SqlControl::.ctor()
DA:19,44
DA:21,44
DA:22,44
DA:23,44
DA:26,44
DA:28,44
DA:29,44
DA:31,44
DA:32,132
DA:33,44
DA:34,44
BRDA:33,93,0,44
BRDA:33,93,1,0
LF:53
LH:37
BRF:6
BRH:3
FNF:4
FNH:4
end_of_record
SF:/modernize-data/studio-data/TNT1001/APP763070/transformed-code/163/studio-workspace/Common Services/Tests/SchoolManagementApplciation/ExternMethodsTests.cs
FN:18,System.Void SchoolManagementApplciation.Tests.ExternMethodsTests::IsNumber_SByte_ReturnsSByteType()
FNDA:1,System.Void SchoolManagementApplciation.Tests.ExternMethodsTests::IsNumber_SByte_ReturnsSByteType()
DA:19,1
DA:20,1
DA:21,1
DA:22,1
FN:25,System.Void SchoolManagementApplciation.Tests.ExternMethodsTests::IsNumber_Byte_ReturnsByteType()
FNDA:1,System.Void SchoolManagementApplciation.Tests.ExternMethodsTests::IsNumber_Byte_ReturnsByteType()
DA:26,1
DA:27,1
DA:28,1
DA:29,1
FN:32,System.Void SchoolManagementApplciation.Tests.ExternMethodsTests::IsNumber_Short_ReturnsShortType()
FNDA:1,System.Void SchoolManagementApplciation.Tests.ExternMethodsTests::IsNumber_Short_ReturnsShortType()
DA:33,1
DA:34,1
DA:35,1
DA:36,1
FN:39,System.Void SchoolManagementApplciation.Tests.ExternMethodsTests::IsNumber_UShort_ReturnsUShortType()
FNDA:1,System.Void SchoolManagementApplciation.Tests.ExternMethodsTests::IsNumber_UShort_ReturnsUShortType()
DA:40,1
DA:41,1
DA:42,1
DA:43,1
FN:46,System.Void SchoolManagementApplciation.Tests.ExternMethodsTests::IsNumber_Int_ReturnsIntType()
FNDA:1,System.Void SchoolManagementApplciation.Tests.ExternMethodsTests::IsNumber_Int_ReturnsIntType()
DA:47,1
DA:48,1
DA:49,1
DA:50,1
FN:53,System.Void SchoolManagementApplciation.Tests.ExternMethodsTests::IsNumber_UInt_ReturnsUIntType()
FNDA:1,System.Void SchoolManagementApplciation.Tests.ExternMethodsTests::IsNumber_UInt_ReturnsUIntType()
DA:54,1
DA:55,1
DA:56,1
DA:57,1
FN:60,System.Void SchoolManagementApplciation.Tests.ExternMethodsTests::IsNumber_Long_ReturnsLongType()
FNDA:1,System.Void SchoolManagementApplciation.Tests.ExternMethodsTests::IsNumber_Long_ReturnsLongType()
DA:61,1
DA:62,1
DA:63,1
DA:64,1
FN:67,System.Void SchoolManagementApplciation.Tests.ExternMethodsTests::IsNumber_ULong_ReturnsULongType()
FNDA:1,System.Void SchoolManagementApplciation.Tests.ExternMethodsTests::IsNumber_ULong_ReturnsULongType()
DA:68,1
DA:69,1
DA:70,1
DA:71,1
FN:74,System.Void SchoolManagementApplciation.Tests.ExternMethodsTests::IsNumber_Float_ReturnsFloatType()
FNDA:1,System.Void SchoolManagementApplciation.Tests.ExternMethodsTests::IsNumber_Float_ReturnsFloatType()
DA:75,1
DA:76,1
DA:77,1
DA:78,1
FN:81,System.Void SchoolManagementApplciation.Tests.ExternMethodsTests::IsNumber_Double_ReturnsDoubleType()
FNDA:1,System.Void SchoolManagementApplciation.Tests.ExternMethodsTests::IsNumber_Double_ReturnsDoubleType()
DA:82,1
DA:83,1
DA:84,1
DA:85,1
FN:88,System.Void SchoolManagementApplciation.Tests.ExternMethodsTests::IsNumber_Decimal_ReturnsDecimalType()
FNDA:1,System.Void SchoolManagementApplciation.Tests.ExternMethodsTests::IsNumber_Decimal_ReturnsDecimalType()
DA:89,1
DA:90,1
DA:91,1
DA:92,1
FN:99,System.Void SchoolManagementApplciation.Tests.ExternMethodsTests::IsNumber_String_ReturnsNull()
FNDA:1,System.Void SchoolManagementApplciation.Tests.ExternMethodsTests::IsNumber_String_ReturnsNull()
DA:100,1
DA:101,1
DA:102,1
DA:103,1
FN:106,System.Void SchoolManagementApplciation.Tests.ExternMethodsTests::IsNumber_Bool_ReturnsNull()
FNDA:1,System.Void SchoolManagementApplciation.Tests.ExternMethodsTests::IsNumber_Bool_ReturnsNull()
DA:107,1
DA:108,1
DA:109,1
DA:110,1
FN:113,System.Void SchoolManagementApplciation.Tests.ExternMethodsTests::IsNumber_DateTime_ReturnsNull()
FNDA:1,System.Void SchoolManagementApplciation.Tests.ExternMethodsTests::IsNumber_DateTime_ReturnsNull()
DA:114,1
DA:115,1
DA:116,1
DA:117,1
FN:120,System.Void SchoolManagementApplciation.Tests.ExternMethodsTests::IsNumber_Object_ReturnsNull()
FNDA:1,System.Void SchoolManagementApplciation.Tests.ExternMethodsTests::IsNumber_Object_ReturnsNull()
DA:121,1
DA:122,1
DA:123,1
DA:124,1
FN:127,System.Void SchoolManagementApplciation.Tests.ExternMethodsTests::IsNumber_Char_ReturnsNull()
FNDA:1,System.Void SchoolManagementApplciation.Tests.ExternMethodsTests::IsNumber_Char_ReturnsNull()
DA:128,1
DA:129,1
DA:130,1
DA:131,1
FN:134,System.Void SchoolManagementApplciation.Tests.ExternMethodsTests::IsNumber_AnonymousObject_ReturnsNull()
FNDA:1,System.Void SchoolManagementApplciation.Tests.ExternMethodsTests::IsNumber_AnonymousObject_ReturnsNull()
DA:135,1
DA:136,1
DA:137,1
DA:138,1
FN:145,System.Void SchoolManagementApplciation.Tests.ExternMethodsTests::IsNumber_IntZero_ReturnsIntType()
FNDA:1,System.Void SchoolManagementApplciation.Tests.ExternMethodsTests::IsNumber_IntZero_ReturnsIntType()
DA:146,1
DA:147,1
DA:148,1
DA:149,1
FN:152,System.Void SchoolManagementApplciation.Tests.ExternMethodsTests::IsNumber_IntMaxValue_ReturnsIntType()
FNDA:1,System.Void SchoolManagementApplciation.Tests.ExternMethodsTests::IsNumber_IntMaxValue_ReturnsIntType()
DA:153,1
DA:154,1
DA:155,1
DA:156,1
FN:159,System.Void SchoolManagementApplciation.Tests.ExternMethodsTests::IsNumber_IntMinValue_ReturnsIntType()
FNDA:1,System.Void SchoolManagementApplciation.Tests.ExternMethodsTests::IsNumber_IntMinValue_ReturnsIntType()
DA:160,1
DA:161,1
DA:162,1
DA:163,1
FN:166,System.Void SchoolManagementApplciation.Tests.ExternMethodsTests::IsNumber_DoubleNaN_ReturnsDoubleType()
FNDA:1,System.Void SchoolManagementApplciation.Tests.ExternMethodsTests::IsNumber_DoubleNaN_ReturnsDoubleType()
DA:167,1
DA:168,1
DA:169,1
DA:170,1
FN:173,System.Void SchoolManagementApplciation.Tests.ExternMethodsTests::IsNumber_DoublePositiveInfinity_ReturnsDoubleType()
FNDA:1,System.Void SchoolManagementApplciation.Tests.ExternMethodsTests::IsNumber_DoublePositiveInfinity_ReturnsDoubleType()
DA:174,1
DA:175,1
DA:176,1
DA:177,1
FN:180,System.Void SchoolManagementApplciation.Tests.ExternMethodsTests::IsNumber_DoubleNegativeInfinity_ReturnsDoubleType()
FNDA:1,System.Void SchoolManagementApplciation.Tests.ExternMethodsTests::IsNumber_DoubleNegativeInfinity_ReturnsDoubleType()
DA:181,1
DA:182,1
DA:183,1
DA:184,1
FN:187,System.Void SchoolManagementApplciation.Tests.ExternMethodsTests::IsNumber_DecimalZero_ReturnsDecimalType()
FNDA:1,System.Void SchoolManagementApplciation.Tests.ExternMethodsTests::IsNumber_DecimalZero_ReturnsDecimalType()
DA:188,1
DA:189,1
DA:190,1
DA:191,1
FN:194,System.Void SchoolManagementApplciation.Tests.ExternMethodsTests::IsNumber_DecimalMaxValue_ReturnsDecimalType()
FNDA:1,System.Void SchoolManagementApplciation.Tests.ExternMethodsTests::IsNumber_DecimalMaxValue_ReturnsDecimalType()
DA:195,1
DA:196,1
DA:197,1
DA:198,1
FN:201,System.Void SchoolManagementApplciation.Tests.ExternMethodsTests::IsNumber_LongMaxValue_ReturnsLongType()
FNDA:1,System.Void SchoolManagementApplciation.Tests.ExternMethodsTests::IsNumber_LongMaxValue_ReturnsLongType()
DA:202,1
DA:203,1
DA:204,1
DA:205,1
FN:208,System.Void SchoolManagementApplciation.Tests.ExternMethodsTests::IsNumber_ByteZero_ReturnsByteType()
FNDA:1,System.Void SchoolManagementApplciation.Tests.ExternMethodsTests::IsNumber_ByteZero_ReturnsByteType()
DA:209,1
DA:210,1
DA:211,1
DA:212,1
FN:215,System.Void SchoolManagementApplciation.Tests.ExternMethodsTests::IsNumber_ByteMaxValue_ReturnsByteType()
FNDA:1,System.Void SchoolManagementApplciation.Tests.ExternMethodsTests::IsNumber_ByteMaxValue_ReturnsByteType()
DA:216,1
DA:217,1
DA:218,1
DA:219,1
FN:222,System.Void SchoolManagementApplciation.Tests.ExternMethodsTests::IsNumber_FloatZero_ReturnsFloatType()
FNDA:1,System.Void SchoolManagementApplciation.Tests.ExternMethodsTests::IsNumber_FloatZero_ReturnsFloatType()
DA:223,1
DA:224,1
DA:225,1
DA:226,1
FN:229,System.Void SchoolManagementApplciation.Tests.ExternMethodsTests::IsNumber_NegativeInt_ReturnsIntType()
FNDA:1,System.Void SchoolManagementApplciation.Tests.ExternMethodsTests::IsNumber_NegativeInt_ReturnsIntType()
DA:230,1
DA:231,1
DA:232,1
DA:233,1
FN:236,System.Void SchoolManagementApplciation.Tests.ExternMethodsTests::IsNumber_NegativeDouble_ReturnsDoubleType()
FNDA:1,System.Void SchoolManagementApplciation.Tests.ExternMethodsTests::IsNumber_NegativeDouble_ReturnsDoubleType()
DA:237,1
DA:238,1
DA:239,1
DA:240,1
FN:259,System.Void SchoolManagementApplciation.Tests.ExternMethodsTests::ToMonthName_AllMonths_ReturnsNonEmptyString(System.Int32)
FNDA:12,System.Void SchoolManagementApplciation.Tests.ExternMethodsTests::ToMonthName_AllMonths_ReturnsNonEmptyString(System.Int32)
DA:260,12
DA:261,12
DA:262,12
DA:263,12
DA:264,12
DA:265,12
FN:268,System.Void SchoolManagementApplciation.Tests.ExternMethodsTests::ToMonthName_January_MatchesCultureInfo()
FNDA:1,System.Void SchoolManagementApplciation.Tests.ExternMethodsTests::ToMonthName_January_MatchesCultureInfo()
DA:269,1
DA:270,1
DA:271,1
DA:272,1
DA:273,1
FN:276,System.Void SchoolManagementApplciation.Tests.ExternMethodsTests::ToMonthName_December_MatchesCultureInfo()
FNDA:1,System.Void SchoolManagementApplciation.Tests.ExternMethodsTests::ToMonthName_December_MatchesCultureInfo()
DA:277,1
DA:278,1
DA:279,1
DA:280,1
DA:281,1
FN:284,System.Void SchoolManagementApplciation.Tests.ExternMethodsTests::ToMonthName_June_MatchesCultureInfo()
FNDA:1,System.Void SchoolManagementApplciation.Tests.ExternMethodsTests::ToMonthName_June_MatchesCultureInfo()
DA:285,1
DA:286,1
DA:287,1
DA:288,1
DA:289,1
FN:292,System.Void SchoolManagementApplciation.Tests.ExternMethodsTests::ToMonthName_DifferentDaysInSameMonth_ReturnSameName()
FNDA:1,System.Void SchoolManagementApplciation.Tests.ExternMethodsTests::ToMonthName_DifferentDaysInSameMonth_ReturnSameName()
DA:293,1
DA:294,1
DA:295,1
DA:296,1
DA:297,1
FN:300,System.Void SchoolManagementApplciation.Tests.ExternMethodsTests::ToMonthName_DifferentYearsSameMonth_ReturnSameName()
FNDA:1,System.Void SchoolManagementApplciation.Tests.ExternMethodsTests::ToMonthName_DifferentYearsSameMonth_ReturnSameName()
DA:301,1
DA:302,1
DA:303,1
DA:304,1
DA:305,1
FN:324,System.Void SchoolManagementApplciation.Tests.ExternMethodsTests::ToShortMonthName_AllMonths_ReturnsNonEmptyString(System.Int32)
FNDA:12,System.Void SchoolManagementApplciation.Tests.ExternMethodsTests::ToShortMonthName_AllMonths_ReturnsNonEmptyString(System.Int32)
DA:325,12
DA:326,12
DA:327,12
DA:328,12
DA:329,12
DA:330,12
FN:333,System.Void SchoolManagementApplciation.Tests.ExternMethodsTests::ToShortMonthName_January_MatchesCultureInfo()
FNDA:1,System.Void SchoolManagementApplciation.Tests.ExternMethodsTests::ToShortMonthName_January_MatchesCultureInfo()
DA:334,1
DA:335,1
DA:336,1
DA:337,1
DA:338,1
FN:341,System.Void SchoolManagementApplciation.Tests.ExternMethodsTests::ToShortMonthName_December_MatchesCultureInfo()
FNDA:1,System.Void SchoolManagementApplciation.Tests.ExternMethodsTests::ToShortMonthName_December_MatchesCultureInfo()
DA:342,1
DA:343,1
DA:344,1
DA:345,1
DA:346,1
FN:349,System.Void SchoolManagementApplciation.Tests.ExternMethodsTests::ToShortMonthName_IsShorterThanOrEqualToFullName()
FNDA:1,System.Void SchoolManagementApplciation.Tests.ExternMethodsTests::ToShortMonthName_IsShorterThanOrEqualToFullName()
DA:350,1
DA:351,1
DA:352,1
DA:353,1
DA:354,1
DA:355,1
FN:358,System.Void SchoolManagementApplciation.Tests.ExternMethodsTests::ToShortMonthName_DifferentDaysInSameMonth_ReturnSameName()
FNDA:1,System.Void SchoolManagementApplciation.Tests.ExternMethodsTests::ToShortMonthName_DifferentDaysInSameMonth_ReturnSameName()
DA:359,1
DA:360,1
DA:361,1
DA:362,1
DA:363,1
FN:370,System.Void SchoolManagementApplciation.Tests.ExternMethodsTests::ToMonthName_AndToShortMonthName_SameMonth_AreConsistent()
FNDA:1,System.Void SchoolManagementApplciation.Tests.ExternMethodsTests::ToMonthName_AndToShortMonthName_SameMonth_AreConsistent()
DA:371,1
DA:372,1
DA:373,1
DA:374,1
DA:376,1
DA:377,1
DA:378,1
FN:381,System.Void SchoolManagementApplciation.Tests.ExternMethodsTests::ToMonthName_ReturnsStringNotContainingDigits()
FNDA:1,System.Void SchoolManagementApplciation.Tests.ExternMethodsTests::ToMonthName_ReturnsStringNotContainingDigits()
DA:382,1
DA:383,1
DA:384,1
DA:386,11
DA:387,4
DA:388,1
BRDA:386,78,1,4
BRDA:386,78,0,1
FN:391,System.Void SchoolManagementApplciation.Tests.ExternMethodsTests::ToShortMonthName_ReturnsStringNotContainingDigits()
FNDA:1,System.Void SchoolManagementApplciation.Tests.ExternMethodsTests::ToShortMonthName_ReturnsStringNotContainingDigits()
DA:392,1
DA:393,1
DA:394,1
DA:395,9
DA:396,3
DA:397,1
BRDA:395,79,1,3
BRDA:395,79,0,1
FN:400,System.Void SchoolManagementApplciation.Tests.ExternMethodsTests::ToMonthName_AllTwelveMonths_AreDistinct()
FNDA:1,System.Void SchoolManagementApplciation.Tests.ExternMethodsTests::ToMonthName_AllTwelveMonths_AreDistinct()
DA:401,1
DA:402,1
DA:403,26
DA:404,12
DA:405,12
DA:406,12
DA:407,12
DA:408,1
DA:409,1
BRDA:403,54,1,12
BRDA:403,54,0,1
FN:412,System.Void SchoolManagementApplciation.Tests.ExternMethodsTests::ToShortMonthName_AllTwelveMonths_AreDistinct()
FNDA:1,System.Void SchoolManagementApplciation.Tests.ExternMethodsTests::ToShortMonthName_AllTwelveMonths_AreDistinct()
DA:413,1
DA:414,1
DA:415,26
DA:416,12
DA:417,12
DA:418,12
DA:419,12
DA:420,1
DA:421,1
BRDA:415,54,1,12
BRDA:415,54,0,1
LF:219
LH:219
BRF:8
BRH:8
FNF:47
FNH:47
end_of_record
SF:/modernize-data/studio-data/TNT1001/APP763070/transformed-code/163/studio-workspace/Common Services/Tests/SchoolManagementApplciation/SqlControlTests.cs
FN:26,SchoolManagementApplciation.SqlControl SchoolManagementApplciation.Tests.SqlControlTests::CreateSqlControlWithBadConnection()
FNDA:21,SchoolManagementApplciation.SqlControl SchoolManagementApplciation.Tests.SqlControlTests::CreateSqlControlWithBadConnection()
DA:27,21
DA:28,21
DA:29,21
FN:36,System.Void SchoolManagementApplciation.Tests.SqlControlTests::Constructor_CreatesInstance_NotNull()
FNDA:1,System.Void SchoolManagementApplciation.Tests.SqlControlTests::Constructor_CreatesInstance_NotNull()
DA:37,1
DA:38,1
DA:39,1
DA:40,1
FN:43,System.Void SchoolManagementApplciation.Tests.SqlControlTests::Constructor_InitializesParamsList_EmptyList()
FNDA:1,System.Void SchoolManagementApplciation.Tests.SqlControlTests::Constructor_InitializesParamsList_EmptyList()
DA:44,1
DA:45,1
DA:46,1
DA:47,1
DA:48,1
FN:51,System.Void SchoolManagementApplciation.Tests.SqlControlTests::Constructor_InitializesDataSet_NotNull()
FNDA:1,System.Void SchoolManagementApplciation.Tests.SqlControlTests::Constructor_InitializesDataSet_NotNull()
DA:52,1
DA:53,1
DA:54,1
DA:55,1
FN:58,System.Void SchoolManagementApplciation.Tests.SqlControlTests::Constructor_InitializesAdapter_NotNull()
FNDA:1,System.Void SchoolManagementApplciation.Tests.SqlControlTests::Constructor_InitializesAdapter_NotNull()
DA:59,1
DA:60,1
DA:61,1
DA:62,1
FN:65,System.Void SchoolManagementApplciation.Tests.SqlControlTests::Constructor_InitializesCount_Zero()
FNDA:1,System.Void SchoolManagementApplciation.Tests.SqlControlTests::Constructor_InitializesCount_Zero()
DA:66,1
DA:67,1
DA:68,1
DA:69,1
FN:72,System.Void SchoolManagementApplciation.Tests.SqlControlTests::Constructor_InitializesExep_EmptyString()
FNDA:1,System.Void SchoolManagementApplciation.Tests.SqlControlTests::Constructor_InitializesExep_EmptyString()
DA:73,1
DA:74,1
DA:75,1
DA:76,1
FN:83,System.Void SchoolManagementApplciation.Tests.SqlControlTests::AddPrams_SingleParam_AddsToList()
FNDA:1,System.Void SchoolManagementApplciation.Tests.SqlControlTests::AddPrams_SingleParam_AddsToList()
DA:84,1
DA:85,1
DA:86,1
DA:87,1
DA:88,1
FN:91,System.Void SchoolManagementApplciation.Tests.SqlControlTests::AddPrams_SingleParam_CorrectName()
FNDA:1,System.Void SchoolManagementApplciation.Tests.SqlControlTests::AddPrams_SingleParam_CorrectName()
DA:92,1
DA:93,1
DA:94,1
DA:95,1
DA:96,1
FN:99,System.Void SchoolManagementApplciation.Tests.SqlControlTests::AddPrams_SingleParam_CorrectValue()
FNDA:1,System.Void SchoolManagementApplciation.Tests.SqlControlTests::AddPrams_SingleParam_CorrectValue()
DA:100,1
DA:101,1
DA:102,1
DA:103,1
DA:104,1
FN:107,System.Void SchoolManagementApplciation.Tests.SqlControlTests::AddPrams_MultipleParams_AllAdded()
FNDA:1,System.Void SchoolManagementApplciation.Tests.SqlControlTests::AddPrams_MultipleParams_AllAdded()
DA:108,1
DA:109,1
DA:110,1
DA:111,1
DA:112,1
DA:113,1
DA:114,1
FN:117,System.Void SchoolManagementApplciation.Tests.SqlControlTests::AddPrams_IntegerValue_StoredCorrectly()
FNDA:1,System.Void SchoolManagementApplciation.Tests.SqlControlTests::AddPrams_IntegerValue_StoredCorrectly()
DA:118,1
DA:119,1
DA:120,1
DA:121,1
DA:122,1
FN:125,System.Void SchoolManagementApplciation.Tests.SqlControlTests::AddPrams_NullValue_StoredAsDBNull()
FNDA:1,System.Void SchoolManagementApplciation.Tests.SqlControlTests::AddPrams_NullValue_StoredAsDBNull()
DA:126,1
DA:127,1
DA:128,1
DA:129,1
DA:130,1
FN:133,System.Void SchoolManagementApplciation.Tests.SqlControlTests::AddPrams_DateTimeValue_StoredCorrectly()
FNDA:1,System.Void SchoolManagementApplciation.Tests.SqlControlTests::AddPrams_DateTimeValue_StoredCorrectly()
DA:134,1
DA:135,1
DA:136,1
DA:137,1
DA:138,1
DA:139,1
FN:142,System.Void SchoolManagementApplciation.Tests.SqlControlTests::AddPrams_DoubleValue_StoredCorrectly()
FNDA:1,System.Void SchoolManagementApplciation.Tests.SqlControlTests::AddPrams_DoubleValue_StoredCorrectly()
DA:143,1
DA:144,1
DA:145,1
DA:146,1
DA:147,1
FN:150,System.Void SchoolManagementApplciation.Tests.SqlControlTests::AddPrams_EmptyStringValue_StoredCorrectly()
FNDA:1,System.Void SchoolManagementApplciation.Tests.SqlControlTests::AddPrams_EmptyStringValue_StoredCorrectly()
DA:151,1
DA:152,1
DA:153,1
DA:154,1
DA:155,1
FN:158,System.Void SchoolManagementApplciation.Tests.SqlControlTests::AddPrams_BoolValue_StoredCorrectly()
FNDA:1,System.Void SchoolManagementApplciation.Tests.SqlControlTests::AddPrams_BoolValue_StoredCorrectly()
DA:159,1
DA:160,1
DA:161,1
DA:162,1
DA:163,1
FN:166,System.Void SchoolManagementApplciation.Tests.SqlControlTests::AddPrams_SequentialCalls_PreservesOrder()
FNDA:1,System.Void SchoolManagementApplciation.Tests.SqlControlTests::AddPrams_SequentialCalls_PreservesOrder()
DA:167,1
DA:168,1
DA:169,1
DA:170,1
DA:171,1
DA:172,1
DA:173,1
DA:174,1
DA:175,1
FN:182,System.Void SchoolManagementApplciation.Tests.SqlControlTests::ExecSql_WithInvalidConnection_SetsExepMessage()
FNDA:1,System.Void SchoolManagementApplciation.Tests.SqlControlTests::ExecSql_WithInvalidConnection_SetsExepMessage()
DA:183,1
DA:184,1
DA:185,1
DA:186,1
DA:187,1
DA:188,1
FN:191,System.Void SchoolManagementApplciation.Tests.SqlControlTests::ExecSql_WithInvalidConnection_CountRemainsZero()
FNDA:1,System.Void SchoolManagementApplciation.Tests.SqlControlTests::ExecSql_WithInvalidConnection_CountRemainsZero()
DA:192,1
DA:193,1
DA:194,1
DA:195,1
DA:196,1
FN:199,System.Void SchoolManagementApplciation.Tests.SqlControlTests::ExecSql_WithNoParams_ParamsListRemainsEmpty()
FNDA:1,System.Void SchoolManagementApplciation.Tests.SqlControlTests::ExecSql_WithNoParams_ParamsListRemainsEmpty()
DA:200,1
DA:202,1
DA:205,1
DA:208,1
DA:209,1
FN:212,System.Void SchoolManagementApplciation.Tests.SqlControlTests::ExecSql_WithOneParam_ParamRemainsAfterFailure()
FNDA:1,System.Void SchoolManagementApplciation.Tests.SqlControlTests::ExecSql_WithOneParam_ParamRemainsAfterFailure()
DA:213,1
DA:215,1
DA:216,1
DA:217,1
DA:219,1
DA:220,1
FN:223,System.Void SchoolManagementApplciation.Tests.SqlControlTests::ExecSql_WithMultipleParams_ParamsRemainAfterFailure()
FNDA:1,System.Void SchoolManagementApplciation.Tests.SqlControlTests::ExecSql_WithMultipleParams_ParamsRemainAfterFailure()
DA:224,1
DA:225,1
DA:226,1
DA:227,1
DA:228,1
DA:229,1
DA:231,1
DA:232,1
FN:235,System.Void SchoolManagementApplciation.Tests.SqlControlTests::ExecSql_ResetsExepBeforeExecution()
FNDA:1,System.Void SchoolManagementApplciation.Tests.SqlControlTests::ExecSql_ResetsExepBeforeExecution()
DA:236,1
DA:237,1
DA:238,1
DA:239,1
DA:240,1
DA:241,1
FN:244,System.Void SchoolManagementApplciation.Tests.SqlControlTests::ExecSql_ResetsCountToZeroBeforeExecution()
FNDA:1,System.Void SchoolManagementApplciation.Tests.SqlControlTests::ExecSql_ResetsCountToZeroBeforeExecution()
DA:245,1
DA:246,1
DA:247,1
DA:248,1
DA:249,1
FN:252,System.Void SchoolManagementApplciation.Tests.SqlControlTests::ExecSql_MultipleCallsInSequence_EachResetsState()
FNDA:1,System.Void SchoolManagementApplciation.Tests.SqlControlTests::ExecSql_MultipleCallsInSequence_EachResetsState()
DA:253,1
DA:254,1
DA:255,1
DA:256,1
DA:257,1
DA:258,1
DA:259,1
DA:260,1
DA:261,1
FN:264,System.Void SchoolManagementApplciation.Tests.SqlControlTests::ExecSql_AfterFailure_DataSetIsReset()
FNDA:1,System.Void SchoolManagementApplciation.Tests.SqlControlTests::ExecSql_AfterFailure_DataSetIsReset()
DA:265,1
DA:266,1
DA:267,1
DA:268,1
DA:269,1
FN:276,System.Void SchoolManagementApplciation.Tests.SqlControlTests::ExecProc_WithInvalidConnection_SetsExepMessage()
FNDA:1,System.Void SchoolManagementApplciation.Tests.SqlControlTests::ExecProc_WithInvalidConnection_SetsExepMessage()
DA:277,1
DA:278,1
DA:279,1
DA:280,1
DA:281,1
DA:282,1
FN:285,System.Void SchoolManagementApplciation.Tests.SqlControlTests::ExecProc_WithInvalidConnection_CountRemainsZero()
FNDA:1,System.Void SchoolManagementApplciation.Tests.SqlControlTests::ExecProc_WithInvalidConnection_CountRemainsZero()
DA:286,1
DA:287,1
DA:288,1
DA:289,1
DA:290,1
FN:293,System.Void SchoolManagementApplciation.Tests.SqlControlTests::ExecProc_WithNoParams_ParamsListRemainsEmpty()
FNDA:1,System.Void SchoolManagementApplciation.Tests.SqlControlTests::ExecProc_WithNoParams_ParamsListRemainsEmpty()
DA:294,1
DA:295,1
DA:296,1
DA:297,1
DA:298,1
FN:301,System.Void SchoolManagementApplciation.Tests.SqlControlTests::ExecProc_WithParams_ParamsRemainAfterFailure()
FNDA:1,System.Void SchoolManagementApplciation.Tests.SqlControlTests::ExecProc_WithParams_ParamsRemainAfterFailure()
DA:302,1
DA:304,1
DA:305,1
DA:306,1
DA:307,1
DA:309,1
DA:310,1
FN:313,System.Void SchoolManagementApplciation.Tests.SqlControlTests::ExecProc_WithMultipleParams_ParamsRemainAfterFailure()
FNDA:1,System.Void SchoolManagementApplciation.Tests.SqlControlTests::ExecProc_WithMultipleParams_ParamsRemainAfterFailure()
DA:314,1
DA:315,1
DA:316,1
DA:317,1
DA:318,1
DA:319,1
DA:320,1
FN:323,System.Void SchoolManagementApplciation.Tests.SqlControlTests::ExecProc_ResetsExepBeforeExecution()
FNDA:1,System.Void SchoolManagementApplciation.Tests.SqlControlTests::ExecProc_ResetsExepBeforeExecution()
DA:324,1
DA:325,1
DA:326,1
DA:327,1
DA:328,1
DA:329,1
FN:332,System.Void SchoolManagementApplciation.Tests.SqlControlTests::ExecProc_ResetsCountToZeroBeforeExecution()
FNDA:1,System.Void SchoolManagementApplciation.Tests.SqlControlTests::ExecProc_ResetsCountToZeroBeforeExecution()
DA:333,1
DA:334,1
DA:335,1
DA:336,1
DA:337,1
FN:340,System.Void SchoolManagementApplciation.Tests.SqlControlTests::ExecProc_MultipleCallsInSequence_EachResetsState()
FNDA:1,System.Void SchoolManagementApplciation.Tests.SqlControlTests::ExecProc_MultipleCallsInSequence_EachResetsState()
DA:341,1
DA:342,1
DA:343,1
DA:344,1
DA:345,1
DA:346,1
DA:347,1
DA:348,1
DA:349,1
FN:356,System.Void SchoolManagementApplciation.Tests.SqlControlTests::TwoInstances_HaveIndependentParamLists()
FNDA:1,System.Void SchoolManagementApplciation.Tests.SqlControlTests::TwoInstances_HaveIndependentParamLists()
DA:357,1
DA:358,1
DA:359,1
DA:360,1
DA:361,1
DA:362,1
DA:363,1
FN:366,System.Void SchoolManagementApplciation.Tests.SqlControlTests::AddPrams_SingleParam_ThenExecSql_ParamRemainsOnFailure()
FNDA:1,System.Void SchoolManagementApplciation.Tests.SqlControlTests::AddPrams_SingleParam_ThenExecSql_ParamRemainsOnFailure()
DA:367,1
DA:368,1
DA:369,1
DA:370,1
DA:372,1
DA:373,1
FN:376,System.Void SchoolManagementApplciation.Tests.SqlControlTests::AddPrams_SingleParam_ThenExecProc_ParamRemainsOnFailure()
FNDA:1,System.Void SchoolManagementApplciation.Tests.SqlControlTests::AddPrams_SingleParam_ThenExecProc_ParamRemainsOnFailure()
DA:377,1
DA:378,1
DA:379,1
DA:380,1
DA:382,1
DA:383,1
FN:386,System.Void SchoolManagementApplciation.Tests.SqlControlTests::DataSet_AfterConstruction_HasNoTables()
FNDA:1,System.Void SchoolManagementApplciation.Tests.SqlControlTests::DataSet_AfterConstruction_HasNoTables()
DA:387,1
DA:388,1
DA:389,1
DA:390,1
FN:393,System.Void SchoolManagementApplciation.Tests.SqlControlTests::ExecSql_ExepContainsConnectionErrorInfo()
FNDA:1,System.Void SchoolManagementApplciation.Tests.SqlControlTests::ExecSql_ExepContainsConnectionErrorInfo()
DA:394,1
DA:395,1
DA:396,1
DA:398,1
DA:399,1
FN:402,System.Void SchoolManagementApplciation.Tests.SqlControlTests::ExecProc_ExepContainsConnectionErrorInfo()
FNDA:1,System.Void SchoolManagementApplciation.Tests.SqlControlTests::ExecProc_ExepContainsConnectionErrorInfo()
DA:403,1
DA:404,1
DA:405,1
DA:406,1
DA:407,1
FN:410,System.Void SchoolManagementApplciation.Tests.SqlControlTests::AddPrams_LargeNumberOfParams_AllStored()
FNDA:1,System.Void SchoolManagementApplciation.Tests.SqlControlTests::AddPrams_LargeNumberOfParams_AllStored()
DA:411,1
DA:412,1
DA:413,42
DA:414,20
DA:415,1
DA:416,1
BRDA:413,73,1,20
BRDA:413,73,0,1
FN:419,System.Void SchoolManagementApplciation.Tests.SqlControlTests::AddPrams_NegativeIntValue_StoredCorrectly()
FNDA:1,System.Void SchoolManagementApplciation.Tests.SqlControlTests::AddPrams_NegativeIntValue_StoredCorrectly()
DA:420,1
DA:421,1
DA:422,1
DA:423,1
DA:424,1
FN:427,System.Void SchoolManagementApplciation.Tests.SqlControlTests::AddPrams_ZeroValue_StoredCorrectly()
FNDA:1,System.Void SchoolManagementApplciation.Tests.SqlControlTests::AddPrams_ZeroValue_StoredCorrectly()
DA:428,1
DA:429,1
DA:430,1
DA:431,1
DA:432,1
LF:244
LH:244
BRF:2
BRH:2
FNF:44
FNH:44
end_of_record